<?xml version="1.0" encoding="UTF-8"?>
<coverage generated="1757463002900" clover="3.2.0">
  <project timestamp="1757463002900" name="All files">
    <metrics statements="63" coveredstatements="63" conditionals="18" coveredconditionals="18" methods="20" coveredmethods="20" elements="101" coveredelements="101" complexity="0" loc="63" ncloc="63" packages="1" files="2" classes="2"/>
    <file name="MonitoringService.ts" path="/Volumes/Development/nofx-vscode/src/services/MonitoringService.ts">
      <metrics statements="18" coveredstatements="18" conditionals="2" coveredconditionals="2" methods="8" coveredmethods="8"/>
      <line num="8" count="1" type="stmt"/>
      <line num="10" count="34" type="stmt"/>
      <line num="11" count="34" type="stmt"/>
      <line num="14" count="36" type="cond" truecount="1" falsecount="0"/>
      <line num="15" count="34" type="stmt"/>
      <line num="17" count="36" type="stmt"/>
      <line num="21" count="10130" type="stmt"/>
      <line num="25" count="129" type="stmt"/>
      <line num="26" count="129" type="cond" truecount="1" falsecount="0"/>
      <line num="28" count="125" type="stmt"/>
      <line num="29" count="125" type="stmt"/>
      <line num="30" count="125" type="stmt"/>
      <line num="31" count="125" type="stmt"/>
      <line num="35" count="21029" type="stmt"/>
      <line num="39" count="27" type="stmt"/>
      <line num="43" count="10" type="stmt"/>
      <line num="47" count="103" type="stmt"/>
      <line num="48" count="103" type="stmt"/>
    </file>
    <file name="ServiceLocator.ts" path="/Volumes/Development/nofx-vscode/src/services/ServiceLocator.ts">
      <metrics statements="45" coveredstatements="45" conditionals="16" coveredconditionals="16" methods="12" coveredmethods="12"/>
      <line num="12" count="1" type="stmt"/>
      <line num="13" count="1" type="stmt"/>
      <line num="15" count="1" type="stmt"/>
      <line num="19" count="2" type="stmt"/>
      <line num="20" count="2" type="stmt"/>
      <line num="21" count="2" type="stmt"/>
      <line num="22" count="2" type="stmt"/>
      <line num="27" count="151" type="cond" truecount="1" falsecount="0"/>
      <line num="28" count="100" type="stmt"/>
      <line num="32" count="151" type="cond" truecount="1" falsecount="0"/>
      <line num="33" count="6" type="stmt"/>
      <line num="36" count="145" type="stmt"/>
      <line num="37" count="145" type="stmt"/>
      <line num="43" count="145" type="cond" truecount="2" falsecount="0"/>
      <line num="45" count="145" type="stmt"/>
      <line num="46" count="145" type="cond" truecount="1" falsecount="0"/>
      <line num="47" count="3" type="stmt"/>
      <line num="48" count="3" type="stmt"/>
      <line num="52" count="142" type="cond" truecount="3" falsecount="0"/>
      <line num="53" count="3" type="stmt"/>
      <line num="57" count="139" type="cond" truecount="1" falsecount="0"/>
      <line num="58" count="2" type="stmt"/>
      <line num="59" count="1" type="stmt"/>
      <line num="60" count="1" type="stmt"/>
      <line num="63" count="137" type="stmt"/>
      <line num="68" count="8" type="stmt"/>
      <line num="69" count="8" type="cond" truecount="1" falsecount="0"/>
      <line num="70" count="4" type="stmt"/>
      <line num="74" count="4" type="cond" truecount="1" falsecount="0"/>
      <line num="75" count="2" type="stmt"/>
      <line num="76" count="1" type="stmt"/>
      <line num="77" count="1" type="stmt"/>
      <line num="80" count="2" type="stmt"/>
      <line num="85" count="6" type="stmt"/>
      <line num="90" count="7" type="stmt"/>
      <line num="91" count="7" type="stmt"/>
      <line num="92" count="3" type="stmt"/>
      <line num="97" count="34" type="stmt"/>
      <line num="98" count="34" type="stmt"/>
      <line num="99" count="34" type="stmt"/>
      <line num="103" count="1" type="stmt"/>
      <line num="108" count="1" type="stmt"/>
      <line num="116" count="151" type="cond" truecount="3" falsecount="0"/>
      <line num="120" count="142" type="stmt"/>
      <line num="124" count="8" type="cond" truecount="2" falsecount="0"/>
    </file>
  </project>
</coverage>
