{"/Volumes/Development/nofx-vscode/src/services/MonitoringService.ts": {"path":"/Volumes/Development/nofx-vscode/src/services/MonitoringService.ts","statementMap":{"0":{"start":{"line":10,"column":12},"end":{"line":10,"column":48}},"1":{"start":{"line":11,"column":12},"end":{"line":11,"column":51}},"2":{"start":{"line":14,"column":8},"end":{"line":16,"column":9}},"3":{"start":{"line":15,"column":12},"end":{"line":15,"column":52}},"4":{"start":{"line":17,"column":8},"end":{"line":17,"column":29}},"5":{"start":{"line":21,"column":8},"end":{"line":21,"column":46}},"6":{"start":{"line":25,"column":22},"end":{"line":25,"column":47}},"7":{"start":{"line":26,"column":8},"end":{"line":26,"column":29}},"8":{"start":{"line":26,"column":20},"end":{"line":26,"column":29}},"9":{"start":{"line":28,"column":25},"end":{"line":28,"column":43}},"10":{"start":{"line":29,"column":8},"end":{"line":29,"column":41}},"11":{"start":{"line":30,"column":8},"end":{"line":30,"column":37}},"12":{"start":{"line":31,"column":8},"end":{"line":31,"column":24}},"13":{"start":{"line":35,"column":8},"end":{"line":35,"column":38}},"14":{"start":{"line":39,"column":8},"end":{"line":39,"column":38}},"15":{"start":{"line":43,"column":8},"end":{"line":43,"column":37}},"16":{"start":{"line":47,"column":8},"end":{"line":47,"column":29}},"17":{"start":{"line":48,"column":8},"end":{"line":48,"column":32}},"18":{"start":{"line":8,"column":0},"end":{"line":8,"column":13}}},"fnMap":{"0":{"name":"(anonymous_0)","decl":{"start":{"line":8,"column":0},"end":{"line":8,"column":13}},"loc":{"start":{"line":8,"column":0},"end":{"line":50,"column":1}}},"1":{"name":"(anonymous_1)","decl":{"start":{"line":13,"column":4},"end":{"line":13,"column":10}},"loc":{"start":{"line":13,"column":22},"end":{"line":18,"column":5}}},"2":{"name":"(anonymous_2)","decl":{"start":{"line":20,"column":4},"end":{"line":20,"column":14}},"loc":{"start":{"line":20,"column":27},"end":{"line":22,"column":5}}},"3":{"name":"(anonymous_3)","decl":{"start":{"line":24,"column":4},"end":{"line":24,"column":12}},"loc":{"start":{"line":24,"column":25},"end":{"line":32,"column":5}}},"4":{"name":"(anonymous_4)","decl":{"start":{"line":34,"column":4},"end":{"line":34,"column":16}},"loc":{"start":{"line":34,"column":44},"end":{"line":36,"column":5}}},"5":{"name":"(anonymous_5)","decl":{"start":{"line":38,"column":4},"end":{"line":38,"column":13}},"loc":{"start":{"line":38,"column":26},"end":{"line":40,"column":5}}},"6":{"name":"(anonymous_6)","decl":{"start":{"line":42,"column":4},"end":{"line":42,"column":17}},"loc":{"start":{"line":42,"column":17},"end":{"line":44,"column":5}}},"7":{"name":"(anonymous_7)","decl":{"start":{"line":46,"column":4},"end":{"line":46,"column":9}},"loc":{"start":{"line":46,"column":9},"end":{"line":49,"column":5}}}},"branchMap":{"0":{"loc":{"start":{"line":14,"column":8},"end":{"line":16,"column":9}},"type":"if","locations":[{"start":{"line":14,"column":8},"end":{"line":16,"column":9}}]},"1":{"loc":{"start":{"line":26,"column":8},"end":{"line":26,"column":29}},"type":"if","locations":[{"start":{"line":26,"column":8},"end":{"line":26,"column":29}}]}},"s":{"0":34,"1":34,"2":36,"3":34,"4":36,"5":10130,"6":129,"7":129,"8":4,"9":125,"10":125,"11":125,"12":125,"13":21029,"14":27,"15":10,"16":103,"17":103,"18":1},"f":{"0":34,"1":36,"2":10130,"3":129,"4":21029,"5":27,"6":10,"7":103},"b":{"0":[34],"1":[4]}}
,"/Volumes/Development/nofx-vscode/src/services/ServiceLocator.ts": {"path":"/Volumes/Development/nofx-vscode/src/services/ServiceLocator.ts","statementMap":{"0":{"start":{"line":19,"column":8},"end":{"line":19,"column":31}},"1":{"start":{"line":20,"column":8},"end":{"line":20,"column":30}},"2":{"start":{"line":21,"column":8},"end":{"line":21,"column":34}},"3":{"start":{"line":22,"column":8},"end":{"line":22,"column":53}},"4":{"start":{"line":27,"column":8},"end":{"line":29,"column":9}},"5":{"start":{"line":28,"column":12},"end":{"line":28,"column":86}},"6":{"start":{"line":32,"column":8},"end":{"line":34,"column":9}},"7":{"start":{"line":33,"column":12},"end":{"line":33,"column":65}},"8":{"start":{"line":36,"column":8},"end":{"line":36,"column":42}},"9":{"start":{"line":37,"column":8},"end":{"line":37,"column":53}},"10":{"start":{"line":43,"column":8},"end":{"line":43,"column":76}},"11":{"start":{"line":45,"column":22},"end":{"line":45,"column":45}},"12":{"start":{"line":46,"column":8},"end":{"line":49,"column":9}},"13":{"start":{"line":47,"column":30},"end":{"line":47,"column":73}},"14":{"start":{"line":48,"column":12},"end":{"line":48,"column":87}},"15":{"start":{"line":52,"column":8},"end":{"line":54,"column":9}},"16":{"start":{"line":53,"column":12},"end":{"line":53,"column":86}},"17":{"start":{"line":57,"column":8},"end":{"line":61,"column":9}},"18":{"start":{"line":58,"column":29},"end":{"line":58,"column":38}},"19":{"start":{"line":59,"column":12},"end":{"line":59,"column":46}},"20":{"start":{"line":60,"column":12},"end":{"line":60,"column":28}},"21":{"start":{"line":63,"column":8},"end":{"line":63,"column":23}},"22":{"start":{"line":68,"column":22},"end":{"line":68,"column":45}},"23":{"start":{"line":69,"column":8},"end":{"line":71,"column":9}},"24":{"start":{"line":70,"column":12},"end":{"line":70,"column":29}},"25":{"start":{"line":74,"column":8},"end":{"line":78,"column":9}},"26":{"start":{"line":75,"column":29},"end":{"line":75,"column":38}},"27":{"start":{"line":76,"column":12},"end":{"line":76,"column":46}},"28":{"start":{"line":77,"column":12},"end":{"line":77,"column":28}},"29":{"start":{"line":80,"column":8},"end":{"line":80,"column":23}},"30":{"start":{"line":85,"column":8},"end":{"line":85,"column":55}},"31":{"start":{"line":90,"column":8},"end":{"line":92,"column":59}},"32":{"start":{"line":91,"column":40},"end":{"line":91,"column":71}},"33":{"start":{"line":92,"column":28},"end":{"line":92,"column":57}},"34":{"start":{"line":97,"column":8},"end":{"line":97,"column":30}},"35":{"start":{"line":98,"column":8},"end":{"line":98,"column":34}},"36":{"start":{"line":99,"column":8},"end":{"line":99,"column":49}},"37":{"start":{"line":116,"column":8},"end":{"line":116,"column":71}},"38":{"start":{"line":120,"column":8},"end":{"line":120,"column":50}},"39":{"start":{"line":124,"column":8},"end":{"line":124,"column":71}},"40":{"start":{"line":12,"column":0},"end":{"line":12,"column":13}},"41":{"start":{"line":13,"column":19},"end":{"line":13,"column":53}},"42":{"start":{"line":15,"column":19},"end":{"line":15,"column":60}},"43":{"start":{"line":103,"column":28},"end":{"line":106,"column":7}},"44":{"start":{"line":108,"column":28},"end":{"line":112,"column":7}}},"fnMap":{"0":{"name":"(anonymous_0)","decl":{"start":{"line":18,"column":4},"end":{"line":18,"column":10}},"loc":{"start":{"line":18,"column":54},"end":{"line":23,"column":5}}},"1":{"name":"(anonymous_1)","decl":{"start":{"line":26,"column":4},"end":{"line":26,"column":10}},"loc":{"start":{"line":26,"column":48},"end":{"line":38,"column":5}}},"2":{"name":"(anonymous_2)","decl":{"start":{"line":41,"column":4},"end":{"line":41,"column":10}},"loc":{"start":{"line":41,"column":50},"end":{"line":64,"column":5}}},"3":{"name":"(anonymous_3)","decl":{"start":{"line":67,"column":4},"end":{"line":67,"column":10}},"loc":{"start":{"line":67,"column":33},"end":{"line":81,"column":5}}},"4":{"name":"(anonymous_4)","decl":{"start":{"line":84,"column":4},"end":{"line":84,"column":10}},"loc":{"start":{"line":84,"column":23},"end":{"line":86,"column":5}}},"5":{"name":"(anonymous_5)","decl":{"start":{"line":89,"column":4},"end":{"line":89,"column":10}},"loc":{"start":{"line":89,"column":31},"end":{"line":93,"column":5}}},"6":{"name":"(anonymous_6)","decl":{"start":{"line":91,"column":17},"end":{"line":91,"column":18}},"loc":{"start":{"line":91,"column":40},"end":{"line":91,"column":71}}},"7":{"name":"(anonymous_7)","decl":{"start":{"line":92,"column":18},"end":{"line":92,"column":19}},"loc":{"start":{"line":92,"column":28},"end":{"line":92,"column":57}}},"8":{"name":"(anonymous_8)","decl":{"start":{"line":96,"column":4},"end":{"line":96,"column":10}},"loc":{"start":{"line":96,"column":16},"end":{"line":100,"column":5}}},"9":{"name":"(anonymous_9)","decl":{"start":{"line":114,"column":12},"end":{"line":114,"column":18}},"loc":{"start":{"line":114,"column":50},"end":{"line":117,"column":5}}},"10":{"name":"(anonymous_10)","decl":{"start":{"line":119,"column":12},"end":{"line":119,"column":18}},"loc":{"start":{"line":119,"column":51},"end":{"line":121,"column":5}}},"11":{"name":"(anonymous_11)","decl":{"start":{"line":123,"column":12},"end":{"line":123,"column":18}},"loc":{"start":{"line":123,"column":59},"end":{"line":125,"column":5}}}},"branchMap":{"0":{"loc":{"start":{"line":27,"column":8},"end":{"line":29,"column":9}},"type":"if","locations":[{"start":{"line":27,"column":8},"end":{"line":29,"column":9}}]},"1":{"loc":{"start":{"line":32,"column":8},"end":{"line":34,"column":9}},"type":"if","locations":[{"start":{"line":32,"column":8},"end":{"line":34,"column":9}}]},"2":{"loc":{"start":{"line":43,"column":37},"end":{"line":43,"column":69}},"type":"binary-expr","locations":[{"start":{"line":43,"column":37},"end":{"line":43,"column":64}},{"start":{"line":43,"column":68},"end":{"line":43,"column":69}}]},"3":{"loc":{"start":{"line":46,"column":8},"end":{"line":49,"column":9}},"type":"if","locations":[{"start":{"line":46,"column":8},"end":{"line":49,"column":9}}]},"4":{"loc":{"start":{"line":52,"column":8},"end":{"line":54,"column":9}},"type":"if","locations":[{"start":{"line":52,"column":8},"end":{"line":54,"column":9}}]},"5":{"loc":{"start":{"line":52,"column":12},"end":{"line":52,"column":84}},"type":"binary-expr","locations":[{"start":{"line":52,"column":12},"end":{"line":52,"column":42}},{"start":{"line":52,"column":46},"end":{"line":52,"column":84}}]},"6":{"loc":{"start":{"line":57,"column":8},"end":{"line":61,"column":9}},"type":"if","locations":[{"start":{"line":57,"column":8},"end":{"line":61,"column":9}}]},"7":{"loc":{"start":{"line":69,"column":8},"end":{"line":71,"column":9}},"type":"if","locations":[{"start":{"line":69,"column":8},"end":{"line":71,"column":9}}]},"8":{"loc":{"start":{"line":74,"column":8},"end":{"line":78,"column":9}},"type":"if","locations":[{"start":{"line":74,"column":8},"end":{"line":78,"column":9}}]},"9":{"loc":{"start":{"line":116,"column":18},"end":{"line":116,"column":69}},"type":"binary-expr","locations":[{"start":{"line":116,"column":18},"end":{"line":116,"column":22}},{"start":{"line":116,"column":26},"end":{"line":116,"column":41}},{"start":{"line":116,"column":45},"end":{"line":116,"column":69}}]},"10":{"loc":{"start":{"line":124,"column":15},"end":{"line":124,"column":70}},"type":"binary-expr","locations":[{"start":{"line":124,"column":15},"end":{"line":124,"column":25}},{"start":{"line":124,"column":29},"end":{"line":124,"column":70}}]}},"s":{"0":2,"1":2,"2":2,"3":2,"4":151,"5":100,"6":151,"7":6,"8":145,"9":145,"10":145,"11":145,"12":145,"13":3,"14":3,"15":142,"16":3,"17":139,"18":2,"19":1,"20":1,"21":137,"22":8,"23":8,"24":4,"25":4,"26":2,"27":1,"28":1,"29":2,"30":6,"31":7,"32":7,"33":3,"34":34,"35":34,"36":34,"37":151,"38":142,"39":8,"40":1,"41":1,"42":1,"43":1,"44":1},"f":{"0":2,"1":151,"2":145,"3":8,"4":6,"5":7,"6":7,"7":3,"8":34,"9":151,"10":142,"11":8},"b":{"0":[100],"1":[6],"2":[145,26],"3":[3],"4":[3],"5":[142,8],"6":[2],"7":[4],"8":[2],"9":[151,147,145],"10":[8,7]}}
}
