TN:
SF:src/agents/AgentManager.ts
FN:26,(anonymous_9)
FN:33,(anonymous_10)
FN:55,(anonymous_11)
FN:86,(anonymous_12)
FN:143,(anonymous_13)
FN:147,(anonymous_14)
FN:221,(anonymous_15)
FN:250,(anonymous_16)
FN:256,(anonymous_17)
FN:345,(anonymous_18)
FN:365,(anonymous_19)
FN:372,(anonymous_20)
FN:384,(anonymous_21)
FN:403,(anonymous_22)
FN:418,(anonymous_23)
FN:428,(anonymous_24)
FN:459,(anonymous_25)
FN:495,(anonymous_26)
FN:499,(anonymous_27)
FN:503,(anonymous_28)
FN:505,(anonymous_29)
FN:509,(anonymous_30)
FN:515,(anonymous_31)
FN:522,(anonymous_32)
FN:526,(anonymous_33)
FN:527,(anonymous_34)
FN:528,(anonymous_35)
FN:529,(anonymous_36)
FN:533,(anonymous_37)
FN:542,(anonymous_38)
FN:546,(anonymous_39)
FN:568,(anonymous_40)
FN:590,(anonymous_41)
FN:596,(anonymous_42)
FN:604,(anonymous_43)
FN:612,(anonymous_44)
FN:617,(anonymous_45)
FN:621,(anonymous_46)
FN:633,(anonymous_47)
FN:644,(anonymous_48)
FN:652,(anonymous_49)
FN:660,(anonymous_50)
FNF:42
FNH:0
FNDA:0,(anonymous_9)
FNDA:0,(anonymous_10)
FNDA:0,(anonymous_11)
FNDA:0,(anonymous_12)
FNDA:0,(anonymous_13)
FNDA:0,(anonymous_14)
FNDA:0,(anonymous_15)
FNDA:0,(anonymous_16)
FNDA:0,(anonymous_17)
FNDA:0,(anonymous_18)
FNDA:0,(anonymous_19)
FNDA:0,(anonymous_20)
FNDA:0,(anonymous_21)
FNDA:0,(anonymous_22)
FNDA:0,(anonymous_23)
FNDA:0,(anonymous_24)
FNDA:0,(anonymous_25)
FNDA:0,(anonymous_26)
FNDA:0,(anonymous_27)
FNDA:0,(anonymous_28)
FNDA:0,(anonymous_29)
FNDA:0,(anonymous_30)
FNDA:0,(anonymous_31)
FNDA:0,(anonymous_32)
FNDA:0,(anonymous_33)
FNDA:0,(anonymous_34)
FNDA:0,(anonymous_35)
FNDA:0,(anonymous_36)
FNDA:0,(anonymous_37)
FNDA:0,(anonymous_38)
FNDA:0,(anonymous_39)
FNDA:0,(anonymous_40)
FNDA:0,(anonymous_41)
FNDA:0,(anonymous_42)
FNDA:0,(anonymous_43)
FNDA:0,(anonymous_44)
FNDA:0,(anonymous_45)
FNDA:0,(anonymous_46)
FNDA:0,(anonymous_47)
FNDA:0,(anonymous_48)
FNDA:0,(anonymous_49)
FNDA:0,(anonymous_50)
DA:1,0
DA:5,0
DA:7,0
DA:8,0
DA:11,0
DA:12,0
DA:13,0
DA:14,0
DA:27,0
DA:28,0
DA:44,0
DA:45,0
DA:46,0
DA:47,0
DA:48,0
DA:49,0
DA:50,0
DA:51,0
DA:52,0
DA:55,0
DA:57,0
DA:58,0
DA:61,0
DA:62,0
DA:64,0
DA:65,0
DA:66,0
DA:67,0
DA:68,0
DA:71,0
DA:72,0
DA:73,0
DA:76,0
DA:80,0
DA:83,0
DA:87,0
DA:88,0
DA:92,0
DA:93,0
DA:95,0
DA:96,0
DA:98,0
DA:102,0
DA:105,0
DA:107,0
DA:110,0
DA:113,0
DA:114,0
DA:121,0
DA:122,0
DA:123,0
DA:124,0
DA:125,0
DA:127,0
DA:128,0
DA:133,0
DA:134,0
DA:135,0
DA:137,0
DA:138,0
DA:144,0
DA:148,0
DA:150,0
DA:151,0
DA:152,0
DA:153,0
DA:155,0
DA:158,0
DA:159,0
DA:161,0
DA:162,0
DA:163,0
DA:165,0
DA:169,0
DA:175,0
DA:176,0
DA:177,0
DA:178,0
DA:180,0
DA:186,0
DA:189,0
DA:190,0
DA:193,0
DA:194,0
DA:195,0
DA:196,0
DA:197,0
DA:198,0
DA:202,0
DA:204,0
DA:205,0
DA:209,0
DA:210,0
DA:215,0
DA:218,0
DA:222,0
DA:223,0
DA:227,0
DA:230,0
DA:233,0
DA:239,0
DA:242,0
DA:243,0
DA:247,0
DA:249,0
DA:250,0
DA:252,0
DA:257,0
DA:259,0
DA:260,0
DA:261,0
DA:262,0
DA:263,0
DA:265,0
DA:267,0
DA:268,0
DA:269,0
DA:270,0
DA:273,0
DA:275,0
DA:276,0
DA:277,0
DA:278,0
DA:281,0
DA:284,0
DA:287,0
DA:288,0
DA:289,0
DA:292,0
DA:298,0
DA:299,0
DA:303,0
DA:304,0
DA:305,0
DA:309,0
DA:312,0
DA:313,0
DA:314,0
DA:315,0
DA:321,0
DA:324,0
DA:326,0
DA:329,0
DA:330,0
DA:331,0
DA:332,0
DA:333,0
DA:337,0
DA:338,0
DA:341,0
DA:342,0
DA:346,0
DA:347,0
DA:352,0
DA:358,0
DA:359,0
DA:366,0
DA:367,0
DA:368,0
DA:370,0
DA:371,0
DA:372,0
DA:373,0
DA:375,0
DA:378,0
DA:379,0
DA:381,0
DA:385,0
DA:388,0
DA:389,0
DA:391,0
DA:395,0
DA:396,0
DA:397,0
DA:398,0
DA:401,0
DA:402,0
DA:403,0
DA:404,0
DA:406,0
DA:410,0
DA:411,0
DA:412,0
DA:413,0
DA:415,0
DA:421,0
DA:425,0
DA:429,0
DA:431,0
DA:434,0
DA:435,0
DA:436,0
DA:437,0
DA:440,0
DA:441,0
DA:442,0
DA:446,0
DA:448,0
DA:449,0
DA:452,0
DA:453,0
DA:460,0
DA:461,0
DA:463,0
DA:464,0
DA:465,0
DA:466,0
DA:470,0
DA:472,0
DA:474,0
DA:480,0
DA:481,0
DA:484,0
DA:485,0
DA:489,0
DA:491,0
DA:496,0
DA:500,0
DA:504,0
DA:505,0
DA:507,0
DA:508,0
DA:509,0
DA:512,0
DA:516,0
DA:517,0
DA:519,0
DA:523,0
DA:524,0
DA:526,0
DA:527,0
DA:528,0
DA:529,0
DA:534,0
DA:535,0
DA:536,0
DA:539,0
DA:543,0
DA:544,0
DA:546,0
DA:547,0
DA:548,0
DA:550,0
DA:551,0
DA:552,0
DA:557,0
DA:561,0
DA:563,0
DA:565,0
DA:569,0
DA:570,0
DA:571,0
DA:573,0
DA:579,0
DA:584,0
DA:585,0
DA:586,0
DA:591,0
DA:592,0
DA:593,0
DA:597,0
DA:598,0
DA:599,0
DA:600,0
DA:605,0
DA:606,0
DA:607,0
DA:608,0
DA:614,0
DA:618,0
DA:622,0
DA:624,0
DA:625,0
DA:626,0
DA:628,0
DA:629,0
DA:634,0
DA:636,0
DA:637,0
DA:639,0
DA:640,0
DA:646,0
DA:649,0
DA:652,0
DA:655,0
DA:656,0
DA:657,0
DA:660,0
DA:661,0
DA:663,0
LF:290
LH:0
BRDA:57,0,0,0
BRDA:62,1,0,0
BRDA:64,2,0,0
BRDA:64,3,0,0
BRDA:64,3,1,0
BRDA:71,4,0,0
BRDA:86,5,0,0
BRDA:87,6,0,0
BRDA:87,7,0,0
BRDA:87,7,1,0
BRDA:93,8,0,0
BRDA:93,8,1,0
BRDA:95,9,0,0
BRDA:95,9,1,0
BRDA:113,10,0,0
BRDA:121,11,0,0
BRDA:121,11,1,0
BRDA:123,12,0,0
BRDA:127,13,0,0
BRDA:127,13,1,0
BRDA:133,14,0,0
BRDA:137,15,0,0
BRDA:147,16,0,0
BRDA:150,17,0,0
BRDA:152,18,0,0
BRDA:161,19,0,0
BRDA:162,20,0,0
BRDA:169,21,0,0
BRDA:169,21,1,0
BRDA:175,22,0,0
BRDA:175,23,0,0
BRDA:175,23,1,0
BRDA:189,24,0,0
BRDA:189,24,1,0
BRDA:190,25,0,0
BRDA:190,25,1,0
BRDA:194,26,0,0
BRDA:196,27,0,0
BRDA:204,28,0,0
BRDA:204,28,1,0
BRDA:209,29,0,0
BRDA:222,30,0,0
BRDA:242,31,0,0
BRDA:260,32,0,0
BRDA:267,33,0,0
BRDA:275,34,0,0
BRDA:294,35,0,0
BRDA:294,35,1,0
BRDA:298,36,0,0
BRDA:303,37,0,0
BRDA:341,38,0,0
BRDA:346,39,0,0
BRDA:370,40,0,0
BRDA:370,41,0,0
BRDA:370,41,1,0
BRDA:388,42,0,0
BRDA:388,42,1,0
BRDA:388,43,0,0
BRDA:388,43,1,0
BRDA:401,44,0,0
BRDA:401,45,0,0
BRDA:401,45,1,0
BRDA:431,46,0,0
BRDA:440,47,0,0
BRDA:452,48,0,0
BRDA:461,49,0,0
BRDA:463,50,0,0
BRDA:472,51,0,0
BRDA:484,52,0,0
BRDA:508,53,0,0
BRDA:516,54,0,0
BRDA:535,55,0,0
BRDA:550,56,0,0
BRDA:550,57,0,0
BRDA:550,57,1,0
BRDA:550,57,2,0
BRDA:561,58,0,0
BRDA:561,58,1,0
BRDA:563,59,0,0
BRDA:569,60,0,0
BRDA:569,60,1,0
BRDA:585,61,0,0
BRDA:598,62,0,0
BRDA:606,63,0,0
BRDA:622,64,0,0
BRDA:628,65,0,0
BRDA:628,65,1,0
BRDA:634,66,0,0
BRDA:639,67,0,0
BRDA:639,67,1,0
BRF:90
BRH:0
end_of_record
TN:
SF:src/agents/AgentTemplateManager.ts
FN:43,(anonymous_9)
FN:52,(anonymous_10)
FN:62,(anonymous_11)
FN:72,(anonymous_12)
FN:140,(anonymous_13)
FN:145,(anonymous_14)
FN:160,(anonymous_15)
FN:177,(anonymous_16)
FN:181,(anonymous_17)
FN:186,(anonymous_18)
FN:191,(anonymous_19)
FN:197,(anonymous_20)
FN:201,(anonymous_21)
FN:205,(anonymous_22)
FN:223,(anonymous_23)
FN:227,(anonymous_24)
FN:242,(anonymous_25)
FN:253,(anonymous_26)
FN:270,(anonymous_27)
FN:288,(anonymous_28)
FN:334,(anonymous_29)
FNF:21
FNH:0
FNDA:0,(anonymous_9)
FNDA:0,(anonymous_10)
FNDA:0,(anonymous_11)
FNDA:0,(anonymous_12)
FNDA:0,(anonymous_13)
FNDA:0,(anonymous_14)
FNDA:0,(anonymous_15)
FNDA:0,(anonymous_16)
FNDA:0,(anonymous_17)
FNDA:0,(anonymous_18)
FNDA:0,(anonymous_19)
FNDA:0,(anonymous_20)
FNDA:0,(anonymous_21)
FNDA:0,(anonymous_22)
FNDA:0,(anonymous_23)
FNDA:0,(anonymous_24)
FNDA:0,(anonymous_25)
FNDA:0,(anonymous_26)
FNDA:0,(anonymous_27)
FNDA:0,(anonymous_28)
FNDA:0,(anonymous_29)
DA:1,0
DA:2,0
DA:3,0
DA:35,0
DA:38,0
DA:40,0
DA:41,0
DA:44,0
DA:45,0
DA:47,0
DA:48,0
DA:49,0
DA:53,0
DA:54,0
DA:55,0
DA:57,0
DA:58,0
DA:63,0
DA:64,0
DA:65,0
DA:66,0
DA:67,0
DA:73,0
DA:141,0
DA:144,0
DA:145,0
DA:147,0
DA:148,0
DA:149,0
DA:150,0
DA:151,0
DA:153,0
DA:158,0
DA:159,0
DA:160,0
DA:162,0
DA:163,0
DA:164,0
DA:165,0
DA:166,0
DA:167,0
DA:169,0
DA:174,0
DA:178,0
DA:179,0
DA:181,0
DA:182,0
DA:183,0
DA:186,0
DA:187,0
DA:188,0
DA:191,0
DA:192,0
DA:193,0
DA:198,0
DA:202,0
DA:206,0
DA:207,0
DA:209,0
DA:210,0
DA:214,0
DA:217,0
DA:218,0
DA:219,0
DA:224,0
DA:228,0
DA:229,0
DA:231,0
DA:232,0
DA:233,0
DA:234,0
DA:236,0
DA:237,0
DA:238,0
DA:243,0
DA:244,0
DA:246,0
DA:247,0
DA:248,0
DA:250,0
DA:254,0
DA:255,0
DA:256,0
DA:259,0
DA:260,0
DA:263,0
DA:265,0
DA:266,0
DA:271,0
DA:272,0
DA:274,0
DA:281,0
DA:282,0
DA:283,0
DA:284,0
DA:290,0
DA:292,0
DA:294,0
DA:295,0
DA:298,0
DA:299,0
DA:300,0
DA:305,0
DA:306,0
DA:307,0
DA:312,0
DA:313,0
DA:314,0
DA:319,0
DA:320,0
DA:321,0
DA:325,0
DA:326,0
DA:327,0
DA:331,0
DA:335,0
DA:336,0
LF:117
LH:0
BRDA:53,0,0,0
BRDA:57,1,0,0
BRDA:66,2,0,0
BRDA:158,3,0,0
BRDA:205,4,0,0
BRDA:206,5,0,0
BRDA:206,5,1,0
BRDA:209,6,0,0
BRDA:214,7,0,0
BRDA:223,8,0,0
BRDA:229,9,0,0
BRDA:232,10,0,0
BRDA:232,10,1,0
BRDA:233,11,0,0
BRDA:233,11,1,0
BRDA:236,12,0,0
BRDA:244,13,0,0
BRDA:259,14,0,0
BRDA:259,15,0,0
BRDA:259,15,1,0
BRDA:259,15,2,0
BRDA:272,16,0,0
BRDA:281,17,0,0
BRDA:299,18,0,0
BRDA:306,19,0,0
BRDA:313,20,0,0
BRDA:320,21,0,0
BRDA:325,22,0,0
BRF:28
BRH:0
end_of_record
TN:
SF:src/agents/templates.ts
FN:206,getAgentPrompt
FNF:1
FNH:0
FNDA:0,getAgentPrompt
DA:17,0
DA:132,0
DA:206,0
DA:207,0
DA:209,0
DA:210,0
DA:211,0
DA:212,0
DA:213,0
DA:216,0
LF:10
LH:0
BRDA:209,0,0,0
BRF:1
BRH:0
end_of_record
TN:
SF:src/commands/AgentCommands.ts
FN:20,(anonymous_9)
FN:28,(anonymous_10)
FN:37,(anonymous_11)
FN:66,(anonymous_12)
FN:68,(anonymous_13)
FN:78,(anonymous_14)
FN:93,(anonymous_15)
FN:102,(anonymous_16)
FN:123,(anonymous_17)
FN:176,(anonymous_18)
FN:215,(anonymous_19)
FN:223,(anonymous_20)
FN:251,(anonymous_21)
FN:259,(anonymous_22)
FN:336,(anonymous_23)
FN:347,(anonymous_24)
FN:378,(anonymous_25)
FN:385,(anonymous_26)
FNF:18
FNH:0
FNDA:0,(anonymous_9)
FNDA:0,(anonymous_10)
FNDA:0,(anonymous_11)
FNDA:0,(anonymous_12)
FNDA:0,(anonymous_13)
FNDA:0,(anonymous_14)
FNDA:0,(anonymous_15)
FNDA:0,(anonymous_16)
FNDA:0,(anonymous_17)
FNDA:0,(anonymous_18)
FNDA:0,(anonymous_19)
FNDA:0,(anonymous_20)
FNDA:0,(anonymous_21)
FNDA:0,(anonymous_22)
FNDA:0,(anonymous_23)
FNDA:0,(anonymous_24)
FNDA:0,(anonymous_25)
FNDA:0,(anonymous_26)
DA:1,0
DA:2,0
DA:13,0
DA:21,0
DA:22,0
DA:23,0
DA:24,0
DA:25,0
DA:30,0
DA:31,0
DA:32,0
DA:33,0
DA:34,0
DA:39,0
DA:54,0
DA:55,0
DA:58,0
DA:59,0
DA:60,0
DA:62,0
DA:68,0
DA:69,0
DA:70,0
DA:71,0
DA:72,0
DA:75,0
DA:76,0
DA:78,0
DA:84,0
DA:88,0
DA:89,0
DA:92,0
DA:93,0
DA:94,0
DA:95,0
DA:99,0
DA:103,0
DA:104,0
DA:106,0
DA:110,0
DA:111,0
DA:115,0
DA:120,0
DA:124,0
DA:167,0
DA:171,0
DA:172,0
DA:176,0
DA:178,0
DA:179,0
DA:180,0
DA:181,0
DA:184,0
DA:185,0
DA:186,0
DA:189,0
DA:190,0
DA:191,0
DA:192,0
DA:193,0
DA:194,0
DA:199,0
DA:206,0
DA:209,0
DA:212,0
DA:216,0
DA:217,0
DA:218,0
DA:219,0
DA:220,0
DA:223,0
DA:229,0
DA:233,0
DA:234,0
DA:237,0
DA:240,0
DA:245,0
DA:246,0
DA:247,0
DA:252,0
DA:253,0
DA:254,0
DA:255,0
DA:256,0
DA:259,0
DA:265,0
DA:269,0
DA:270,0
DA:273,0
DA:276,0
DA:277,0
DA:278,0
DA:279,0
DA:283,0
DA:289,0
DA:293,0
DA:294,0
DA:297,0
DA:299,0
DA:301,0
DA:305,0
DA:306,0
DA:308,0
DA:311,0
DA:315,0
DA:317,0
DA:319,0
DA:322,0
DA:323,0
DA:327,0
DA:330,0
DA:332,0
DA:337,0
DA:338,0
DA:339,0
DA:340,0
DA:341,0
DA:344,0
DA:345,0
DA:347,0
DA:353,0
DA:357,0
DA:358,0
DA:361,0
DA:365,0
DA:366,0
DA:367,0
DA:368,0
DA:371,0
DA:372,0
DA:374,0
DA:379,0
DA:380,0
LF:133
LH:0
BRDA:54,0,0,0
BRDA:59,1,0,0
BRDA:59,1,1,0
BRDA:70,2,0,0
BRDA:80,3,0,0
BRDA:80,3,1,0
BRDA:88,4,0,0
BRDA:94,5,0,0
BRDA:103,6,0,0
BRDA:103,7,0,0
BRDA:103,7,1,0
BRDA:110,8,0,0
BRDA:117,9,0,0
BRDA:117,9,1,0
BRDA:171,10,0,0
BRDA:179,11,0,0
BRDA:192,12,0,0
BRDA:196,13,0,0
BRDA:196,13,1,0
BRDA:206,14,0,0
BRDA:206,14,1,0
BRDA:216,15,0,0
BRDA:218,16,0,0
BRDA:233,17,0,0
BRDA:245,18,0,0
BRDA:252,19,0,0
BRDA:254,20,0,0
BRDA:269,21,0,0
BRDA:277,22,0,0
BRDA:293,23,0,0
BRDA:299,24,0,0
BRDA:299,24,1,0
BRDA:299,24,2,0
BRDA:305,25,0,0
BRDA:315,26,0,0
BRDA:322,27,0,0
BRDA:322,27,1,0
BRDA:327,28,0,0
BRDA:337,29,0,0
BRDA:339,30,0,0
BRDA:344,31,0,0
BRDA:344,31,1,0
BRDA:357,32,0,0
BRDA:366,33,0,0
BRDA:371,34,0,0
BRDA:371,34,1,0
BRDA:381,35,0,0
BRDA:381,35,1,0
BRF:48
BRH:0
end_of_record
TN:
SF:src/commands/PersistenceCommands.ts
FN:22,(anonymous_9)
FN:29,(anonymous_10)
FN:35,(anonymous_11)
FN:56,(anonymous_12)
FN:67,(anonymous_13)
FN:86,(anonymous_14)
FN:110,(anonymous_15)
FN:130,(anonymous_16)
FN:164,(anonymous_17)
FN:186,(anonymous_18)
FN:190,(anonymous_19)
FNF:11
FNH:0
FNDA:0,(anonymous_9)
FNDA:0,(anonymous_10)
FNDA:0,(anonymous_11)
FNDA:0,(anonymous_12)
FNDA:0,(anonymous_13)
FNDA:0,(anonymous_14)
FNDA:0,(anonymous_15)
FNDA:0,(anonymous_16)
FNDA:0,(anonymous_17)
FNDA:0,(anonymous_18)
FNDA:0,(anonymous_19)
DA:1,0
DA:2,0
DA:4,0
DA:5,0
DA:14,0
DA:16,0
DA:23,0
DA:24,0
DA:25,0
DA:26,0
DA:30,0
DA:31,0
DA:32,0
DA:36,0
DA:37,0
DA:38,0
DA:39,0
DA:42,0
DA:43,0
DA:45,0
DA:50,0
DA:51,0
DA:52,0
DA:57,0
DA:58,0
DA:59,0
DA:60,0
DA:64,0
DA:68,0
DA:69,0
DA:71,0
DA:72,0
DA:74,0
DA:78,0
DA:79,0
DA:82,0
DA:87,0
DA:88,0
DA:89,0
DA:91,0
DA:93,0
DA:98,0
DA:99,0
DA:100,0
DA:103,0
DA:111,0
DA:116,0
DA:117,0
DA:120,0
DA:121,0
DA:122,0
DA:123,0
DA:126,0
DA:131,0
DA:132,0
DA:135,0
DA:136,0
DA:139,0
DA:140,0
DA:141,0
DA:142,0
DA:143,0
DA:149,0
DA:150,0
DA:151,0
DA:152,0
DA:155,0
DA:157,0
DA:165,0
DA:167,0
DA:169,0
DA:170,0
DA:173,0
DA:174,0
DA:176,0
DA:178,0
DA:181,0
DA:187,0
LF:78
LH:0
BRDA:37,0,0,0
BRDA:50,1,0,0
BRDA:58,2,0,0
BRDA:68,3,0,0
BRDA:68,4,0,0
BRDA:68,4,1,0
BRDA:71,5,0,0
BRDA:78,6,0,0
BRDA:98,7,0,0
BRDA:104,8,0,0
BRDA:104,8,1,0
BRDA:116,9,0,0
BRDA:121,10,0,0
BRDA:158,11,0,0
BRDA:158,11,1,0
BRDA:169,12,0,0
BRDA:176,13,0,0
BRDA:176,13,1,0
BRF:18
BRH:0
end_of_record
TN:
SF:src/commands/TaskCommands.ts
FN:24,(anonymous_9)
FN:32,(anonymous_10)
FN:44,(anonymous_11)
FN:84,(anonymous_12)
FN:84,(anonymous_13)
FN:93,(anonymous_14)
FN:93,(anonymous_15)
FN:105,(anonymous_16)
FN:117,(anonymous_17)
FN:129,(anonymous_18)
FN:157,(anonymous_19)
FN:159,(anonymous_20)
FN:172,(anonymous_21)
FN:188,(anonymous_22)
FN:214,(anonymous_23)
FN:215,(anonymous_24)
FN:223,(anonymous_25)
FN:237,(anonymous_26)
FN:238,(anonymous_27)
FN:258,(anonymous_28)
FN:259,(anonymous_29)
FN:267,(anonymous_30)
FN:283,(anonymous_31)
FN:306,(anonymous_32)
FN:315,(anonymous_33)
FN:348,(anonymous_34)
FN:350,(anonymous_35)
FN:367,(anonymous_36)
FN:376,(anonymous_37)
FN:397,(anonymous_38)
FN:464,(anonymous_39)
FN:488,(anonymous_40)
FNF:32
FNH:0
FNDA:0,(anonymous_9)
FNDA:0,(anonymous_10)
FNDA:0,(anonymous_11)
FNDA:0,(anonymous_12)
FNDA:0,(anonymous_13)
FNDA:0,(anonymous_14)
FNDA:0,(anonymous_15)
FNDA:0,(anonymous_16)
FNDA:0,(anonymous_17)
FNDA:0,(anonymous_18)
FNDA:0,(anonymous_19)
FNDA:0,(anonymous_20)
FNDA:0,(anonymous_21)
FNDA:0,(anonymous_22)
FNDA:0,(anonymous_23)
FNDA:0,(anonymous_24)
FNDA:0,(anonymous_25)
FNDA:0,(anonymous_26)
FNDA:0,(anonymous_27)
FNDA:0,(anonymous_28)
FNDA:0,(anonymous_29)
FNDA:0,(anonymous_30)
FNDA:0,(anonymous_31)
FNDA:0,(anonymous_32)
FNDA:0,(anonymous_33)
FNDA:0,(anonymous_34)
FNDA:0,(anonymous_35)
FNDA:0,(anonymous_36)
FNDA:0,(anonymous_37)
FNDA:0,(anonymous_38)
FNDA:0,(anonymous_39)
FNDA:0,(anonymous_40)
DA:1,0
DA:4,0
DA:12,0
DA:17,0
DA:25,0
DA:26,0
DA:27,0
DA:28,0
DA:29,0
DA:33,0
DA:34,0
DA:35,0
DA:36,0
DA:37,0
DA:38,0
DA:39,0
DA:40,0
DA:41,0
DA:45,0
DA:50,0
DA:51,0
DA:55,0
DA:56,0
DA:57,0
DA:58,0
DA:59,0
DA:63,0
DA:69,0
DA:73,0
DA:74,0
DA:78,0
DA:84,0
DA:87,0
DA:93,0
DA:96,0
DA:102,0
DA:105,0
DA:106,0
DA:108,0
DA:109,0
DA:116,0
DA:117,0
DA:123,0
DA:128,0
DA:129,0
DA:135,0
DA:146,0
DA:148,0
DA:151,0
DA:153,0
DA:159,0
DA:161,0
DA:162,0
DA:163,0
DA:168,0
DA:169,0
DA:172,0
DA:179,0
DA:183,0
DA:184,0
DA:187,0
DA:188,0
DA:189,0
DA:190,0
DA:191,0
DA:193,0
DA:197,0
DA:199,0
DA:201,0
DA:202,0
DA:205,0
DA:207,0
DA:215,0
DA:217,0
DA:218,0
DA:219,0
DA:223,0
DA:229,0
DA:233,0
DA:236,0
DA:237,0
DA:238,0
DA:244,0
DA:248,0
DA:250,0
DA:251,0
DA:252,0
DA:254,0
DA:259,0
DA:261,0
DA:262,0
DA:263,0
DA:267,0
DA:273,0
DA:277,0
DA:279,0
DA:280,0
DA:283,0
DA:284,0
DA:285,0
DA:292,0
DA:296,0
DA:298,0
DA:299,0
DA:300,0
DA:302,0
DA:307,0
DA:309,0
DA:310,0
DA:311,0
DA:315,0
DA:321,0
DA:325,0
DA:328,0
DA:334,0
DA:338,0
DA:340,0
DA:341,0
DA:342,0
DA:344,0
DA:349,0
DA:350,0
DA:352,0
DA:353,0
DA:354,0
DA:357,0
DA:358,0
DA:359,0
DA:360,0
DA:361,0
DA:364,0
DA:368,0
DA:370,0
DA:371,0
DA:372,0
DA:376,0
DA:382,0
DA:386,0
DA:389,0
DA:390,0
DA:391,0
DA:393,0
DA:398,0
DA:404,0
DA:406,0
DA:407,0
DA:408,0
DA:409,0
DA:412,0
DA:414,0
DA:415,0
DA:420,0
DA:422,0
DA:428,0
DA:430,0
DA:438,0
DA:440,0
DA:447,0
DA:448,0
DA:449,0
DA:453,0
DA:454,0
DA:455,0
DA:457,0
DA:461,0
DA:465,0
DA:467,0
DA:468,0
DA:469,0
DA:472,0
DA:477,0
DA:479,0
DA:480,0
DA:481,0
DA:482,0
DA:485,0
LF:176
LH:0
BRDA:50,0,0,0
BRDA:57,1,0,0
BRDA:73,2,0,0
BRDA:84,3,0,0
BRDA:84,3,1,0
BRDA:93,4,0,0
BRDA:93,4,1,0
BRDA:102,5,0,0
BRDA:102,5,1,0
BRDA:108,6,0,0
BRDA:116,7,0,0
BRDA:128,8,0,0
BRDA:128,9,0,0
BRDA:128,9,1,0
BRDA:161,10,0,0
BRDA:168,11,0,0
BRDA:168,11,1,0
BRDA:175,12,0,0
BRDA:175,12,1,0
BRDA:183,13,0,0
BRDA:189,14,0,0
BRDA:199,15,0,0
BRDA:199,15,1,0
BRDA:201,16,0,0
BRDA:217,17,0,0
BRDA:233,18,0,0
BRDA:248,19,0,0
BRDA:251,20,0,0
BRDA:251,20,1,0
BRDA:259,21,0,0
BRDA:259,21,1,0
BRDA:261,22,0,0
BRDA:277,23,0,0
BRDA:280,24,0,0
BRDA:280,25,0,0
BRDA:280,25,1,0
BRDA:280,25,2,0
BRDA:286,26,0,0
BRDA:286,26,1,0
BRDA:287,27,0,0
BRDA:287,27,1,0
BRDA:296,28,0,0
BRDA:299,29,0,0
BRDA:299,29,1,0
BRDA:309,30,0,0
BRDA:317,31,0,0
BRDA:317,31,1,0
BRDA:325,32,0,0
BRDA:338,33,0,0
BRDA:341,34,0,0
BRDA:341,34,1,0
BRDA:350,35,0,0
BRDA:350,35,1,0
BRDA:352,36,0,0
BRDA:370,37,0,0
BRDA:378,38,0,0
BRDA:378,38,1,0
BRDA:386,39,0,0
BRDA:390,40,0,0
BRDA:390,40,1,0
BRDA:404,41,0,0
BRDA:407,42,0,0
BRDA:407,43,0,0
BRDA:407,43,1,0
BRDA:407,43,2,0
BRDA:420,44,0,0
BRDA:428,45,0,0
BRDA:438,46,0,0
BRDA:447,47,0,0
BRDA:467,48,0,0
BRDA:477,49,0,0
BRDA:482,50,0,0
BRF:72
BRH:0
end_of_record
TN:
SF:src/commands/TemplateCommands.ts
FN:38,(anonymous_9)
FN:45,(anonymous_10)
FN:52,(anonymous_11)
FN:72,(anonymous_12)
FN:118,(anonymous_13)
FN:119,(anonymous_14)
FN:134,(anonymous_15)
FN:149,(anonymous_16)
FN:164,(anonymous_17)
FN:174,(anonymous_18)
FN:218,(anonymous_19)
FN:234,(anonymous_20)
FN:246,(anonymous_21)
FN:262,(anonymous_22)
FNF:14
FNH:0
FNDA:0,(anonymous_9)
FNDA:0,(anonymous_10)
FNDA:0,(anonymous_11)
FNDA:0,(anonymous_12)
FNDA:0,(anonymous_13)
FNDA:0,(anonymous_14)
FNDA:0,(anonymous_15)
FNDA:0,(anonymous_16)
FNDA:0,(anonymous_17)
FNDA:0,(anonymous_18)
FNDA:0,(anonymous_19)
FNDA:0,(anonymous_20)
FNDA:0,(anonymous_21)
FNDA:0,(anonymous_22)
DA:1,0
DA:2,0
DA:3,0
DA:12,0
DA:32,0
DA:39,0
DA:40,0
DA:41,0
DA:42,0
DA:46,0
DA:47,0
DA:48,0
DA:49,0
DA:53,0
DA:54,0
DA:55,0
DA:56,0
DA:60,0
DA:65,0
DA:66,0
DA:69,0
DA:73,0
DA:74,0
DA:76,0
DA:80,0
DA:81,0
DA:84,0
DA:89,0
DA:90,0
DA:93,0
DA:98,0
DA:99,0
DA:102,0
DA:107,0
DA:108,0
DA:112,0
DA:118,0
DA:119,0
DA:128,0
DA:129,0
DA:131,0
DA:135,0
DA:136,0
DA:137,0
DA:138,0
DA:141,0
DA:142,0
DA:144,0
DA:145,0
DA:146,0
DA:149,0
DA:155,0
DA:159,0
DA:160,0
DA:163,0
DA:164,0
DA:166,0
DA:167,0
DA:171,0
DA:175,0
DA:176,0
DA:177,0
DA:178,0
DA:182,0
DA:192,0
DA:193,0
DA:196,0
DA:197,0
DA:198,0
DA:201,0
DA:202,0
DA:203,0
DA:207,0
DA:208,0
DA:210,0
DA:212,0
DA:219,0
DA:220,0
DA:221,0
DA:222,0
DA:226,0
DA:227,0
DA:229,0
DA:230,0
DA:231,0
DA:234,0
DA:241,0
DA:245,0
DA:246,0
DA:247,0
DA:248,0
DA:253,0
DA:254,0
DA:255,0
DA:256,0
LF:95
LH:0
BRDA:54,0,0,0
BRDA:65,1,0,0
BRDA:73,2,0,0
BRDA:80,3,0,0
BRDA:89,4,0,0
BRDA:98,5,0,0
BRDA:107,6,0,0
BRDA:136,7,0,0
BRDA:144,8,0,0
BRDA:159,9,0,0
BRDA:166,10,0,0
BRDA:176,11,0,0
BRDA:192,12,0,0
BRDA:192,13,0,0
BRDA:192,13,1,0
BRDA:201,14,0,0
BRDA:201,15,0,0
BRDA:201,15,1,0
BRDA:201,15,2,0
BRDA:213,16,0,0
BRDA:213,16,1,0
BRDA:220,17,0,0
BRDA:229,18,0,0
BRDA:236,19,0,0
BRDA:236,19,1,0
BRDA:245,20,0,0
BRDA:247,21,0,0
BRDA:249,22,0,0
BRDA:249,22,1,0
BRDA:253,23,0,0
BRDA:253,23,1,0
BRDA:255,24,0,0
BRF:32
BRH:0
end_of_record
TN:
SF:src/commands/UtilityCommands.ts
FN:19,(anonymous_9)
FN:25,(anonymous_10)
FN:29,(anonymous_11)
FN:83,(anonymous_12)
FN:98,(anonymous_13)
FNF:5
FNH:0
FNDA:0,(anonymous_9)
FNDA:0,(anonymous_10)
FNDA:0,(anonymous_11)
FNDA:0,(anonymous_12)
FNDA:0,(anonymous_13)
DA:1,0
DA:2,0
DA:3,0
DA:4,0
DA:14,0
DA:20,0
DA:21,0
DA:22,0
DA:26,0
DA:30,0
DA:37,0
DA:41,0
DA:42,0
DA:45,0
DA:46,0
DA:47,0
DA:49,0
DA:50,0
DA:52,0
DA:53,0
DA:56,0
DA:57,0
DA:60,0
DA:63,0
DA:67,0
DA:68,0
DA:71,0
DA:72,0
DA:73,0
DA:74,0
DA:75,0
DA:78,0
DA:79,0
DA:80,0
DA:83,0
DA:84,0
DA:85,0
DA:90,0
DA:93,0
LF:39
LH:0
BRDA:41,0,0,0
BRDA:50,1,0,0
BRDA:50,1,1,0
BRDA:50,1,2,0
BRDA:50,1,3,0
BRDA:72,2,0,0
BRF:6
BRH:0
end_of_record
TN:
SF:src/commands/WorktreeCommands.ts
FN:22,(anonymous_9)
FN:30,(anonymous_10)
FN:35,(anonymous_11)
FN:58,(anonymous_12)
FN:78,(anonymous_13)
FN:99,(anonymous_14)
FN:138,(anonymous_15)
FNF:7
FNH:0
FNDA:0,(anonymous_9)
FNDA:0,(anonymous_10)
FNDA:0,(anonymous_11)
FNDA:0,(anonymous_12)
FNDA:0,(anonymous_13)
FNDA:0,(anonymous_14)
FNDA:0,(anonymous_15)
DA:1,0
DA:2,0
DA:15,0
DA:23,0
DA:24,0
DA:25,0
DA:26,0
DA:27,0
DA:31,0
DA:32,0
DA:36,0
DA:37,0
DA:39,0
DA:41,0
DA:42,0
DA:46,0
DA:47,0
DA:52,0
DA:53,0
DA:59,0
DA:60,0
DA:61,0
DA:62,0
DA:65,0
DA:66,0
DA:67,0
DA:71,0
DA:72,0
DA:73,0
DA:74,0
DA:78,0
DA:85,0
DA:89,0
DA:90,0
DA:93,0
DA:95,0
DA:100,0
DA:101,0
DA:104,0
DA:106,0
DA:107,0
DA:108,0
DA:111,0
DA:114,0
DA:119,0
DA:120,0
DA:123,0
DA:124,0
DA:125,0
DA:129,0
DA:131,0
LF:51
LH:0
BRDA:41,0,0,0
BRDA:41,0,1,0
BRDA:43,1,0,0
BRDA:43,1,1,0
BRDA:46,2,0,0
BRDA:52,3,0,0
BRDA:60,4,0,0
BRDA:65,5,0,0
BRDA:72,6,0,0
BRDA:81,7,0,0
BRDA:81,7,1,0
BRDA:89,8,0,0
BRDA:106,9,0,0
BRDA:119,10,0,0
BRDA:124,11,0,0
BRDA:132,12,0,0
BRDA:132,12,1,0
BRF:17
BRH:0
end_of_record
TN:
SF:src/conductor/ConductorChat.ts
FN:11,(anonymous_9)
FN:17,(anonymous_10)
FN:45,(anonymous_11)
FN:54,(anonymous_12)
FN:61,(anonymous_13)
FN:63,(anonymous_14)
FN:95,(anonymous_15)
FNF:7
FNH:0
FNDA:0,(anonymous_9)
FNDA:0,(anonymous_10)
FNDA:0,(anonymous_11)
FNDA:0,(anonymous_12)
FNDA:0,(anonymous_13)
FNDA:0,(anonymous_14)
FNDA:0,(anonymous_15)
DA:1,0
DA:5,0
DA:12,0
DA:13,0
DA:14,0
DA:19,0
DA:20,0
DA:26,0
DA:29,0
DA:30,0
DA:31,0
DA:32,0
DA:33,0
DA:34,0
DA:35,0
DA:38,0
DA:39,0
DA:42,0
DA:45,0
DA:46,0
DA:47,0
DA:51,0
DA:55,0
DA:56,0
DA:62,0
DA:63,0
DA:65,0
DA:96,0
LF:28
LH:0
BRDA:14,0,0,0
BRDA:14,0,1,0
BRDA:19,1,0,0
BRDA:46,2,0,0
BRDA:55,3,0,0
BRDA:75,4,0,0
BRDA:75,4,1,0
BRF:7
BRH:0
end_of_record
TN:
SF:src/conductor/ConductorChatSimple.ts
FN:13,(anonymous_9)
FN:17,(anonymous_10)
FN:36,(anonymous_11)
FN:46,(anonymous_12)
FN:61,(anonymous_13)
FN:73,(anonymous_14)
FN:79,(anonymous_15)
FN:108,(anonymous_16)
FN:119,(anonymous_17)
FNF:9
FNH:0
FNDA:0,(anonymous_9)
FNDA:0,(anonymous_10)
FNDA:0,(anonymous_11)
FNDA:0,(anonymous_12)
FNDA:0,(anonymous_13)
FNDA:0,(anonymous_14)
FNDA:0,(anonymous_15)
FNDA:0,(anonymous_16)
FNDA:0,(anonymous_17)
DA:1,0
DA:9,0
DA:14,0
DA:18,0
DA:19,0
DA:20,0
DA:23,0
DA:33,0
DA:35,0
DA:37,0
DA:38,0
DA:46,0
DA:47,0
DA:63,0
DA:73,0
DA:74,0
DA:75,0
DA:80,0
DA:82,0
DA:83,0
DA:86,0
DA:87,0
DA:93,0
DA:94,0
DA:103,0
DA:109,0
DA:120,0
LF:27
LH:0
BRDA:18,0,0,0
BRDA:37,1,0,0
BRDA:82,2,0,0
BRDA:82,3,0,0
BRDA:82,3,1,0
BRDA:86,4,0,0
BRDA:93,5,0,0
BRF:7
BRH:0
end_of_record
TN:
SF:src/conductor/ConductorTerminal.ts
FN:14,(anonymous_9)
FN:20,(anonymous_10)
FN:54,(anonymous_11)
FN:56,(anonymous_12)
FN:99,(anonymous_13)
FNF:5
FNH:0
FNDA:0,(anonymous_9)
FNDA:0,(anonymous_10)
FNDA:0,(anonymous_11)
FNDA:0,(anonymous_12)
FNDA:0,(anonymous_13)
DA:1,0
DA:8,0
DA:15,0
DA:16,0
DA:17,0
DA:22,0
DA:23,0
DA:29,0
DA:32,0
DA:33,0
DA:34,0
DA:35,0
DA:36,0
DA:37,0
DA:40,0
DA:41,0
DA:44,0
DA:47,0
DA:48,0
DA:51,0
DA:55,0
DA:56,0
DA:58,0
DA:100,0
DA:101,0
DA:102,0
LF:26
LH:0
BRDA:17,0,0,0
BRDA:17,0,1,0
BRDA:22,1,0,0
BRDA:83,2,0,0
BRDA:83,2,1,0
BRDA:100,3,0,0
BRF:6
BRH:0
end_of_record
TN:
SF:src/conductor/IntelligentConductor.ts
FN:18,(anonymous_9)
FN:25,(anonymous_10)
FN:33,(anonymous_11)
FN:51,(anonymous_12)
FN:66,(anonymous_13)
FN:82,(anonymous_14)
FN:91,(anonymous_15)
FN:120,(anonymous_16)
FN:123,(anonymous_17)
FN:132,(anonymous_18)
FN:136,(anonymous_19)
FN:159,(anonymous_20)
FN:163,(anonymous_21)
FN:167,(anonymous_22)
FN:168,(anonymous_23)
FN:181,(anonymous_24)
FN:195,(anonymous_25)
FN:196,(anonymous_26)
FN:200,(anonymous_27)
FN:201,(anonymous_28)
FN:216,(anonymous_29)
FN:225,(anonymous_30)
FN:245,(anonymous_31)
FN:250,(anonymous_32)
FN:281,(anonymous_33)
FN:288,(anonymous_34)
FN:296,(anonymous_35)
FN:298,(anonymous_36)
FN:299,(anonymous_37)
FN:301,(anonymous_38)
FN:311,(anonymous_39)
FN:318,(anonymous_40)
FN:325,(anonymous_41)
FNF:33
FNH:0
FNDA:0,(anonymous_9)
FNDA:0,(anonymous_10)
FNDA:0,(anonymous_11)
FNDA:0,(anonymous_12)
FNDA:0,(anonymous_13)
FNDA:0,(anonymous_14)
FNDA:0,(anonymous_15)
FNDA:0,(anonymous_16)
FNDA:0,(anonymous_17)
FNDA:0,(anonymous_18)
FNDA:0,(anonymous_19)
FNDA:0,(anonymous_20)
FNDA:0,(anonymous_21)
FNDA:0,(anonymous_22)
FNDA:0,(anonymous_23)
FNDA:0,(anonymous_24)
FNDA:0,(anonymous_25)
FNDA:0,(anonymous_26)
FNDA:0,(anonymous_27)
FNDA:0,(anonymous_28)
FNDA:0,(anonymous_29)
FNDA:0,(anonymous_30)
FNDA:0,(anonymous_31)
FNDA:0,(anonymous_32)
FNDA:0,(anonymous_33)
FNDA:0,(anonymous_34)
FNDA:0,(anonymous_35)
FNDA:0,(anonymous_36)
FNDA:0,(anonymous_37)
FNDA:0,(anonymous_38)
FNDA:0,(anonymous_39)
FNDA:0,(anonymous_40)
FNDA:0,(anonymous_41)
DA:1,0
DA:10,0
DA:16,0
DA:19,0
DA:20,0
DA:21,0
DA:22,0
DA:25,0
DA:26,0
DA:34,0
DA:35,0
DA:38,0
DA:39,0
DA:45,0
DA:48,0
DA:52,0
DA:54,0
DA:55,0
DA:56,0
DA:57,0
DA:58,0
DA:59,0
DA:62,0
DA:63,0
DA:66,0
DA:67,0
DA:68,0
DA:69,0
DA:70,0
DA:71,0
DA:72,0
DA:73,0
DA:74,0
DA:77,0
DA:83,0
DA:84,0
DA:86,0
DA:91,0
DA:123,0
DA:124,0
DA:125,0
DA:133,0
DA:135,0
DA:136,0
DA:137,0
DA:140,0
DA:146,0
DA:149,0
DA:150,0
DA:151,0
DA:160,0
DA:163,0
DA:166,0
DA:167,0
DA:168,0
DA:169,0
DA:175,0
DA:182,0
DA:188,0
DA:189,0
DA:196,0
DA:198,0
DA:200,0
DA:201,0
DA:203,0
DA:204,0
DA:205,0
DA:209,0
DA:219,0
DA:226,0
DA:227,0
DA:229,0
DA:230,0
DA:233,0
DA:234,0
DA:235,0
DA:236,0
DA:246,0
DA:247,0
DA:250,0
DA:251,0
DA:252,0
DA:255,0
DA:256,0
DA:260,0
DA:261,0
DA:262,0
DA:263,0
DA:269,0
DA:271,0
DA:275,0
DA:277,0
DA:281,0
DA:282,0
DA:289,0
DA:290,0
DA:297,0
DA:298,0
DA:299,0
DA:300,0
DA:301,0
DA:303,0
DA:312,0
DA:319,0
DA:326,0
DA:327,0
LF:106
LH:0
BRDA:21,0,0,0
BRDA:21,0,1,0
BRDA:38,1,0,0
BRDA:52,2,0,0
BRDA:67,3,0,0
BRDA:135,4,0,0
BRDA:150,5,0,0
BRDA:166,6,0,0
BRDA:166,7,0,0
BRDA:166,7,1,0
BRDA:175,8,0,0
BRDA:175,8,1,0
BRDA:175,8,2,0
BRDA:198,9,0,0
BRDA:203,10,0,0
BRDA:229,11,0,0
BRDA:235,12,0,0
BRDA:247,13,0,0
BRDA:255,14,0,0
BRDA:255,15,0,0
BRDA:255,15,1,0
BRDA:260,16,0,0
BRDA:262,17,0,0
BRDA:269,18,0,0
BRDA:269,19,0,0
BRDA:269,19,1,0
BRDA:282,20,0,0
BRDA:282,20,1,0
BRF:28
BRH:0
end_of_record
TN:
SF:src/conductor/SuperSmartConductor.ts
FN:33,(anonymous_9)
FN:45,(anonymous_10)
FN:49,(anonymous_11)
FN:74,(anonymous_12)
FN:87,(anonymous_13)
FN:100,(anonymous_14)
FN:286,(anonymous_15)
FN:327,(anonymous_16)
FN:340,(anonymous_17)
FN:360,(anonymous_18)
FN:399,(anonymous_19)
FN:402,(anonymous_20)
FN:403,(anonymous_21)
FN:406,(anonymous_22)
FN:424,(anonymous_23)
FN:430,(anonymous_24)
FN:431,(anonymous_25)
FN:445,(anonymous_26)
FN:471,(anonymous_27)
FN:478,(anonymous_28)
FN:485,(anonymous_29)
FN:496,(anonymous_30)
FN:525,(anonymous_31)
FN:543,(anonymous_32)
FNF:24
FNH:0
FNDA:0,(anonymous_9)
FNDA:0,(anonymous_10)
FNDA:0,(anonymous_11)
FNDA:0,(anonymous_12)
FNDA:0,(anonymous_13)
FNDA:0,(anonymous_14)
FNDA:0,(anonymous_15)
FNDA:0,(anonymous_16)
FNDA:0,(anonymous_17)
FNDA:0,(anonymous_18)
FNDA:0,(anonymous_19)
FNDA:0,(anonymous_20)
FNDA:0,(anonymous_21)
FNDA:0,(anonymous_22)
FNDA:0,(anonymous_23)
FNDA:0,(anonymous_24)
FNDA:0,(anonymous_25)
FNDA:0,(anonymous_26)
FNDA:0,(anonymous_27)
FNDA:0,(anonymous_28)
FNDA:0,(anonymous_29)
FNDA:0,(anonymous_30)
FNDA:0,(anonymous_31)
FNDA:0,(anonymous_32)
DA:1,0
DA:2,0
DA:6,0
DA:18,0
DA:28,0
DA:29,0
DA:34,0
DA:35,0
DA:36,0
DA:37,0
DA:38,0
DA:39,0
DA:46,0
DA:50,0
DA:51,0
DA:54,0
DA:55,0
DA:62,0
DA:63,0
DA:65,0
DA:66,0
DA:67,0
DA:70,0
DA:71,0
DA:75,0
DA:77,0
DA:78,0
DA:79,0
DA:80,0
DA:81,0
DA:84,0
DA:85,0
DA:87,0
DA:88,0
DA:89,0
DA:90,0
DA:91,0
DA:92,0
DA:93,0
DA:94,0
DA:95,0
DA:101,0
DA:287,0
DA:290,0
DA:296,0
DA:297,0
DA:302,0
DA:303,0
DA:304,0
DA:306,0
DA:309,0
DA:318,0
DA:319,0
DA:320,0
DA:330,0
DA:333,0
DA:341,0
DA:343,0
DA:345,0
DA:346,0
DA:347,0
DA:349,0
DA:350,0
DA:354,0
DA:361,0
DA:362,0
DA:374,0
DA:375,0
DA:376,0
DA:377,0
DA:379,0
DA:381,0
DA:382,0
DA:385,0
DA:386,0
DA:389,0
DA:390,0
DA:393,0
DA:401,0
DA:402,0
DA:403,0
DA:405,0
DA:406,0
DA:410,0
DA:418,0
DA:425,0
DA:428,0
DA:429,0
DA:430,0
DA:431,0
DA:433,0
DA:434,0
DA:436,0
DA:437,0
DA:442,0
DA:443,0
DA:444,0
DA:445,0
DA:449,0
DA:450,0
DA:451,0
DA:452,0
DA:456,0
DA:457,0
DA:458,0
DA:460,0
DA:461,0
DA:465,0
DA:472,0
DA:479,0
DA:487,0
DA:488,0
DA:489,0
DA:490,0
DA:493,0
DA:497,0
DA:500,0
DA:501,0
DA:502,0
DA:503,0
DA:505,0
DA:506,0
DA:507,0
DA:508,0
DA:509,0
DA:510,0
DA:511,0
DA:512,0
DA:513,0
DA:517,0
DA:518,0
DA:519,0
DA:520,0
DA:522,0
DA:526,0
DA:529,0
DA:530,0
DA:532,0
DA:533,0
DA:534,0
DA:535,0
DA:536,0
DA:537,0
DA:540,0
DA:544,0
DA:547,0
DA:548,0
DA:549,0
DA:550,0
DA:551,0
DA:552,0
DA:553,0
DA:554,0
DA:558,0
LF:154
LH:0
BRDA:37,0,0,0
BRDA:37,0,1,0
BRDA:54,1,0,0
BRDA:65,2,0,0
BRDA:65,3,0,0
BRDA:65,3,1,0
BRDA:75,4,0,0
BRDA:88,5,0,0
BRDA:330,6,0,0
BRDA:330,6,1,0
BRDA:343,7,0,0
BRDA:354,8,0,0
BRDA:354,8,1,0
BRDA:361,9,0,0
BRDA:376,10,0,0
BRDA:376,10,1,0
BRDA:389,11,0,0
BRDA:405,12,0,0
BRDA:418,13,0,0
BRDA:418,13,1,0
BRDA:429,14,0,0
BRDA:433,15,0,0
BRDA:436,16,0,0
BRDA:443,17,0,0
BRDA:450,18,0,0
BRDA:456,19,0,0
BRDA:457,20,0,0
BRDA:460,21,0,0
BRDA:489,22,0,0
BRDA:489,23,0,0
BRDA:489,23,1,0
BRDA:489,23,2,0
BRDA:506,24,0,0
BRDA:506,24,1,0
BRDA:506,25,0,0
BRDA:506,25,1,0
BRDA:506,25,2,0
BRDA:508,26,0,0
BRDA:508,26,1,0
BRDA:508,27,0,0
BRDA:508,27,1,0
BRDA:508,27,2,0
BRDA:510,28,0,0
BRDA:510,28,1,0
BRDA:510,29,0,0
BRDA:510,29,1,0
BRDA:510,29,2,0
BRDA:512,30,0,0
BRDA:512,31,0,0
BRDA:512,31,1,0
BRDA:512,31,2,0
BRDA:517,32,0,0
BRDA:518,33,0,0
BRDA:519,34,0,0
BRDA:520,35,0,0
BRDA:532,36,0,0
BRDA:533,37,0,0
BRDA:534,38,0,0
BRDA:535,39,0,0
BRDA:536,40,0,0
BRDA:537,41,0,0
BRDA:549,42,0,0
BRDA:550,43,0,0
BRDA:551,44,0,0
BRDA:552,45,0,0
BRDA:553,46,0,0
BRDA:554,47,0,0
BRF:67
BRH:0
end_of_record
TN:
SF:src/dashboard/MessageFlowDashboard.ts
FN:13,(anonymous_9)
FN:23,(anonymous_10)
FN:54,(anonymous_11)
FN:67,(anonymous_12)
FN:70,(anonymous_13)
FN:74,(anonymous_14)
FN:84,(anonymous_15)
FN:95,(anonymous_16)
FN:105,(anonymous_17)
FN:109,(anonymous_18)
FNF:10
FNH:0
FNDA:0,(anonymous_9)
FNDA:0,(anonymous_10)
FNDA:0,(anonymous_11)
FNDA:0,(anonymous_12)
FNDA:0,(anonymous_13)
FNDA:0,(anonymous_14)
FNDA:0,(anonymous_15)
FNDA:0,(anonymous_16)
FNDA:0,(anonymous_17)
FNDA:0,(anonymous_18)
DA:1,0
DA:3,0
DA:4,0
DA:6,0
DA:10,0
DA:11,0
DA:15,0
DA:16,0
DA:17,0
DA:19,0
DA:20,0
DA:29,0
DA:42,0
DA:43,0
DA:49,0
DA:51,0
DA:59,0
DA:60,0
DA:61,0
DA:64,0
DA:69,0
DA:71,0
DA:75,0
DA:76,0
DA:83,0
DA:85,0
DA:90,0
DA:91,0
DA:94,0
DA:97,0
DA:98,0
DA:100,0
DA:106,0
DA:110,0
DA:111,0
DA:114,0
DA:115,0
DA:118,0
DA:119,0
DA:120,0
DA:121,0
DA:126,0
LF:42
LH:0
BRDA:27,0,0,0
BRDA:59,1,0,0
BRDA:75,2,0,0
BRDA:97,3,0,0
BRDA:97,4,0,0
BRDA:97,4,1,0
BRDA:110,5,0,0
BRDA:120,6,0,0
BRF:8
BRH:0
end_of_record
TN:
SF:src/intelligence/CodebaseAnalyzer.ts
FN:40,(anonymous_9)
FN:56,(anonymous_10)
FN:135,(anonymous_11)
FN:181,(anonymous_12)
FN:182,(anonymous_13)
FN:200,(anonymous_14)
FN:201,(anonymous_15)
FN:245,(anonymous_16)
FN:273,(anonymous_17)
FN:274,(anonymous_18)
FN:292,(anonymous_19)
FN:293,(anonymous_20)
FN:335,(anonymous_21)
FN:384,(anonymous_22)
FN:414,(anonymous_23)
FN:432,(anonymous_24)
FN:463,(anonymous_25)
FN:486,(anonymous_26)
FN:489,(anonymous_27)
FN:511,(anonymous_28)
FN:561,(anonymous_29)
FN:564,(anonymous_30)
FN:568,(anonymous_31)
FN:593,(anonymous_32)
FN:599,(anonymous_33)
FN:624,(anonymous_34)
FN:633,(anonymous_35)
FN:691,(anonymous_36)
FN:700,(anonymous_37)
FN:743,(anonymous_38)
FN:758,(anonymous_39)
FN:784,(anonymous_40)
FN:787,(anonymous_41)
FN:803,(anonymous_42)
FN:834,(anonymous_43)
FN:857,(anonymous_44)
FN:875,(anonymous_45)
FN:915,(anonymous_46)
FN:949,(anonymous_47)
FN:985,(anonymous_48)
FN:1034,(anonymous_49)
FN:1112,(anonymous_50)
FN:1154,(anonymous_51)
FN:1174,(anonymous_52)
FN:1205,(anonymous_53)
FN:1236,(anonymous_54)
FN:1243,(anonymous_55)
FN:1256,(anonymous_56)
FN:1276,(anonymous_57)
FN:1322,(anonymous_58)
FN:1332,(anonymous_59)
FN:1339,(anonymous_60)
FN:1350,(anonymous_61)
FN:1361,(anonymous_62)
FN:1374,(anonymous_63)
FN:1484,(anonymous_64)
FN:1485,(anonymous_65)
FN:1527,(anonymous_66)
FN:1542,(anonymous_67)
FN:1545,(anonymous_68)
FN:1546,(anonymous_69)
FN:1554,(anonymous_70)
FN:1569,(anonymous_71)
FN:1578,(anonymous_72)
FN:1586,(anonymous_73)
FN:1593,(anonymous_74)
FN:1606,(anonymous_75)
FN:1611,(anonymous_76)
FN:1617,(anonymous_77)
FN:1624,(anonymous_78)
FN:1638,(anonymous_79)
FN:1645,(anonymous_80)
FN:1652,(anonymous_81)
FNF:73
FNH:0
FNDA:0,(anonymous_9)
FNDA:0,(anonymous_10)
FNDA:0,(anonymous_11)
FNDA:0,(anonymous_12)
FNDA:0,(anonymous_13)
FNDA:0,(anonymous_14)
FNDA:0,(anonymous_15)
FNDA:0,(anonymous_16)
FNDA:0,(anonymous_17)
FNDA:0,(anonymous_18)
FNDA:0,(anonymous_19)
FNDA:0,(anonymous_20)
FNDA:0,(anonymous_21)
FNDA:0,(anonymous_22)
FNDA:0,(anonymous_23)
FNDA:0,(anonymous_24)
FNDA:0,(anonymous_25)
FNDA:0,(anonymous_26)
FNDA:0,(anonymous_27)
FNDA:0,(anonymous_28)
FNDA:0,(anonymous_29)
FNDA:0,(anonymous_30)
FNDA:0,(anonymous_31)
FNDA:0,(anonymous_32)
FNDA:0,(anonymous_33)
FNDA:0,(anonymous_34)
FNDA:0,(anonymous_35)
FNDA:0,(anonymous_36)
FNDA:0,(anonymous_37)
FNDA:0,(anonymous_38)
FNDA:0,(anonymous_39)
FNDA:0,(anonymous_40)
FNDA:0,(anonymous_41)
FNDA:0,(anonymous_42)
FNDA:0,(anonymous_43)
FNDA:0,(anonymous_44)
FNDA:0,(anonymous_45)
FNDA:0,(anonymous_46)
FNDA:0,(anonymous_47)
FNDA:0,(anonymous_48)
FNDA:0,(anonymous_49)
FNDA:0,(anonymous_50)
FNDA:0,(anonymous_51)
FNDA:0,(anonymous_52)
FNDA:0,(anonymous_53)
FNDA:0,(anonymous_54)
FNDA:0,(anonymous_55)
FNDA:0,(anonymous_56)
FNDA:0,(anonymous_57)
FNDA:0,(anonymous_58)
FNDA:0,(anonymous_59)
FNDA:0,(anonymous_60)
FNDA:0,(anonymous_61)
FNDA:0,(anonymous_62)
FNDA:0,(anonymous_63)
FNDA:0,(anonymous_64)
FNDA:0,(anonymous_65)
FNDA:0,(anonymous_66)
FNDA:0,(anonymous_67)
FNDA:0,(anonymous_68)
FNDA:0,(anonymous_69)
FNDA:0,(anonymous_70)
FNDA:0,(anonymous_71)
FNDA:0,(anonymous_72)
FNDA:0,(anonymous_73)
FNDA:0,(anonymous_74)
FNDA:0,(anonymous_75)
FNDA:0,(anonymous_76)
FNDA:0,(anonymous_77)
FNDA:0,(anonymous_78)
FNDA:0,(anonymous_79)
FNDA:0,(anonymous_80)
FNDA:0,(anonymous_81)
DA:5,0
DA:6,0
DA:7,0
DA:8,0
DA:23,0
DA:24,0
DA:25,0
DA:26,0
DA:27,0
DA:30,0
DA:31,0
DA:34,0
DA:35,0
DA:41,0
DA:42,0
DA:57,0
DA:58,0
DA:59,0
DA:60,0
DA:62,0
DA:63,0
DA:66,0
DA:68,0
DA:71,0
DA:72,0
DA:75,0
DA:78,0
DA:79,0
DA:83,0
DA:84,0
DA:85,0
DA:90,0
DA:91,0
DA:94,0
DA:98,0
DA:100,0
DA:103,0
DA:104,0
DA:105,0
DA:107,0
DA:112,0
DA:115,0
DA:117,0
DA:124,0
DA:125,0
DA:127,0
DA:128,0
DA:137,0
DA:138,0
DA:140,0
DA:142,0
DA:146,0
DA:147,0
DA:148,0
DA:149,0
DA:150,0
DA:151,0
DA:159,0
DA:160,0
DA:165,0
DA:166,0
DA:167,0
DA:168,0
DA:176,0
DA:177,0
DA:180,0
DA:181,0
DA:182,0
DA:185,0
DA:188,0
DA:191,0
DA:192,0
DA:193,0
DA:196,0
DA:200,0
DA:201,0
DA:211,0
DA:212,0
DA:216,0
DA:219,0
DA:230,0
DA:231,0
DA:234,0
DA:236,0
DA:237,0
DA:238,0
DA:247,0
DA:250,0
DA:251,0
DA:253,0
DA:254,0
DA:255,0
DA:259,0
DA:260,0
DA:268,0
DA:269,0
DA:272,0
DA:273,0
DA:274,0
DA:277,0
DA:280,0
DA:283,0
DA:284,0
DA:285,0
DA:288,0
DA:292,0
DA:293,0
DA:306,0
DA:309,0
DA:320,0
DA:321,0
DA:324,0
DA:326,0
DA:327,0
DA:328,0
DA:336,0
DA:339,0
DA:340,0
DA:343,0
DA:346,0
DA:349,0
DA:352,0
DA:355,0
DA:356,0
DA:357,0
DA:360,0
DA:361,0
DA:363,0
DA:364,0
DA:366,0
DA:367,0
DA:368,0
DA:369,0
DA:370,0
DA:377,0
DA:378,0
DA:385,0
DA:388,0
DA:389,0
DA:390,0
DA:391,0
DA:395,0
DA:398,0
DA:399,0
DA:402,0
DA:403,0
DA:406,0
DA:407,0
DA:408,0
DA:411,0
DA:412,0
DA:413,0
DA:414,0
DA:415,0
DA:418,0
DA:419,0
DA:421,0
DA:426,0
DA:434,0
DA:435,0
DA:436,0
DA:438,0
DA:439,0
DA:440,0
DA:441,0
DA:442,0
DA:449,0
DA:450,0
DA:451,0
DA:452,0
DA:453,0
DA:454,0
DA:465,0
DA:466,0
DA:469,0
DA:470,0
DA:472,0
DA:473,0
DA:476,0
DA:477,0
DA:479,0
DA:487,0
DA:489,0
DA:490,0
DA:491,0
DA:492,0
DA:493,0
DA:498,0
DA:500,0
DA:501,0
DA:502,0
DA:506,0
DA:507,0
DA:508,0
DA:509,0
DA:510,0
DA:511,0
DA:512,0
DA:518,0
DA:519,0
DA:523,0
DA:525,0
DA:527,0
DA:529,0
DA:530,0
DA:531,0
DA:532,0
DA:538,0
DA:540,0
DA:541,0
DA:542,0
DA:551,0
DA:554,0
DA:555,0
DA:562,0
DA:564,0
DA:565,0
DA:566,0
DA:568,0
DA:569,0
DA:575,0
DA:577,0
DA:583,0
DA:585,0
DA:591,0
DA:592,0
DA:593,0
DA:594,0
DA:595,0
DA:596,0
DA:597,0
DA:598,0
DA:599,0
DA:600,0
DA:601,0
DA:606,0
DA:614,0
DA:617,0
DA:618,0
DA:625,0
DA:626,0
DA:627,0
DA:628,0
DA:629,0
DA:630,0
DA:631,0
DA:633,0
DA:635,0
DA:637,0
DA:638,0
DA:640,0
DA:641,0
DA:642,0
DA:643,0
DA:645,0
DA:647,0
DA:648,0
DA:649,0
DA:655,0
DA:656,0
DA:657,0
DA:659,0
DA:660,0
DA:662,0
DA:664,0
DA:665,0
DA:667,0
DA:668,0
DA:669,0
DA:671,0
DA:672,0
DA:673,0
DA:674,0
DA:675,0
DA:677,0
DA:678,0
DA:682,0
DA:683,0
DA:687,0
DA:688,0
DA:691,0
DA:694,0
DA:697,0
DA:698,0
DA:699,0
DA:700,0
DA:703,0
DA:704,0
DA:705,0
DA:706,0
DA:708,0
DA:709,0
DA:710,0
DA:711,0
DA:712,0
DA:716,0
DA:717,0
DA:720,0
DA:723,0
DA:725,0
DA:744,0
DA:747,0
DA:748,0
DA:749,0
DA:750,0
DA:753,0
DA:754,0
DA:755,0
DA:756,0
DA:758,0
DA:759,0
DA:760,0
DA:761,0
DA:762,0
DA:763,0
DA:764,0
DA:765,0
DA:766,0
DA:768,0
DA:771,0
DA:773,0
DA:774,0
DA:775,0
DA:776,0
DA:778,0
DA:785,0
DA:787,0
DA:788,0
DA:789,0
DA:791,0
DA:792,0
DA:796,0
DA:797,0
DA:805,0
DA:813,0
DA:814,0
DA:816,0
DA:818,0
DA:821,0
DA:827,0
DA:828,0
DA:835,0
DA:837,0
DA:839,0
DA:840,0
DA:844,0
DA:845,0
DA:847,0
DA:851,0
DA:858,0
DA:860,0
DA:862,0
DA:863,0
DA:865,0
DA:869,0
DA:877,0
DA:878,0
DA:879,0
DA:882,0
DA:884,0
DA:885,0
DA:886,0
DA:887,0
DA:891,0
DA:892,0
DA:893,0
DA:894,0
DA:897,0
DA:903,0
DA:904,0
DA:906,0
DA:907,0
DA:908,0
DA:916,0
DA:917,0
DA:918,0
DA:919,0
DA:921,0
DA:923,0
DA:924,0
DA:928,0
DA:929,0
DA:933,0
DA:934,0
DA:936,0
DA:937,0
DA:939,0
DA:940,0
DA:943,0
DA:950,0
DA:951,0
DA:952,0
DA:955,0
DA:956,0
DA:959,0
DA:961,0
DA:962,0
DA:964,0
DA:966,0
DA:967,0
DA:968,0
DA:971,0
DA:972,0
DA:973,0
DA:979,0
DA:987,0
DA:988,0
DA:989,0
DA:990,0
DA:991,0
DA:997,0
DA:998,0
DA:999,0
DA:1003,0
DA:1004,0
DA:1005,0
DA:1006,0
DA:1007,0
DA:1010,0
DA:1011,0
DA:1012,0
DA:1016,0
DA:1017,0
DA:1018,0
DA:1019,0
DA:1020,0
DA:1021,0
DA:1028,0
DA:1036,0
DA:1037,0
DA:1039,0
DA:1041,0
DA:1042,0
DA:1046,0
DA:1047,0
DA:1048,0
DA:1049,0
DA:1052,0
DA:1053,0
DA:1054,0
DA:1058,0
DA:1059,0
DA:1060,0
DA:1061,0
DA:1070,0
DA:1071,0
DA:1072,0
DA:1073,0
DA:1078,0
DA:1085,0
DA:1086,0
DA:1087,0
DA:1088,0
DA:1089,0
DA:1090,0
DA:1096,0
DA:1097,0
DA:1098,0
DA:1099,0
DA:1100,0
DA:1101,0
DA:1106,0
DA:1113,0
DA:1114,0
DA:1117,0
DA:1118,0
DA:1119,0
DA:1120,0
DA:1122,0
DA:1123,0
DA:1128,0
DA:1129,0
DA:1131,0
DA:1132,0
DA:1135,0
DA:1136,0
DA:1140,0
DA:1143,0
DA:1144,0
DA:1146,0
DA:1156,0
DA:1162,0
DA:1163,0
DA:1164,0
DA:1168,0
DA:1175,0
DA:1176,0
DA:1177,0
DA:1178,0
DA:1180,0
DA:1181,0
DA:1182,0
DA:1183,0
DA:1184,0
DA:1187,0
DA:1188,0
DA:1190,0
DA:1206,0
DA:1208,0
DA:1210,0
DA:1211,0
DA:1215,0
DA:1216,0
DA:1220,0
DA:1221,0
DA:1225,0
DA:1226,0
DA:1230,0
DA:1237,0
DA:1245,0
DA:1246,0
DA:1249,0
DA:1250,0
DA:1251,0
DA:1252,0
DA:1253,0
DA:1256,0
DA:1258,0
DA:1260,0
DA:1261,0
DA:1262,0
DA:1263,0
DA:1264,0
DA:1265,0
DA:1269,0
DA:1273,0
DA:1276,0
DA:1277,0
DA:1278,0
DA:1279,0
DA:1281,0
DA:1282,0
DA:1283,0
DA:1284,0
DA:1285,0
DA:1287,0
DA:1289,0
DA:1290,0
DA:1291,0
DA:1294,0
DA:1295,0
DA:1296,0
DA:1297,0
DA:1305,0
DA:1306,0
DA:1307,0
DA:1310,0
DA:1311,0
DA:1312,0
DA:1316,0
DA:1324,0
DA:1325,0
DA:1326,0
DA:1333,0
DA:1340,0
DA:1341,0
DA:1342,0
DA:1344,0
DA:1351,0
DA:1352,0
DA:1353,0
DA:1355,0
DA:1362,0
DA:1364,0
DA:1365,0
DA:1368,0
DA:1375,0
DA:1376,0
DA:1377,0
DA:1379,0
DA:1380,0
DA:1381,0
DA:1382,0
DA:1385,0
DA:1386,0
DA:1387,0
DA:1388,0
DA:1391,0
DA:1392,0
DA:1393,0
DA:1394,0
DA:1397,0
DA:1398,0
DA:1401,0
DA:1402,0
DA:1405,0
DA:1406,0
DA:1407,0
DA:1408,0
DA:1409,0
DA:1410,0
DA:1412,0
DA:1416,0
DA:1417,0
DA:1418,0
DA:1421,0
DA:1422,0
DA:1423,0
DA:1424,0
DA:1425,0
DA:1426,0
DA:1428,0
DA:1432,0
DA:1433,0
DA:1435,0
DA:1439,0
DA:1440,0
DA:1441,0
DA:1442,0
DA:1445,0
DA:1446,0
DA:1447,0
DA:1448,0
DA:1449,0
DA:1450,0
DA:1452,0
DA:1456,0
DA:1457,0
DA:1458,0
DA:1461,0
DA:1462,0
DA:1463,0
DA:1464,0
DA:1465,0
DA:1466,0
DA:1468,0
DA:1471,0
DA:1472,0
DA:1474,0
DA:1479,0
DA:1480,0
DA:1481,0
DA:1484,0
DA:1485,0
DA:1487,0
DA:1488,0
DA:1491,0
DA:1492,0
DA:1495,0
DA:1497,0
DA:1528,0
DA:1530,0
DA:1532,0
DA:1533,0
DA:1535,0
DA:1543,0
DA:1545,0
DA:1546,0
DA:1548,0
DA:1555,0
DA:1557,0
DA:1558,0
DA:1559,0
DA:1563,0
DA:1570,0
DA:1572,0
DA:1573,0
DA:1574,0
DA:1578,0
DA:1579,0
DA:1587,0
DA:1594,0
DA:1595,0
DA:1596,0
DA:1597,0
DA:1598,0
DA:1599,0
DA:1608,0
DA:1611,0
DA:1612,0
DA:1613,0
DA:1617,0
DA:1618,0
DA:1619,0
DA:1620,0
DA:1624,0
DA:1625,0
DA:1626,0
DA:1630,0
DA:1632,0
DA:1639,0
DA:1646,0
DA:1653,0
LF:683
LH:0
BRDA:41,0,0,0
BRDA:41,0,1,0
BRDA:56,1,0,0
BRDA:62,2,0,0
BRDA:78,3,0,0
BRDA:84,4,0,0
BRDA:90,5,0,0
BRDA:90,5,1,0
BRDA:94,6,0,0
BRDA:94,6,1,0
BRDA:135,7,0,0
BRDA:137,8,0,0
BRDA:137,9,0,0
BRDA:137,9,1,0
BRDA:140,10,0,0
BRDA:140,10,1,0
BRDA:146,11,0,0
BRDA:146,11,1,0
BRDA:149,12,0,0
BRDA:181,13,0,0
BRDA:181,13,1,0
BRDA:211,14,0,0
BRDA:230,15,0,0
BRDA:245,16,0,0
BRDA:250,17,0,0
BRDA:250,18,0,0
BRDA:250,18,1,0
BRDA:253,19,0,0
BRDA:273,20,0,0
BRDA:273,20,1,0
BRDA:320,21,0,0
BRDA:335,22,0,0
BRDA:340,23,0,0
BRDA:340,23,1,0
BRDA:356,24,0,0
BRDA:356,25,0,0
BRDA:356,25,1,0
BRDA:360,26,0,0
BRDA:364,27,0,0
BRDA:367,28,0,0
BRDA:389,29,0,0
BRDA:407,30,0,0
BRDA:407,31,0,0
BRDA:407,31,1,0
BRDA:413,32,0,0
BRDA:418,33,0,0
BRDA:434,34,0,0
BRDA:439,35,0,0
BRDA:441,36,0,0
BRDA:451,37,0,0
BRDA:453,38,0,0
BRDA:465,39,0,0
BRDA:476,40,0,0
BRDA:490,41,0,0
BRDA:490,41,1,0
BRDA:492,42,0,0
BRDA:498,43,0,0
BRDA:500,44,0,0
BRDA:506,45,0,0
BRDA:507,46,0,0
BRDA:507,46,1,0
BRDA:510,47,0,0
BRDA:518,48,0,0
BRDA:525,49,0,0
BRDA:529,50,0,0
BRDA:529,50,1,0
BRDA:529,51,0,0
BRDA:529,51,1,0
BRDA:531,52,0,0
BRDA:538,53,0,0
BRDA:538,54,0,0
BRDA:538,54,1,0
BRDA:541,55,0,0
BRDA:565,56,0,0
BRDA:565,56,1,0
BRDA:566,57,0,0
BRDA:566,57,1,0
BRDA:566,58,0,0
BRDA:566,58,1,0
BRDA:575,59,0,0
BRDA:575,60,0,0
BRDA:575,60,1,0
BRDA:583,61,0,0
BRDA:583,61,1,0
BRDA:591,62,0,0
BRDA:591,62,1,0
BRDA:592,63,0,0
BRDA:594,64,0,0
BRDA:596,65,0,0
BRDA:596,65,1,0
BRDA:596,66,0,0
BRDA:596,66,1,0
BRDA:597,67,0,0
BRDA:597,67,1,0
BRDA:598,68,0,0
BRDA:600,69,0,0
BRDA:633,70,0,0
BRDA:635,71,0,0
BRDA:635,71,1,0
BRDA:635,71,2,0
BRDA:635,71,3,0
BRDA:635,71,4,0
BRDA:635,71,5,0
BRDA:635,71,6,0
BRDA:635,71,7,0
BRDA:635,71,8,0
BRDA:635,71,9,0
BRDA:635,71,10,0
BRDA:641,72,0,0
BRDA:659,73,0,0
BRDA:673,74,0,0
BRDA:673,75,0,0
BRDA:673,75,1,0
BRDA:673,75,2,0
BRDA:682,76,0,0
BRDA:687,77,0,0
BRDA:710,78,0,0
BRDA:710,78,1,0
BRDA:711,79,0,0
BRDA:711,79,1,0
BRDA:747,80,0,0
BRDA:748,81,0,0
BRDA:749,82,0,0
BRDA:750,83,0,0
BRDA:759,84,0,0
BRDA:759,84,1,0
BRDA:761,85,0,0
BRDA:761,85,1,0
BRDA:763,86,0,0
BRDA:763,86,1,0
BRDA:765,87,0,0
BRDA:773,88,0,0
BRDA:774,89,0,0
BRDA:775,90,0,0
BRDA:776,91,0,0
BRDA:788,92,0,0
BRDA:791,93,0,0
BRDA:816,94,0,0
BRDA:816,94,1,0
BRDA:828,95,0,0
BRDA:828,95,1,0
BRDA:839,96,0,0
BRDA:845,97,0,0
BRDA:863,98,0,0
BRDA:878,99,0,0
BRDA:885,100,0,0
BRDA:892,101,0,0
BRDA:916,102,0,0
BRDA:916,102,1,0
BRDA:918,103,0,0
BRDA:921,104,0,0
BRDA:921,105,0,0
BRDA:921,105,1,0
BRDA:923,106,0,0
BRDA:928,107,0,0
BRDA:933,108,0,0
BRDA:936,109,0,0
BRDA:939,110,0,0
BRDA:951,111,0,0
BRDA:951,112,0,0
BRDA:951,112,1,0
BRDA:956,113,0,0
BRDA:956,113,1,0
BRDA:964,114,0,0
BRDA:967,115,0,0
BRDA:967,115,1,0
BRDA:972,116,0,0
BRDA:987,117,0,0
BRDA:991,118,0,0
BRDA:991,118,1,0
BRDA:998,119,0,0
BRDA:1004,120,0,0
BRDA:1011,121,0,0
BRDA:1020,122,0,0
BRDA:1039,123,0,0
BRDA:1039,123,1,0
BRDA:1042,124,0,0
BRDA:1047,125,0,0
BRDA:1052,126,0,0
BRDA:1054,127,0,0
BRDA:1058,128,0,0
BRDA:1060,129,0,0
BRDA:1072,130,0,0
BRDA:1087,131,0,0
BRDA:1089,132,0,0
BRDA:1098,133,0,0
BRDA:1100,134,0,0
BRDA:1119,135,0,0
BRDA:1122,136,0,0
BRDA:1135,137,0,0
BRDA:1143,138,0,0
BRDA:1163,139,0,0
BRDA:1183,140,0,0
BRDA:1184,141,0,0
BRDA:1184,142,0,0
BRDA:1184,142,1,0
BRDA:1187,143,0,0
BRDA:1187,143,1,0
BRDA:1210,144,0,0
BRDA:1215,145,0,0
BRDA:1220,146,0,0
BRDA:1225,147,0,0
BRDA:1225,148,0,0
BRDA:1225,148,1,0
BRDA:1245,149,0,0
BRDA:1245,150,0,0
BRDA:1245,150,1,0
BRDA:1263,151,0,0
BRDA:1281,152,0,0
BRDA:1281,152,1,0
BRDA:1283,153,0,0
BRDA:1283,153,1,0
BRDA:1284,154,0,0
BRDA:1287,155,0,0
BRDA:1295,156,0,0
BRDA:1311,157,0,0
BRDA:1324,158,0,0
BRDA:1325,159,0,0
BRDA:1405,160,0,0
BRDA:1405,160,1,0
BRDA:1407,161,0,0
BRDA:1407,161,1,0
BRDA:1409,162,0,0
BRDA:1409,162,1,0
BRDA:1416,163,0,0
BRDA:1416,163,1,0
BRDA:1421,164,0,0
BRDA:1421,164,1,0
BRDA:1423,165,0,0
BRDA:1423,165,1,0
BRDA:1425,166,0,0
BRDA:1425,166,1,0
BRDA:1439,167,0,0
BRDA:1445,168,0,0
BRDA:1445,168,1,0
BRDA:1447,169,0,0
BRDA:1447,169,1,0
BRDA:1449,170,0,0
BRDA:1449,170,1,0
BRDA:1456,171,0,0
BRDA:1456,171,1,0
BRDA:1461,172,0,0
BRDA:1461,172,1,0
BRDA:1463,173,0,0
BRDA:1463,173,1,0
BRDA:1465,174,0,0
BRDA:1465,174,1,0
BRDA:1479,175,0,0
BRDA:1479,175,1,0
BRDA:1480,176,0,0
BRDA:1480,176,1,0
BRDA:1481,177,0,0
BRDA:1481,177,1,0
BRDA:1491,178,0,0
BRDA:1491,178,1,0
BRDA:1492,179,0,0
BRDA:1492,179,1,0
BRDA:1528,180,0,0
BRDA:1532,181,0,0
BRDA:1532,181,1,0
BRDA:1543,182,0,0
BRDA:1558,183,0,0
BRDA:1558,184,0,0
BRDA:1558,184,1,0
BRDA:1569,185,0,0
BRDA:1573,186,0,0
BRDA:1620,187,0,0
BRDA:1620,187,1,0
BRF:268
BRH:0
end_of_record
TN:
SF:src/intelligence/index.ts
FN:9,(anonymous_0)
FNF:1
FNH:0
FNDA:0,(anonymous_0)
DA:9,0
LF:1
LH:0
BRF:0
BRH:0
end_of_record
TN:
SF:src/orchestration/Destinations.ts
FN:19,(anonymous_0)
FN:41,(anonymous_1)
FN:50,(anonymous_2)
FN:59,(anonymous_3)
FN:68,(anonymous_4)
FN:77,(anonymous_5)
FN:86,(anonymous_6)
FN:98,(anonymous_7)
FNF:8
FNH:0
FNDA:0,(anonymous_0)
FNDA:0,(anonymous_1)
FNDA:0,(anonymous_2)
FNDA:0,(anonymous_3)
FNDA:0,(anonymous_4)
FNDA:0,(anonymous_5)
FNDA:0,(anonymous_6)
FNDA:0,(anonymous_7)
DA:6,0
DA:7,0
DA:20,0
DA:21,0
DA:25,0
DA:26,0
DA:30,0
DA:31,0
DA:34,0
DA:42,0
DA:51,0
DA:60,0
DA:69,0
DA:78,0
DA:87,0
DA:88,0
DA:90,0
DA:99,0
LF:18
LH:0
BRDA:20,0,0,0
BRDA:20,1,0,0
BRDA:20,1,1,0
BRDA:25,2,0,0
BRDA:30,3,0,0
BRDA:30,4,0,0
BRDA:30,4,1,0
BRDA:60,5,0,0
BRDA:60,5,1,0
BRDA:87,6,0,0
BRF:10
BRH:0
end_of_record
TN:
SF:src/orchestration/MessageProtocol.ts
FN:6,(anonymous_0)
FN:119,createMessage
FN:138,generateMessageId
FN:140,(anonymous_3)
FN:147,shouldRequireAck
FN:158,isValidMessage
FN:173,formatMessageForClaude
FN:191,extractJsonFromClaudeOutput
FN:213,convertClaudeCommandToMessage
FNF:9
FNH:0
FNDA:0,(anonymous_0)
FNDA:0,createMessage
FNDA:0,generateMessageId
FNDA:0,(anonymous_3)
FNDA:0,shouldRequireAck
FNDA:0,isValidMessage
FNDA:0,formatMessageForClaude
FNDA:0,extractJsonFromClaudeOutput
FNDA:0,convertClaudeCommandToMessage
DA:6,0
DA:8,0
DA:9,0
DA:10,0
DA:11,0
DA:12,0
DA:13,0
DA:16,0
DA:17,0
DA:18,0
DA:19,0
DA:20,0
DA:21,0
DA:22,0
DA:25,0
DA:26,0
DA:27,0
DA:28,0
DA:29,0
DA:30,0
DA:119,0
DA:126,0
DA:138,0
DA:140,0
DA:141,0
DA:142,0
DA:143,0
DA:147,0
DA:149,0
DA:158,0
DA:159,0
DA:173,0
DA:174,0
DA:176,0
DA:177,0
DA:180,0
DA:183,0
DA:184,0
DA:187,0
DA:191,0
DA:193,0
DA:195,0
DA:197,0
DA:198,0
DA:199,0
DA:201,0
DA:203,0
DA:210,0
DA:218,0
DA:221,0
DA:222,0
DA:226,0
DA:230,0
DA:231,0
DA:238,0
DA:242,0
DA:243,0
DA:244,0
DA:248,0
DA:249,0
DA:250,0
DA:253,0
DA:254,0
DA:257,0
LF:64
LH:0
BRDA:6,0,0,0
BRDA:6,0,1,0
BRDA:142,1,0,0
BRDA:142,1,1,0
BRDA:160,2,0,0
BRDA:160,2,1,0
BRDA:160,2,2,0
BRDA:160,2,3,0
BRDA:160,2,4,0
BRDA:160,2,5,0
BRDA:160,2,6,0
BRDA:160,2,7,0
BRDA:174,3,0,0
BRDA:174,3,1,0
BRDA:174,3,2,0
BRDA:174,3,3,0
BRDA:195,4,0,0
BRDA:201,5,0,0
BRDA:201,6,0,0
BRDA:201,6,1,0
BRDA:201,6,2,0
BRDA:201,6,3,0
BRDA:201,6,4,0
BRDA:218,7,0,0
BRDA:218,7,1,0
BRDA:218,7,2,0
BRDA:218,7,3,0
BRDA:218,7,4,0
BRDA:218,7,5,0
BRDA:218,7,6,0
BRDA:218,7,7,0
BRDA:218,7,8,0
BRDA:224,8,0,0
BRDA:224,8,1,0
BRDA:234,9,0,0
BRDA:234,9,1,0
BRDA:235,10,0,0
BRDA:235,10,1,0
BRDA:236,11,0,0
BRDA:236,11,1,0
BRDA:243,12,0,0
BRDA:243,12,1,0
BRDA:257,13,0,0
BRDA:257,13,1,0
BRF:44
BRH:0
end_of_record
TN:
SF:src/orchestration/OrchestrationServer.ts
FN:51,(anonymous_0)
FN:77,(anonymous_1)
FN:83,(anonymous_2)
FN:104,(anonymous_3)
FN:110,(anonymous_4)
FN:143,(anonymous_5)
FN:165,(anonymous_6)
FN:166,(anonymous_7)
FN:169,(anonymous_8)
FN:175,(anonymous_9)
FN:179,(anonymous_10)
FN:188,(anonymous_11)
FN:218,(anonymous_12)
FN:223,(anonymous_13)
FN:230,(anonymous_14)
FN:241,(anonymous_15)
FN:381,(anonymous_16)
FN:389,(anonymous_17)
FN:397,(anonymous_18)
FN:402,(anonymous_19)
FN:413,(anonymous_20)
FN:427,(anonymous_21)
FN:434,(anonymous_22)
FN:442,(anonymous_23)
FN:453,(anonymous_24)
FN:461,(anonymous_25)
FN:474,(anonymous_26)
FN:499,(anonymous_27)
FN:511,(anonymous_28)
FN:513,(anonymous_29)
FN:521,(anonymous_30)
FN:531,(anonymous_31)
FN:551,(anonymous_32)
FN:577,(anonymous_33)
FN:589,(anonymous_34)
FNF:35
FNH:0
FNDA:0,(anonymous_0)
FNDA:0,(anonymous_1)
FNDA:0,(anonymous_2)
FNDA:0,(anonymous_3)
FNDA:0,(anonymous_4)
FNDA:0,(anonymous_5)
FNDA:0,(anonymous_6)
FNDA:0,(anonymous_7)
FNDA:0,(anonymous_8)
FNDA:0,(anonymous_9)
FNDA:0,(anonymous_10)
FNDA:0,(anonymous_11)
FNDA:0,(anonymous_12)
FNDA:0,(anonymous_13)
FNDA:0,(anonymous_14)
FNDA:0,(anonymous_15)
FNDA:0,(anonymous_16)
FNDA:0,(anonymous_17)
FNDA:0,(anonymous_18)
FNDA:0,(anonymous_19)
FNDA:0,(anonymous_20)
FNDA:0,(anonymous_21)
FNDA:0,(anonymous_22)
FNDA:0,(anonymous_23)
FNDA:0,(anonymous_24)
FNDA:0,(anonymous_25)
FNDA:0,(anonymous_26)
FNDA:0,(anonymous_27)
FNDA:0,(anonymous_28)
FNDA:0,(anonymous_29)
FNDA:0,(anonymous_30)
FNDA:0,(anonymous_31)
FNDA:0,(anonymous_32)
FNDA:0,(anonymous_33)
FNDA:0,(anonymous_34)
DA:2,0
DA:3,0
DA:20,0
DA:22,0
DA:25,0
DA:27,0
DA:41,0
DA:44,0
DA:45,0
DA:46,0
DA:47,0
DA:48,0
DA:49,0
DA:62,0
DA:63,0
DA:64,0
DA:65,0
DA:66,0
DA:67,0
DA:68,0
DA:69,0
DA:70,0
DA:71,0
DA:78,0
DA:79,0
DA:80,0
DA:83,0
DA:84,0
DA:85,0
DA:88,0
DA:92,0
DA:93,0
DA:94,0
DA:97,0
DA:105,0
DA:106,0
DA:107,0
DA:110,0
DA:112,0
DA:115,0
DA:118,0
DA:121,0
DA:122,0
DA:123,0
DA:126,0
DA:127,0
DA:129,0
DA:130,0
DA:131,0
DA:134,0
DA:144,0
DA:145,0
DA:147,0
DA:148,0
DA:149,0
DA:150,0
DA:151,0
DA:153,0
DA:154,0
DA:156,0
DA:157,0
DA:166,0
DA:167,0
DA:169,0
DA:170,0
DA:171,0
DA:172,0
DA:175,0
DA:176,0
DA:179,0
DA:180,0
DA:189,0
DA:190,0
DA:192,0
DA:195,0
DA:196,0
DA:199,0
DA:202,0
DA:212,0
DA:218,0
DA:219,0
DA:223,0
DA:224,0
DA:230,0
DA:231,0
DA:242,0
DA:244,0
DA:245,0
DA:248,0
DA:249,0
DA:250,0
DA:253,0
DA:254,0
DA:255,0
DA:259,0
DA:260,0
DA:263,0
DA:268,0
DA:274,0
DA:275,0
DA:276,0
DA:279,0
DA:284,0
DA:285,0
DA:287,0
DA:291,0
DA:294,0
DA:297,0
DA:298,0
DA:299,0
DA:300,0
DA:301,0
DA:303,0
DA:306,0
DA:307,0
DA:309,0
DA:316,0
DA:319,0
DA:322,0
DA:330,0
DA:337,0
DA:338,0
DA:341,0
DA:347,0
DA:352,0
DA:356,0
DA:357,0
DA:363,0
DA:364,0
DA:367,0
DA:372,0
DA:373,0
DA:383,0
DA:391,0
DA:398,0
DA:399,0
DA:401,0
DA:402,0
DA:403,0
DA:407,0
DA:421,0
DA:428,0
DA:436,0
DA:443,0
DA:444,0
DA:445,0
DA:447,0
DA:454,0
DA:455,0
DA:462,0
DA:463,0
DA:465,0
DA:475,0
DA:476,0
DA:479,0
DA:481,0
DA:489,0
DA:491,0
DA:492,0
DA:500,0
DA:501,0
DA:513,0
DA:514,0
DA:522,0
DA:523,0
DA:524,0
DA:532,0
DA:534,0
DA:535,0
DA:538,0
DA:539,0
DA:543,0
DA:544,0
DA:547,0
DA:548,0
DA:551,0
DA:552,0
DA:554,0
DA:557,0
DA:558,0
DA:561,0
DA:562,0
DA:563,0
DA:565,0
DA:566,0
DA:567,0
DA:570,0
DA:571,0
DA:578,0
DA:579,0
DA:580,0
DA:582,0
DA:590,0
DA:592,0
LF:194
LH:0
BRDA:52,0,0,0
BRDA:78,1,0,0
BRDA:105,2,0,0
BRDA:121,3,0,0
BRDA:153,4,0,0
BRDA:195,5,0,0
BRDA:195,5,1,0
BRDA:196,6,0,0
BRDA:196,6,1,0
BRDA:199,7,0,0
BRDA:199,7,1,0
BRDA:213,8,0,0
BRDA:213,8,1,0
BRDA:225,9,0,0
BRDA:225,9,1,0
BRDA:232,10,0,0
BRDA:232,10,1,0
BRDA:233,11,0,0
BRDA:233,11,1,0
BRDA:254,12,0,0
BRDA:275,13,0,0
BRDA:284,14,0,0
BRDA:297,15,0,0
BRDA:297,16,0,0
BRDA:297,16,1,0
BRDA:299,17,0,0
BRDA:301,18,0,0
BRDA:301,18,1,0
BRDA:307,19,0,0
BRDA:343,20,0,0
BRDA:343,20,1,0
BRDA:349,21,0,0
BRDA:349,21,1,0
BRDA:350,22,0,0
BRDA:350,22,1,0
BRDA:359,23,0,0
BRDA:359,23,1,0
BRDA:363,24,0,0
BRDA:363,24,1,0
BRDA:372,25,0,0
BRDA:401,26,0,0
BRDA:421,27,0,0
BRDA:421,27,1,0
BRDA:428,28,0,0
BRDA:428,28,1,0
BRDA:443,29,0,0
BRDA:443,29,1,0
BRDA:444,30,0,0
BRDA:466,31,0,0
BRDA:466,31,1,0
BRDA:475,32,0,0
BRDA:491,33,0,0
BRDA:491,33,1,0
BRDA:500,34,0,0
BRDA:500,34,1,0
BRDA:522,35,0,0
BRDA:532,36,0,0
BRDA:535,37,0,0
BRDA:535,37,1,0
BRDA:538,38,0,0
BRDA:580,39,0,0
BRDA:580,39,1,0
BRF:62
BRH:0
end_of_record
TN:
SF:src/panels/AgentTemplateEditor.ts
FN:11,(anonymous_9)
FN:46,(anonymous_10)
FN:61,(anonymous_11)
FN:64,(anonymous_12)
FN:82,(anonymous_13)
FN:92,(anonymous_14)
FN:100,(anonymous_15)
FN:105,(anonymous_16)
FN:109,(anonymous_17)
FN:719,(anonymous_18)
FNF:10
FNH:0
FNDA:0,(anonymous_9)
FNDA:0,(anonymous_10)
FNDA:0,(anonymous_11)
FNDA:0,(anonymous_12)
FNDA:0,(anonymous_13)
FNDA:0,(anonymous_14)
FNDA:0,(anonymous_15)
FNDA:0,(anonymous_16)
FNDA:0,(anonymous_17)
FNDA:0,(anonymous_18)
DA:1,0
DA:4,0
DA:7,0
DA:16,0
DA:20,0
DA:21,0
DA:22,0
DA:23,0
DA:25,0
DA:28,0
DA:38,0
DA:52,0
DA:53,0
DA:55,0
DA:57,0
DA:58,0
DA:61,0
DA:63,0
DA:65,0
DA:67,0
DA:68,0
DA:70,0
DA:71,0
DA:73,0
DA:74,0
DA:83,0
DA:84,0
DA:85,0
DA:93,0
DA:94,0
DA:95,0
DA:96,0
DA:102,0
DA:106,0
DA:110,0
DA:720,0
DA:721,0
DA:722,0
DA:723,0
DA:724,0
DA:725,0
LF:41
LH:0
BRDA:16,0,0,0
BRDA:16,0,1,0
BRDA:20,1,0,0
BRDA:22,2,0,0
BRDA:31,3,0,0
BRDA:31,3,1,0
BRDA:57,4,0,0
BRDA:65,5,0,0
BRDA:65,5,1,0
BRDA:65,5,2,0
BRDA:84,6,0,0
BRDA:94,7,0,0
BRDA:724,8,0,0
BRF:13
BRH:0
end_of_record
TN:
SF:src/panels/ConductorPanel.ts
FN:14,(anonymous_9)
FN:28,(anonymous_10)
FN:30,(anonymous_11)
FN:42,(anonymous_12)
FN:72,(anonymous_13)
FN:85,(anonymous_14)
FN:90,(anonymous_15)
FNF:7
FNH:0
FNDA:0,(anonymous_9)
FNDA:0,(anonymous_10)
FNDA:0,(anonymous_11)
FNDA:0,(anonymous_12)
FNDA:0,(anonymous_13)
FNDA:0,(anonymous_14)
FNDA:0,(anonymous_15)
DA:1,0
DA:3,0
DA:4,0
DA:5,0
DA:7,0
DA:12,0
DA:16,0
DA:17,0
DA:18,0
DA:20,0
DA:21,0
DA:22,0
DA:25,0
DA:28,0
DA:31,0
DA:32,0
DA:34,0
DA:35,0
DA:48,0
DA:61,0
DA:62,0
DA:69,0
DA:77,0
DA:78,0
DA:79,0
DA:82,0
DA:86,0
DA:91,0
DA:92,0
DA:95,0
DA:96,0
DA:99,0
DA:102,0
LF:33
LH:0
BRDA:34,0,0,0
BRDA:34,1,0,0
BRDA:34,1,1,0
BRDA:46,2,0,0
BRDA:77,3,0,0
BRDA:91,4,0,0
BRF:6
BRH:0
end_of_record
TN:
SF:src/panels/EnhancedConductorPanel.ts
FN:14,(anonymous_9)
FN:28,(anonymous_10)
FN:30,(anonymous_11)
FN:42,(anonymous_12)
FN:72,(anonymous_13)
FN:86,(anonymous_14)
FN:90,(anonymous_15)
FNF:7
FNH:0
FNDA:0,(anonymous_9)
FNDA:0,(anonymous_10)
FNDA:0,(anonymous_11)
FNDA:0,(anonymous_12)
FNDA:0,(anonymous_13)
FNDA:0,(anonymous_14)
FNDA:0,(anonymous_15)
DA:1,0
DA:3,0
DA:4,0
DA:5,0
DA:7,0
DA:12,0
DA:16,0
DA:17,0
DA:18,0
DA:20,0
DA:21,0
DA:22,0
DA:25,0
DA:28,0
DA:31,0
DA:32,0
DA:34,0
DA:35,0
DA:48,0
DA:61,0
DA:62,0
DA:69,0
DA:77,0
DA:78,0
DA:79,0
DA:82,0
DA:87,0
DA:91,0
DA:92,0
DA:95,0
DA:96,0
DA:99,0
DA:102,0
LF:33
LH:0
BRDA:34,0,0,0
BRDA:34,1,0,0
BRDA:34,1,1,0
BRDA:46,2,0,0
BRDA:77,3,0,0
BRDA:91,4,0,0
BRF:6
BRH:0
end_of_record
TN:
SF:src/panels/panelBinder.ts
FN:8,(anonymous_0)
FN:10,(anonymous_1)
FN:14,(anonymous_2)
FN:26,(anonymous_3)
FN:41,(anonymous_4)
FN:48,(anonymous_5)
FN:56,(anonymous_6)
FN:65,(anonymous_7)
FN:74,(anonymous_8)
FN:83,(anonymous_9)
FNF:10
FNH:0
FNDA:0,(anonymous_0)
FNDA:0,(anonymous_1)
FNDA:0,(anonymous_2)
FNDA:0,(anonymous_3)
FNDA:0,(anonymous_4)
FNDA:0,(anonymous_5)
FNDA:0,(anonymous_6)
FNDA:0,(anonymous_7)
FNDA:0,(anonymous_8)
FNDA:0,(anonymous_9)
DA:4,0
DA:5,0
DA:6,0
DA:8,0
DA:11,0
DA:20,0
DA:21,0
DA:22,0
DA:26,0
DA:27,0
DA:28,0
DA:29,0
DA:30,0
DA:31,0
DA:33,0
DA:35,0
DA:36,0
DA:41,0
DA:42,0
DA:46,0
DA:47,0
DA:49,0
DA:55,0
DA:57,0
DA:58,0
DA:64,0
DA:66,0
DA:67,0
DA:69,0
DA:75,0
DA:76,0
DA:79,0
DA:80,0
DA:83,0
DA:84,0
DA:85,0
DA:87,0
DA:90,0
LF:38
LH:0
BRDA:18,0,0,0
BRDA:20,1,0,0
BRDA:28,2,0,0
BRDA:28,2,1,0
BRDA:30,3,0,0
BRDA:46,4,0,0
BRDA:57,5,0,0
BRDA:66,6,0,0
BRDA:75,7,0,0
BRF:9
BRH:0
end_of_record
TN:
SF:src/persistence/AgentPersistence.ts
FN:19,(anonymous_9)
FN:34,(anonymous_10)
FN:48,(anonymous_11)
FN:52,(anonymous_12)
FN:72,(anonymous_13)
FN:94,(anonymous_14)
FN:114,(anonymous_15)
FN:134,(anonymous_16)
FN:166,(anonymous_17)
FN:183,(anonymous_18)
FN:208,(anonymous_19)
FN:226,(anonymous_20)
FN:249,(anonymous_21)
FN:253,(anonymous_22)
FN:262,(anonymous_23)
FN:274,(anonymous_24)
FN:288,(anonymous_25)
FNF:17
FNH:0
FNDA:0,(anonymous_9)
FNDA:0,(anonymous_10)
FNDA:0,(anonymous_11)
FNDA:0,(anonymous_12)
FNDA:0,(anonymous_13)
FNDA:0,(anonymous_14)
FNDA:0,(anonymous_15)
FNDA:0,(anonymous_16)
FNDA:0,(anonymous_17)
FNDA:0,(anonymous_18)
FNDA:0,(anonymous_19)
FNDA:0,(anonymous_20)
FNDA:0,(anonymous_21)
FNDA:0,(anonymous_22)
FNDA:0,(anonymous_23)
FNDA:0,(anonymous_24)
FNDA:0,(anonymous_25)
DA:2,0
DA:3,0
DA:4,0
DA:11,0
DA:20,0
DA:22,0
DA:23,0
DA:24,0
DA:25,0
DA:26,0
DA:28,0
DA:35,0
DA:36,0
DA:37,0
DA:39,0
DA:40,0
DA:41,0
DA:49,0
DA:52,0
DA:65,0
DA:66,0
DA:73,0
DA:75,0
DA:76,0
DA:77,0
DA:80,0
DA:81,0
DA:82,0
DA:83,0
DA:84,0
DA:86,0
DA:87,0
DA:95,0
DA:97,0
DA:99,0
DA:100,0
DA:101,0
DA:104,0
DA:105,0
DA:108,0
DA:115,0
DA:117,0
DA:118,0
DA:121,0
DA:122,0
DA:123,0
DA:124,0
DA:126,0
DA:127,0
DA:135,0
DA:141,0
DA:143,0
DA:144,0
DA:145,0
DA:146,0
DA:147,0
DA:149,0
DA:153,0
DA:156,0
DA:157,0
DA:160,0
DA:167,0
DA:169,0
DA:170,0
DA:174,0
DA:175,0
DA:177,0
DA:184,0
DA:185,0
DA:186,0
DA:189,0
DA:190,0
DA:192,0
DA:193,0
DA:194,0
DA:195,0
DA:197,0
DA:198,0
DA:199,0
DA:200,0
DA:210,0
DA:211,0
DA:215,0
DA:216,0
DA:217,0
DA:220,0
DA:227,0
DA:228,0
DA:230,0
DA:232,0
DA:233,0
DA:234,0
DA:235,0
DA:236,0
DA:238,0
DA:239,0
DA:240,0
DA:241,0
DA:245,0
DA:246,0
DA:250,0
DA:254,0
DA:256,0
DA:257,0
DA:258,0
DA:262,0
DA:263,0
DA:264,0
DA:267,0
DA:269,0
DA:270,0
DA:275,0
DA:276,0
DA:277,0
DA:278,0
DA:281,0
DA:282,0
DA:283,0
DA:284,0
DA:288,0
DA:289,0
DA:290,0
DA:291,0
DA:292,0
DA:296,0
DA:297,0
DA:298,0
DA:301,0
DA:302,0
LF:129
LH:0
BRDA:35,0,0,0
BRDA:39,1,0,0
BRDA:75,2,0,0
BRDA:94,3,0,0
BRDA:97,4,0,0
BRDA:97,4,1,0
BRDA:97,5,0,0
BRDA:97,5,1,0
BRDA:117,6,0,0
BRDA:144,7,0,0
BRDA:156,8,0,0
BRDA:169,9,0,0
BRDA:183,10,0,0
BRDA:185,11,0,0
BRDA:197,12,0,0
BRDA:210,13,0,0
BRDA:239,14,0,0
BRDA:257,15,0,0
BRDA:277,16,0,0
BRDA:283,17,0,0
BRDA:297,18,0,0
BRF:21
BRH:0
end_of_record
TN:
SF:src/services/AgentLifecycleManager.ts
FN:12,(anonymous_9)
FN:27,(anonymous_10)
FN:32,(anonymous_11)
FN:86,(anonymous_12)
FN:96,(anonymous_13)
FN:117,(anonymous_14)
FN:156,(anonymous_15)
FNF:7
FNH:0
FNDA:0,(anonymous_9)
FNDA:0,(anonymous_10)
FNDA:0,(anonymous_11)
FNDA:0,(anonymous_12)
FNDA:0,(anonymous_13)
FNDA:0,(anonymous_14)
FNDA:0,(anonymous_15)
DA:1,0
DA:4,0
DA:6,0
DA:7,0
DA:13,0
DA:14,0
DA:15,0
DA:16,0
DA:17,0
DA:22,0
DA:23,0
DA:24,0
DA:29,0
DA:33,0
DA:36,0
DA:48,0
DA:51,0
DA:57,0
DA:61,0
DA:73,0
DA:76,0
DA:77,0
DA:81,0
DA:85,0
DA:86,0
DA:87,0
DA:88,0
DA:89,0
DA:91,0
DA:96,0
DA:97,0
DA:100,0
DA:101,0
DA:102,0
DA:103,0
DA:105,0
DA:108,0
DA:109,0
DA:114,0
DA:118,0
DA:121,0
DA:122,0
DA:126,0
DA:127,0
DA:128,0
DA:132,0
DA:135,0
DA:136,0
DA:138,0
DA:139,0
DA:141,0
DA:145,0
DA:146,0
DA:151,0
DA:152,0
DA:153,0
DA:158,0
DA:159,0
DA:160,0
DA:163,0
LF:60
LH:0
BRDA:33,0,0,0
BRDA:33,0,1,0
BRDA:48,1,0,0
BRDA:48,1,1,0
BRDA:57,2,0,0
BRDA:57,2,1,0
BRDA:76,3,0,0
BRDA:85,4,0,0
BRDA:86,5,0,0
BRDA:86,5,1,0
BRDA:88,6,0,0
BRDA:108,7,0,0
BRDA:121,8,0,0
BRDA:127,9,0,0
BRDA:136,10,0,0
BRDA:138,11,0,0
BRDA:145,12,0,0
BRDA:159,13,0,0
BRF:18
BRH:0
end_of_record
TN:
SF:src/services/CommandService.ts
FN:11,(anonymous_9)
FN:16,(anonymous_10)
FN:31,(anonymous_11)
FN:46,(anonymous_12)
FN:57,(anonymous_13)
FN:61,(anonymous_14)
FN:65,(anonymous_15)
FN:80,(anonymous_16)
FN:82,(anonymous_17)
FNF:9
FNH:0
FNDA:0,(anonymous_9)
FNDA:0,(anonymous_10)
FNDA:0,(anonymous_11)
FNDA:0,(anonymous_12)
FNDA:0,(anonymous_13)
FNDA:0,(anonymous_14)
FNDA:0,(anonymous_15)
FNDA:0,(anonymous_16)
FNDA:0,(anonymous_17)
DA:1,0
DA:4,0
DA:5,0
DA:6,0
DA:7,0
DA:12,0
DA:13,0
DA:17,0
DA:18,0
DA:19,0
DA:22,0
DA:23,0
DA:24,0
DA:25,0
DA:27,0
DA:28,0
DA:32,0
DA:33,0
DA:34,0
DA:37,0
DA:38,0
DA:39,0
DA:40,0
DA:42,0
DA:43,0
DA:47,0
DA:48,0
DA:49,0
DA:51,0
DA:52,0
DA:53,0
DA:58,0
DA:62,0
DA:66,0
DA:67,0
DA:68,0
DA:69,0
DA:70,0
DA:73,0
DA:74,0
DA:75,0
DA:81,0
DA:82,0
DA:83,0
DA:84,0
DA:85,0
LF:46
LH:0
BRDA:17,0,0,0
BRDA:32,1,0,0
BRDA:51,2,0,0
BRDA:51,2,1,0
BRDA:57,3,0,0
BRDA:67,4,0,0
BRDA:74,5,0,0
BRF:7
BRH:0
end_of_record
TN:
SF:src/services/ConnectionPoolService.ts
FN:28,(anonymous_0)
FN:39,(anonymous_1)
FN:83,(anonymous_2)
FN:94,(anonymous_3)
FN:98,(anonymous_4)
FN:112,(anonymous_5)
FN:164,(anonymous_6)
FN:168,(anonymous_7)
FN:172,(anonymous_8)
FN:177,(anonymous_9)
FN:207,(anonymous_10)
FN:238,(anonymous_11)
FN:264,(anonymous_12)
FN:271,(anonymous_13)
FN:281,(anonymous_14)
FN:295,(anonymous_15)
FN:312,(anonymous_16)
FN:326,(anonymous_17)
FN:330,(anonymous_18)
FN:345,(anonymous_19)
FN:347,(anonymous_20)
FN:366,(anonymous_21)
FN:372,(anonymous_22)
FN:378,(anonymous_23)
FN:399,(anonymous_24)
FN:404,(anonymous_25)
FN:456,(anonymous_26)
FNF:27
FNH:0
FNDA:0,(anonymous_0)
FNDA:0,(anonymous_1)
FNDA:0,(anonymous_2)
FNDA:0,(anonymous_3)
FNDA:0,(anonymous_4)
FNDA:0,(anonymous_5)
FNDA:0,(anonymous_6)
FNDA:0,(anonymous_7)
FNDA:0,(anonymous_8)
FNDA:0,(anonymous_9)
FNDA:0,(anonymous_10)
FNDA:0,(anonymous_11)
FNDA:0,(anonymous_12)
FNDA:0,(anonymous_13)
FNDA:0,(anonymous_14)
FNDA:0,(anonymous_15)
FNDA:0,(anonymous_16)
FNDA:0,(anonymous_17)
FNDA:0,(anonymous_18)
FNDA:0,(anonymous_19)
FNDA:0,(anonymous_20)
FNDA:0,(anonymous_21)
FNDA:0,(anonymous_22)
FNDA:0,(anonymous_23)
FNDA:0,(anonymous_24)
FNDA:0,(anonymous_25)
FNDA:0,(anonymous_26)
DA:1,0
DA:12,0
DA:18,0
DA:20,0
DA:21,0
DA:22,0
DA:24,0
DA:29,0
DA:30,0
DA:31,0
DA:32,0
DA:33,0
DA:35,0
DA:36,0
DA:40,0
DA:41,0
DA:51,0
DA:58,0
DA:60,0
DA:66,0
DA:69,0
DA:72,0
DA:78,0
DA:79,0
DA:84,0
DA:85,0
DA:87,0
DA:95,0
DA:99,0
DA:100,0
DA:101,0
DA:102,0
DA:104,0
DA:113,0
DA:114,0
DA:115,0
DA:116,0
DA:120,0
DA:121,0
DA:124,0
DA:127,0
DA:128,0
DA:129,0
DA:130,0
DA:135,0
DA:136,0
DA:137,0
DA:139,0
DA:146,0
DA:153,0
DA:159,0
DA:160,0
DA:165,0
DA:169,0
DA:173,0
DA:174,0
DA:175,0
DA:177,0
DA:178,0
DA:179,0
DA:182,0
DA:183,0
DA:185,0
DA:189,0
DA:197,0
DA:208,0
DA:209,0
DA:210,0
DA:211,0
DA:214,0
DA:215,0
DA:216,0
DA:219,0
DA:220,0
DA:221,0
DA:222,0
DA:224,0
DA:230,0
DA:232,0
DA:233,0
DA:234,0
DA:239,0
DA:240,0
DA:241,0
DA:247,0
DA:254,0
DA:257,0
DA:261,0
DA:265,0
DA:266,0
DA:267,0
DA:270,0
DA:271,0
DA:272,0
DA:275,0
DA:282,0
DA:283,0
DA:286,0
DA:287,0
DA:288,0
DA:291,0
DA:292,0
DA:310,0
DA:312,0
DA:313,0
DA:323,0
DA:327,0
DA:330,0
DA:331,0
DA:332,0
DA:333,0
DA:336,0
DA:337,0
DA:341,0
DA:342,0
DA:347,0
DA:348,0
DA:349,0
DA:350,0
DA:351,0
DA:354,0
DA:358,0
DA:366,0
DA:367,0
DA:368,0
DA:372,0
DA:373,0
DA:374,0
DA:379,0
DA:390,0
DA:391,0
DA:392,0
DA:394,0
DA:395,0
DA:400,0
DA:401,0
DA:402,0
DA:404,0
DA:405,0
DA:406,0
DA:408,0
DA:409,0
DA:415,0
DA:420,0
DA:421,0
DA:428,0
DA:429,0
DA:432,0
DA:436,0
DA:441,0
DA:442,0
DA:445,0
DA:450,0
DA:456,0
DA:457,0
LF:155
LH:0
BRDA:44,0,0,0
BRDA:44,0,1,0
BRDA:47,1,0,0
BRDA:47,1,1,0
BRDA:78,2,0,0
BRDA:100,3,0,0
BRDA:114,4,0,0
BRDA:120,5,0,0
BRDA:129,6,0,0
BRDA:159,7,0,0
BRDA:173,8,0,0
BRDA:173,8,1,0
BRDA:178,9,0,0
BRDA:182,10,0,0
BRDA:182,10,1,0
BRDA:209,11,0,0
BRDA:214,12,0,0
BRDA:232,13,0,0
BRDA:232,13,1,0
BRDA:240,14,0,0
BRDA:265,15,0,0
BRDA:282,16,0,0
BRDA:286,17,0,0
BRDA:332,18,0,0
BRDA:336,19,0,0
BRDA:336,19,1,0
BRDA:349,20,0,0
BRDA:367,21,0,0
BRDA:367,21,1,0
BRDA:394,22,0,0
BRDA:394,22,1,0
BRDA:408,23,0,0
BRDA:408,23,1,0
BRDA:441,24,0,0
BRDA:441,24,1,0
BRDA:447,25,0,0
BRDA:447,25,1,0
BRF:37
BRH:0
end_of_record
TN:
SF:src/services/Container.ts
FN:9,(anonymous_0)
FN:13,(anonymous_1)
FN:17,(anonymous_2)
FN:29,(anonymous_3)
FN:32,(anonymous_4)
FN:43,(anonymous_5)
FN:86,(anonymous_6)
FN:97,(anonymous_7)
FN:101,(anonymous_8)
FN:105,(anonymous_9)
FNF:10
FNH:0
FNDA:0,(anonymous_0)
FNDA:0,(anonymous_1)
FNDA:0,(anonymous_2)
FNDA:0,(anonymous_3)
FNDA:0,(anonymous_4)
FNDA:0,(anonymous_5)
FNDA:0,(anonymous_6)
FNDA:0,(anonymous_7)
FNDA:0,(anonymous_8)
FNDA:0,(anonymous_9)
DA:1,0
DA:3,0
DA:4,0
DA:5,0
DA:6,0
DA:10,0
DA:14,0
DA:18,0
DA:24,0
DA:25,0
DA:30,0
DA:32,0
DA:36,0
DA:38,0
DA:39,0
DA:45,0
DA:46,0
DA:47,0
DA:48,0
DA:51,0
DA:52,0
DA:53,0
DA:57,0
DA:58,0
DA:59,0
DA:64,0
DA:66,0
DA:68,0
DA:71,0
DA:72,0
DA:75,0
DA:76,0
DA:79,0
DA:82,0
DA:87,0
DA:88,0
DA:90,0
DA:91,0
DA:93,0
DA:98,0
DA:102,0
DA:106,0
DA:109,0
DA:110,0
DA:111,0
DA:113,0
DA:114,0
DA:115,0
DA:116,0
DA:118,0
DA:120,0
DA:121,0
DA:122,0
DA:124,0
DA:125,0
DA:129,0
DA:130,0
DA:136,0
DA:137,0
DA:138,0
DA:140,0
LF:61
LH:0
BRDA:17,0,0,0
BRDA:24,1,0,0
BRDA:38,2,0,0
BRDA:45,3,0,0
BRDA:52,4,0,0
BRDA:57,5,0,0
BRDA:58,6,0,0
BRDA:71,7,0,0
BRDA:75,8,0,0
BRDA:90,9,0,0
BRDA:110,10,0,0
BRDA:113,11,0,0
BRDA:113,11,1,0
BRDA:115,12,0,0
BRDA:118,13,0,0
BRDA:121,14,0,0
BRDA:124,15,0,0
BRDA:129,16,0,0
BRDA:129,16,1,0
BRF:19
BRH:0
end_of_record
TN:
SF:src/services/ErrorHandler.ts
FN:10,(anonymous_0)
FN:15,(anonymous_1)
FN:43,(anonymous_2)
FN:62,(anonymous_3)
FN:76,(anonymous_4)
FN:88,(anonymous_5)
FN:111,(anonymous_6)
FN:121,(anonymous_7)
FN:131,(anonymous_8)
FN:154,(anonymous_9)
FN:171,(anonymous_10)
FN:199,(anonymous_11)
FN:205,(anonymous_12)
FN:216,(anonymous_13)
FNF:14
FNH:0
FNDA:0,(anonymous_0)
FNDA:0,(anonymous_1)
FNDA:0,(anonymous_2)
FNDA:0,(anonymous_3)
FNDA:0,(anonymous_4)
FNDA:0,(anonymous_5)
FNDA:0,(anonymous_6)
FNDA:0,(anonymous_7)
FNDA:0,(anonymous_8)
FNDA:0,(anonymous_9)
FNDA:0,(anonymous_10)
FNDA:0,(anonymous_11)
FNDA:0,(anonymous_12)
FNDA:0,(anonymous_13)
DA:4,0
DA:5,0
DA:6,0
DA:7,0
DA:8,0
DA:11,0
DA:12,0
DA:17,0
DA:18,0
DA:22,0
DA:23,0
DA:24,0
DA:27,0
DA:28,0
DA:29,0
DA:30,0
DA:34,0
DA:35,0
DA:36,0
DA:37,0
DA:40,0
DA:44,0
DA:46,0
DA:47,0
DA:51,0
DA:52,0
DA:53,0
DA:54,0
DA:55,0
DA:56,0
DA:59,0
DA:63,0
DA:65,0
DA:67,0
DA:69,0
DA:72,0
DA:77,0
DA:78,0
DA:85,0
DA:90,0
DA:93,0
DA:94,0
DA:97,0
DA:99,0
DA:100,0
DA:102,0
DA:103,0
DA:105,0
DA:106,0
DA:112,0
DA:113,0
DA:115,0
DA:116,0
DA:117,0
DA:122,0
DA:123,0
DA:125,0
DA:126,0
DA:127,0
DA:138,0
DA:139,0
DA:140,0
DA:142,0
DA:144,0
DA:145,0
DA:146,0
DA:153,0
DA:154,0
DA:156,0
DA:166,0
DA:167,0
DA:173,0
DA:174,0
DA:176,0
DA:177,0
DA:179,0
DA:180,0
DA:184,0
DA:185,0
DA:187,0
DA:188,0
DA:190,0
DA:191,0
DA:195,0
DA:200,0
DA:201,0
DA:206,0
DA:208,0
DA:209,0
DA:210,0
DA:213,0
DA:217,0
DA:218,0
LF:93
LH:0
BRDA:17,0,0,0
BRDA:23,1,0,0
BRDA:23,1,1,0
BRDA:24,2,0,0
BRDA:24,2,1,0
BRDA:27,3,0,0
BRDA:34,4,0,0
BRDA:44,5,0,0
BRDA:44,5,1,0
BRDA:46,6,0,0
BRDA:51,7,0,0
BRDA:51,7,1,0
BRDA:53,8,0,0
BRDA:53,8,1,0
BRDA:55,9,0,0
BRDA:65,10,0,0
BRDA:65,10,1,0
BRDA:65,10,2,0
BRDA:65,10,3,0
BRDA:77,11,0,0
BRDA:77,11,1,0
BRDA:81,12,0,0
BRDA:81,12,1,0
BRDA:82,13,0,0
BRDA:82,13,1,0
BRDA:88,14,0,0
BRDA:93,15,0,0
BRDA:93,16,0,0
BRDA:93,16,1,0
BRDA:97,17,0,0
BRDA:97,17,1,0
BRDA:97,17,2,0
BRDA:115,18,0,0
BRDA:115,18,1,0
BRDA:125,19,0,0
BRDA:125,19,1,0
BRDA:133,20,0,0
BRDA:142,21,0,0
BRDA:142,21,1,0
BRDA:144,22,0,0
BRDA:144,22,1,0
BRDA:173,23,0,0
BRDA:173,24,0,0
BRDA:173,24,1,0
BRDA:176,25,0,0
BRDA:176,26,0,0
BRDA:176,26,1,0
BRDA:179,27,0,0
BRDA:179,28,0,0
BRDA:179,28,1,0
BRDA:184,29,0,0
BRDA:187,30,0,0
BRDA:190,31,0,0
BRDA:190,32,0,0
BRDA:190,32,1,0
BRDA:209,33,0,0
BRDA:209,33,1,0
BRF:57
BRH:0
end_of_record
TN:
SF:src/services/EventBus.ts
FN:12,(anonymous_9)
FN:19,(anonymous_10)
FN:26,(anonymous_11)
FN:35,(anonymous_12)
FN:39,(anonymous_13)
FN:51,(anonymous_14)
FN:59,(anonymous_15)
FN:70,(anonymous_16)
FN:77,(anonymous_17)
FN:99,(anonymous_18)
FN:130,(anonymous_19)
FN:136,(anonymous_20)
FN:148,(anonymous_21)
FN:154,(anonymous_22)
FN:165,(anonymous_23)
FN:178,(anonymous_24)
FN:188,(anonymous_25)
FN:199,(anonymous_26)
FN:200,(anonymous_27)
FN:210,(anonymous_28)
FN:218,(anonymous_29)
FN:223,(anonymous_30)
FN:228,(anonymous_31)
FN:234,(anonymous_32)
FN:247,(anonymous_33)
FNF:25
FNH:0
FNDA:0,(anonymous_9)
FNDA:0,(anonymous_10)
FNDA:0,(anonymous_11)
FNDA:0,(anonymous_12)
FNDA:0,(anonymous_13)
FNDA:0,(anonymous_14)
FNDA:0,(anonymous_15)
FNDA:0,(anonymous_16)
FNDA:0,(anonymous_17)
FNDA:0,(anonymous_18)
FNDA:0,(anonymous_19)
FNDA:0,(anonymous_20)
FNDA:0,(anonymous_21)
FNDA:0,(anonymous_22)
FNDA:0,(anonymous_23)
FNDA:0,(anonymous_24)
FNDA:0,(anonymous_25)
FNDA:0,(anonymous_26)
FNDA:0,(anonymous_27)
FNDA:0,(anonymous_28)
FNDA:0,(anonymous_29)
FNDA:0,(anonymous_30)
FNDA:0,(anonymous_31)
FNDA:0,(anonymous_32)
FNDA:0,(anonymous_33)
DA:1,0
DA:4,0
DA:5,0
DA:6,0
DA:7,0
DA:8,0
DA:9,0
DA:10,0
DA:12,0
DA:14,0
DA:15,0
DA:20,0
DA:22,0
DA:25,0
DA:26,0
DA:27,0
DA:29,0
DA:30,0
DA:36,0
DA:40,0
DA:41,0
DA:42,0
DA:44,0
DA:45,0
DA:49,0
DA:50,0
DA:51,0
DA:52,0
DA:56,0
DA:60,0
DA:61,0
DA:62,0
DA:63,0
DA:65,0
DA:71,0
DA:73,0
DA:74,0
DA:78,0
DA:80,0
DA:81,0
DA:84,0
DA:85,0
DA:87,0
DA:90,0
DA:91,0
DA:94,0
DA:96,0
DA:100,0
DA:102,0
DA:103,0
DA:104,0
DA:105,0
DA:106,0
DA:107,0
DA:110,0
DA:111,0
DA:112,0
DA:116,0
DA:117,0
DA:118,0
DA:122,0
DA:123,0
DA:124,0
DA:131,0
DA:133,0
DA:134,0
DA:136,0
DA:137,0
DA:138,0
DA:139,0
DA:140,0
DA:144,0
DA:145,0
DA:149,0
DA:151,0
DA:152,0
DA:154,0
DA:155,0
DA:156,0
DA:160,0
DA:163,0
DA:166,0
DA:167,0
DA:169,0
DA:170,0
DA:171,0
DA:179,0
DA:180,0
DA:183,0
DA:186,0
DA:187,0
DA:188,0
DA:189,0
DA:194,0
DA:195,0
DA:198,0
DA:200,0
DA:202,0
DA:203,0
DA:204,0
DA:212,0
DA:213,0
DA:214,0
DA:219,0
DA:224,0
DA:225,0
DA:229,0
DA:230,0
DA:234,0
DA:235,0
DA:238,0
DA:241,0
DA:244,0
DA:247,0
DA:248,0
LF:115
LH:0
BRDA:14,0,0,0
BRDA:25,1,0,0
BRDA:29,2,0,0
BRDA:36,3,0,0
BRDA:36,3,1,0
BRDA:40,4,0,0
BRDA:44,5,0,0
BRDA:50,6,0,0
BRDA:60,7,0,0
BRDA:62,8,0,0
BRDA:62,8,1,0
BRDA:84,9,0,0
BRDA:90,10,0,0
BRDA:90,10,1,0
BRDA:103,11,0,0
BRDA:105,12,0,0
BRDA:111,13,0,0
BRDA:116,14,0,0
BRDA:116,14,1,0
BRDA:117,15,0,0
BRDA:122,16,0,0
BRDA:137,17,0,0
BRDA:155,18,0,0
BRDA:170,19,0,0
BRDA:179,20,0,0
BRDA:187,21,0,0
BRDA:203,22,0,0
BRDA:224,23,0,0
BRDA:224,23,1,0
BRDA:229,24,0,0
BRF:30
BRH:0
end_of_record
TN:
SF:src/services/EventConstants.ts
FNF:0
FNH:0
DA:7,0
DA:64,0
DA:75,0
DA:110,0
LF:4
LH:0
BRF:0
BRH:0
end_of_record
TN:
SF:src/services/InMemoryMessagePersistenceService.ts
FN:20,(anonymous_0)
FN:29,(anonymous_1)
FN:66,(anonymous_2)
FN:100,(anonymous_3)
FN:124,(anonymous_4)
FN:131,(anonymous_5)
FN:141,(anonymous_6)
FN:180,(anonymous_7)
FN:206,(anonymous_8)
FN:214,(anonymous_9)
FN:228,(anonymous_10)
FNF:11
FNH:0
FNDA:0,(anonymous_0)
FNDA:0,(anonymous_1)
FNDA:0,(anonymous_2)
FNDA:0,(anonymous_3)
FNDA:0,(anonymous_4)
FNDA:0,(anonymous_5)
FNDA:0,(anonymous_6)
FNDA:0,(anonymous_7)
FNDA:0,(anonymous_8)
FNDA:0,(anonymous_9)
FNDA:0,(anonymous_10)
DA:9,0
DA:15,0
DA:16,0
DA:17,0
DA:18,0
DA:21,0
DA:22,0
DA:23,0
DA:25,0
DA:26,0
DA:30,0
DA:31,0
DA:32,0
DA:35,0
DA:37,0
DA:40,0
DA:41,0
DA:44,0
DA:50,0
DA:57,0
DA:58,0
DA:62,0
DA:67,0
DA:68,0
DA:69,0
DA:72,0
DA:74,0
DA:75,0
DA:76,0
DA:78,0
DA:85,0
DA:88,0
DA:89,0
DA:94,0
DA:101,0
DA:102,0
DA:105,0
DA:107,0
DA:108,0
DA:110,0
DA:114,0
DA:116,0
DA:120,0
DA:123,0
DA:124,0
DA:125,0
DA:130,0
DA:131,0
DA:132,0
DA:137,0
DA:138,0
DA:139,0
DA:141,0
DA:142,0
DA:143,0
DA:144,0
DA:145,0
DA:150,0
DA:151,0
DA:154,0
DA:155,0
DA:156,0
DA:158,0
DA:167,0
DA:170,0
DA:171,0
DA:176,0
DA:181,0
DA:182,0
DA:185,0
DA:186,0
DA:187,0
DA:189,0
DA:193,0
DA:198,0
DA:199,0
DA:202,0
DA:207,0
DA:208,0
DA:211,0
DA:212,0
DA:213,0
DA:214,0
DA:217,0
DA:220,0
DA:221,0
DA:224,0
DA:229,0
DA:230,0
DA:231,0
LF:90
LH:0
BRDA:30,0,0,0
BRDA:40,1,0,0
BRDA:57,2,0,0
BRDA:57,2,1,0
BRDA:66,3,0,0
BRDA:66,4,0,0
BRDA:67,5,0,0
BRDA:88,6,0,0
BRDA:88,6,1,0
BRDA:101,7,0,0
BRDA:108,8,0,0
BRDA:108,8,1,0
BRDA:114,9,0,0
BRDA:123,10,0,0
BRDA:125,11,0,0
BRDA:125,11,1,0
BRDA:130,12,0,0
BRDA:137,13,0,0
BRDA:143,14,0,0
BRDA:143,15,0,0
BRDA:143,15,1,0
BRDA:144,16,0,0
BRDA:144,17,0,0
BRDA:144,17,1,0
BRDA:150,18,0,0
BRDA:150,18,1,0
BRDA:151,19,0,0
BRDA:151,19,1,0
BRDA:170,20,0,0
BRDA:170,20,1,0
BRDA:181,21,0,0
BRDA:198,22,0,0
BRDA:198,22,1,0
BRDA:207,23,0,0
BRDA:213,24,0,0
BRDA:213,24,1,0
BRDA:220,25,0,0
BRDA:220,25,1,0
BRF:38
BRH:0
end_of_record
TN:
SF:src/services/LoggingService.ts
FN:11,(anonymous_9)
FN:22,(anonymous_10)
FN:28,(anonymous_11)
FN:43,(anonymous_12)
FN:50,(anonymous_13)
FN:67,(anonymous_14)
FN:86,(anonymous_15)
FN:90,(anonymous_16)
FN:94,(anonymous_17)
FN:98,(anonymous_18)
FN:102,(anonymous_19)
FN:106,(anonymous_20)
FN:114,(anonymous_21)
FN:118,(anonymous_22)
FN:127,(anonymous_23)
FN:131,(anonymous_24)
FN:132,(anonymous_25)
FN:136,(anonymous_26)
FNF:18
FNH:0
FNDA:0,(anonymous_9)
FNDA:0,(anonymous_10)
FNDA:0,(anonymous_11)
FNDA:0,(anonymous_12)
FNDA:0,(anonymous_13)
FNDA:0,(anonymous_14)
FNDA:0,(anonymous_15)
FNDA:0,(anonymous_16)
FNDA:0,(anonymous_17)
FNDA:0,(anonymous_18)
FNDA:0,(anonymous_19)
FNDA:0,(anonymous_20)
FNDA:0,(anonymous_21)
FNDA:0,(anonymous_22)
FNDA:0,(anonymous_23)
FNDA:0,(anonymous_24)
FNDA:0,(anonymous_25)
FNDA:0,(anonymous_26)
DA:1,0
DA:4,0
DA:6,0
DA:7,0
DA:8,0
DA:9,0
DA:12,0
DA:15,0
DA:16,0
DA:19,0
DA:22,0
DA:23,0
DA:25,0
DA:29,0
DA:30,0
DA:31,0
DA:32,0
DA:35,0
DA:36,0
DA:37,0
DA:39,0
DA:44,0
DA:45,0
DA:46,0
DA:47,0
DA:51,0
DA:52,0
DA:54,0
DA:56,0
DA:57,0
DA:58,0
DA:60,0
DA:64,0
DA:68,0
DA:69,0
DA:72,0
DA:75,0
DA:78,0
DA:79,0
DA:82,0
DA:87,0
DA:91,0
DA:95,0
DA:99,0
DA:103,0
DA:107,0
DA:108,0
DA:109,0
DA:111,0
DA:115,0
DA:119,0
DA:120,0
DA:121,0
DA:122,0
DA:123,0
DA:128,0
DA:132,0
DA:133,0
DA:136,0
DA:137,0
DA:138,0
DA:141,0
DA:143,0
LF:63
LH:0
BRDA:30,0,0,0
BRDA:36,1,0,0
BRDA:36,1,1,0
BRDA:56,2,0,0
BRDA:57,3,0,0
BRDA:57,3,1,0
BRDA:68,4,0,0
BRDA:78,5,0,0
BRDA:79,6,0,0
BRDA:79,6,1,0
BRDA:80,7,0,0
BRDA:80,7,1,0
BRDA:81,8,0,0
BRDA:81,8,1,0
BRDA:107,9,0,0
BRDA:120,10,0,0
BRDA:137,11,0,0
BRF:17
BRH:0
end_of_record
TN:
SF:src/services/MessagePersistenceService.ts
FN:26,(anonymous_9)
FN:45,(anonymous_10)
FN:63,(anonymous_11)
FN:98,(anonymous_12)
FN:130,(anonymous_13)
FN:161,(anonymous_14)
FN:168,(anonymous_15)
FN:178,(anonymous_16)
FN:211,(anonymous_17)
FN:222,(anonymous_18)
FN:246,(anonymous_19)
FN:255,(anonymous_20)
FN:269,(anonymous_21)
FN:276,(anonymous_22)
FN:312,(anonymous_23)
FN:317,(anonymous_24)
FN:334,(anonymous_25)
FN:341,(anonymous_26)
FN:343,(anonymous_27)
FN:346,(anonymous_28)
FN:367,(anonymous_29)
FN:380,(anonymous_30)
FN:403,(anonymous_31)
FN:457,(anonymous_32)
FN:461,(anonymous_33)
FN:462,(anonymous_34)
FN:463,(anonymous_35)
FN:467,(anonymous_36)
FN:468,(anonymous_37)
FN:480,(anonymous_38)
FN:492,(anonymous_39)
FN:526,(anonymous_40)
FN:530,(anonymous_41)
FN:531,(anonymous_42)
FN:536,(anonymous_43)
FNF:35
FNH:0
FNDA:0,(anonymous_9)
FNDA:0,(anonymous_10)
FNDA:0,(anonymous_11)
FNDA:0,(anonymous_12)
FNDA:0,(anonymous_13)
FNDA:0,(anonymous_14)
FNDA:0,(anonymous_15)
FNDA:0,(anonymous_16)
FNDA:0,(anonymous_17)
FNDA:0,(anonymous_18)
FNDA:0,(anonymous_19)
FNDA:0,(anonymous_20)
FNDA:0,(anonymous_21)
FNDA:0,(anonymous_22)
FNDA:0,(anonymous_23)
FNDA:0,(anonymous_24)
FNDA:0,(anonymous_25)
FNDA:0,(anonymous_26)
FNDA:0,(anonymous_27)
FNDA:0,(anonymous_28)
FNDA:0,(anonymous_29)
FNDA:0,(anonymous_30)
FNDA:0,(anonymous_31)
FNDA:0,(anonymous_32)
FNDA:0,(anonymous_33)
FNDA:0,(anonymous_34)
FNDA:0,(anonymous_35)
FNDA:0,(anonymous_36)
FNDA:0,(anonymous_37)
FNDA:0,(anonymous_38)
FNDA:0,(anonymous_39)
FNDA:0,(anonymous_40)
FNDA:0,(anonymous_41)
FNDA:0,(anonymous_42)
FNDA:0,(anonymous_43)
DA:1,0
DA:2,0
DA:3,0
DA:12,0
DA:14,0
DA:20,0
DA:21,0
DA:22,0
DA:23,0
DA:24,0
DA:27,0
DA:28,0
DA:29,0
DA:32,0
DA:33,0
DA:36,0
DA:37,0
DA:38,0
DA:39,0
DA:41,0
DA:42,0
DA:46,0
DA:47,0
DA:48,0
DA:51,0
DA:53,0
DA:56,0
DA:57,0
DA:58,0
DA:62,0
DA:63,0
DA:64,0
DA:65,0
DA:66,0
DA:68,0
DA:71,0
DA:74,0
DA:76,0
DA:82,0
DA:89,0
DA:90,0
DA:94,0
DA:99,0
DA:100,0
DA:101,0
DA:104,0
DA:106,0
DA:107,0
DA:108,0
DA:109,0
DA:114,0
DA:115,0
DA:118,0
DA:119,0
DA:124,0
DA:131,0
DA:132,0
DA:135,0
DA:137,0
DA:138,0
DA:140,0
DA:144,0
DA:146,0
DA:150,0
DA:151,0
DA:154,0
DA:155,0
DA:157,0
DA:160,0
DA:161,0
DA:162,0
DA:167,0
DA:168,0
DA:169,0
DA:174,0
DA:175,0
DA:176,0
DA:178,0
DA:179,0
DA:180,0
DA:181,0
DA:182,0
DA:187,0
DA:189,0
DA:198,0
DA:201,0
DA:202,0
DA:207,0
DA:212,0
DA:213,0
DA:216,0
DA:218,0
DA:221,0
DA:222,0
DA:224,0
DA:225,0
DA:226,0
DA:229,0
DA:233,0
DA:238,0
DA:239,0
DA:242,0
DA:247,0
DA:248,0
DA:251,0
DA:252,0
DA:253,0
DA:254,0
DA:255,0
DA:258,0
DA:261,0
DA:262,0
DA:265,0
DA:270,0
DA:271,0
DA:272,0
DA:273,0
DA:277,0
DA:278,0
DA:279,0
DA:281,0
DA:282,0
DA:284,0
DA:285,0
DA:286,0
DA:287,0
DA:288,0
DA:292,0
DA:297,0
DA:298,0
DA:299,0
DA:301,0
DA:302,0
DA:303,0
DA:308,0
DA:312,0
DA:318,0
DA:319,0
DA:320,0
DA:321,0
DA:322,0
DA:323,0
DA:325,0
DA:326,0
DA:335,0
DA:336,0
DA:337,0
DA:342,0
DA:343,0
DA:347,0
DA:348,0
DA:349,0
DA:352,0
DA:353,0
DA:355,0
DA:360,0
DA:361,0
DA:368,0
DA:369,0
DA:370,0
DA:372,0
DA:374,0
DA:377,0
DA:378,0
DA:380,0
DA:381,0
DA:382,0
DA:383,0
DA:386,0
DA:387,0
DA:392,0
DA:395,0
DA:396,0
DA:399,0
DA:404,0
DA:405,0
DA:408,0
DA:410,0
DA:412,0
DA:413,0
DA:415,0
DA:420,0
DA:423,0
DA:424,0
DA:425,0
DA:426,0
DA:427,0
DA:428,0
DA:430,0
DA:440,0
DA:441,0
DA:445,0
DA:446,0
DA:451,0
DA:452,0
DA:458,0
DA:459,0
DA:460,0
DA:461,0
DA:462,0
DA:463,0
DA:467,0
DA:468,0
DA:470,0
DA:472,0
DA:473,0
DA:476,0
DA:481,0
DA:482,0
DA:484,0
DA:485,0
DA:486,0
DA:489,0
DA:492,0
DA:493,0
DA:494,0
DA:495,0
DA:497,0
DA:500,0
DA:502,0
DA:508,0
DA:515,0
DA:519,0
DA:520,0
DA:527,0
DA:528,0
DA:529,0
DA:530,0
DA:531,0
DA:536,0
DA:539,0
DA:541,0
DA:542,0
DA:543,0
DA:546,0
DA:547,0
DA:553,0
DA:554,0
LF:238
LH:0
BRDA:33,0,0,0
BRDA:33,0,1,0
BRDA:46,1,0,0
BRDA:57,2,0,0
BRDA:89,3,0,0
BRDA:89,3,1,0
BRDA:98,4,0,0
BRDA:98,5,0,0
BRDA:99,6,0,0
BRDA:106,7,0,0
BRDA:106,8,0,0
BRDA:106,8,1,0
BRDA:108,9,0,0
BRDA:118,10,0,0
BRDA:118,10,1,0
BRDA:131,11,0,0
BRDA:138,12,0,0
BRDA:138,12,1,0
BRDA:144,13,0,0
BRDA:150,14,0,0
BRDA:150,14,1,0
BRDA:151,15,0,0
BRDA:151,15,1,0
BRDA:160,16,0,0
BRDA:162,17,0,0
BRDA:162,17,1,0
BRDA:167,18,0,0
BRDA:174,19,0,0
BRDA:180,20,0,0
BRDA:180,21,0,0
BRDA:180,21,1,0
BRDA:181,22,0,0
BRDA:181,23,0,0
BRDA:181,23,1,0
BRDA:201,24,0,0
BRDA:201,24,1,0
BRDA:212,25,0,0
BRDA:238,26,0,0
BRDA:238,26,1,0
BRDA:247,27,0,0
BRDA:254,28,0,0
BRDA:254,28,1,0
BRDA:261,29,0,0
BRDA:261,29,1,0
BRDA:284,30,0,0
BRDA:287,31,0,0
BRDA:301,32,0,0
BRDA:302,33,0,0
BRDA:302,33,1,0
BRDA:318,34,0,0
BRDA:325,35,0,0
BRDA:325,35,1,0
BRDA:335,36,0,0
BRDA:348,37,0,0
BRDA:360,38,0,0
BRDA:360,38,1,0
BRDA:378,39,0,0
BRDA:381,40,0,0
BRDA:386,41,0,0
BRDA:395,42,0,0
BRDA:395,42,1,0
BRDA:404,43,0,0
BRDA:425,44,0,0
BRDA:433,45,0,0
BRDA:433,45,1,0
BRDA:445,46,0,0
BRDA:445,46,1,0
BRDA:451,47,0,0
BRDA:461,48,0,0
BRDA:461,48,1,0
BRDA:472,49,0,0
BRDA:472,49,1,0
BRDA:484,50,0,0
BRDA:519,51,0,0
BRDA:519,51,1,0
BRDA:530,52,0,0
BRDA:530,52,1,0
BRDA:546,53,0,0
BRDA:553,54,0,0
BRDA:553,54,1,0
BRF:80
BRH:0
end_of_record
TN:
SF:src/services/MessageRouter.ts
FN:40,(anonymous_9)
FN:55,(anonymous_10)
FN:161,(anonymous_11)
FN:177,(anonymous_12)
FN:181,(anonymous_13)
FN:185,(anonymous_14)
FN:189,(anonymous_15)
FN:193,(anonymous_16)
FN:219,(anonymous_17)
FN:223,(anonymous_18)
FN:235,(anonymous_19)
FN:244,(anonymous_20)
FN:285,(anonymous_21)
FN:300,(anonymous_22)
FN:301,(anonymous_23)
FN:306,(anonymous_24)
FN:307,(anonymous_25)
FN:317,(anonymous_26)
FN:321,(anonymous_27)
FN:386,(anonymous_28)
FN:405,(anonymous_29)
FN:419,(anonymous_30)
FN:447,(anonymous_31)
FN:457,(anonymous_32)
FN:462,(anonymous_33)
FN:495,(anonymous_34)
FN:535,(anonymous_35)
FN:550,(anonymous_36)
FN:568,(anonymous_37)
FN:598,(anonymous_38)
FN:613,(anonymous_39)
FN:638,(anonymous_40)
FN:690,(anonymous_41)
FN:697,(anonymous_42)
FN:728,(anonymous_43)
FNF:35
FNH:0
FNDA:0,(anonymous_9)
FNDA:0,(anonymous_10)
FNDA:0,(anonymous_11)
FNDA:0,(anonymous_12)
FNDA:0,(anonymous_13)
FNDA:0,(anonymous_14)
FNDA:0,(anonymous_15)
FNDA:0,(anonymous_16)
FNDA:0,(anonymous_17)
FNDA:0,(anonymous_18)
FNDA:0,(anonymous_19)
FNDA:0,(anonymous_20)
FNDA:0,(anonymous_21)
FNDA:0,(anonymous_22)
FNDA:0,(anonymous_23)
FNDA:0,(anonymous_24)
FNDA:0,(anonymous_25)
FNDA:0,(anonymous_26)
FNDA:0,(anonymous_27)
FNDA:0,(anonymous_28)
FNDA:0,(anonymous_29)
FNDA:0,(anonymous_30)
FNDA:0,(anonymous_31)
FNDA:0,(anonymous_32)
FNDA:0,(anonymous_33)
FNDA:0,(anonymous_34)
FNDA:0,(anonymous_35)
FNDA:0,(anonymous_36)
FNDA:0,(anonymous_37)
FNDA:0,(anonymous_38)
FNDA:0,(anonymous_39)
FNDA:0,(anonymous_40)
FNDA:0,(anonymous_41)
FNDA:0,(anonymous_42)
FNDA:0,(anonymous_43)
DA:10,0
DA:11,0
DA:12,0
DA:16,0
DA:18,0
DA:26,0
DA:27,0
DA:28,0
DA:33,0
DA:36,0
DA:37,0
DA:38,0
DA:41,0
DA:42,0
DA:43,0
DA:44,0
DA:45,0
DA:49,0
DA:50,0
DA:51,0
DA:52,0
DA:56,0
DA:57,0
DA:60,0
DA:61,0
DA:62,0
DA:65,0
DA:66,0
DA:69,0
DA:72,0
DA:73,0
DA:75,0
DA:76,0
DA:77,0
DA:78,0
DA:80,0
DA:87,0
DA:90,0
DA:100,0
DA:101,0
DA:102,0
DA:103,0
DA:109,0
DA:110,0
DA:112,0
DA:113,0
DA:114,0
DA:115,0
DA:116,0
DA:117,0
DA:118,0
DA:119,0
DA:121,0
DA:122,0
DA:123,0
DA:127,0
DA:128,0
DA:130,0
DA:134,0
DA:135,0
DA:139,0
DA:146,0
DA:154,0
DA:155,0
DA:156,0
DA:162,0
DA:164,0
DA:170,0
DA:178,0
DA:182,0
DA:186,0
DA:190,0
DA:194,0
DA:195,0
DA:198,0
DA:199,0
DA:201,0
DA:202,0
DA:203,0
DA:204,0
DA:208,0
DA:209,0
DA:214,0
DA:220,0
DA:224,0
DA:225,0
DA:226,0
DA:230,0
DA:231,0
DA:232,0
DA:235,0
DA:236,0
DA:237,0
DA:238,0
DA:239,0
DA:244,0
DA:245,0
DA:246,0
DA:249,0
DA:251,0
DA:252,0
DA:256,0
DA:258,0
DA:260,0
DA:267,0
DA:268,0
DA:269,0
DA:270,0
DA:274,0
DA:280,0
DA:281,0
DA:286,0
DA:287,0
DA:288,0
DA:289,0
DA:291,0
DA:292,0
DA:293,0
DA:295,0
DA:301,0
DA:302,0
DA:307,0
DA:308,0
DA:309,0
DA:312,0
DA:318,0
DA:320,0
[...]
DA:31,0
DA:32,0
DA:39,0
DA:46,0
DA:47,0
DA:54,0
DA:57,0
DA:58,0
DA:63,0
DA:67,0
DA:68,0
DA:69,0
DA:70,0
DA:79,0
DA:80,0
DA:81,0
DA:82,0
DA:87,0
DA:88,0
DA:89,0
DA:92,0
DA:93,0
DA:97,0
DA:98,0
DA:102,0
DA:103,0
DA:106,0
DA:109,0
DA:117,0
DA:118,0
DA:119,0
DA:120,0
DA:121,0
DA:122,0
DA:123,0
DA:124,0
DA:125,0
DA:126,0
DA:130,0
DA:137,0
DA:144,0
DA:145,0
DA:152,0
DA:159,0
DA:166,0
DA:169,0
DA:170,0
DA:178,0
DA:179,0
DA:180,0
DA:181,0
DA:189,0
DA:196,0
DA:206,0
DA:209,0
DA:210,0
DA:215,0
DA:216,0
DA:217,0
DA:221,0
DA:222,0
DA:225,0
DA:226,0
DA:228,0
DA:229,0
DA:234,0
DA:235,0
DA:243,0
DA:256,0
DA:257,0
DA:259,0
DA:263,0
LF:77
LH:0
BRDA:47,0,0,0
BRDA:47,0,1,0
BRDA:57,1,0,0
BRDA:67,2,0,0
BRDA:67,2,1,0
BRDA:69,3,0,0
BRDA:79,4,0,0
BRDA:81,5,0,0
BRDA:87,6,0,0
BRDA:92,7,0,0
BRDA:97,8,0,0
BRDA:97,9,0,0
BRDA:97,9,1,0
BRDA:102,10,0,0
BRDA:102,11,0,0
BRDA:102,11,1,0
BRDA:117,12,0,0
BRDA:117,12,1,0
BRDA:119,13,0,0
BRDA:119,13,1,0
BRDA:121,14,0,0
BRDA:121,14,1,0
BRDA:123,15,0,0
BRDA:123,15,1,0
BRDA:125,16,0,0
BRDA:137,17,0,0
BRDA:137,17,1,0
BRDA:145,18,0,0
BRDA:145,18,1,0
BRDA:169,19,0,0
BRDA:178,20,0,0
BRDA:178,20,1,0
BRDA:180,21,0,0
BRDA:209,22,0,0
BRDA:209,23,0,0
BRDA:209,23,1,0
BRDA:215,24,0,0
BRDA:228,25,0,0
BRDA:228,25,1,0
BRDA:234,26,0,0
BRDA:259,27,0,0
BRDA:259,27,1,0
BRF:42
BRH:0
end_of_record
TN:
SF:src/tasks/priority.ts
FN:8,priorityToNumeric
FN:20,numericToPriority
FNF:2
FNH:0
FNDA:0,priorityToNumeric
FNDA:0,numericToPriority
DA:8,0
DA:9,0
DA:10,0
DA:11,0
DA:12,0
DA:13,0
DA:20,0
DA:21,0
DA:22,0
DA:23,0
DA:24,0
LF:11
LH:0
BRDA:9,0,0,0
BRDA:9,0,1,0
BRDA:9,0,2,0
BRDA:9,0,3,0
BRDA:21,1,0,0
BRDA:22,2,0,0
BRDA:23,3,0,0
BRF:7
BRH:0
end_of_record
TN:
SF:src/templates/ConductorTemplate.ts
FN:8,(anonymous_9)
FN:12,(anonymous_10)
FN:232,(anonymous_11)
FN:462,(anonymous_12)
FN:466,(anonymous_13)
FN:478,(anonymous_14)
FN:482,(anonymous_15)
FN:493,(anonymous_16)
FN:497,(anonymous_17)
FN:512,(anonymous_18)
FN:516,(anonymous_19)
FNF:11
FNH:0
FNDA:0,(anonymous_9)
FNDA:0,(anonymous_10)
FNDA:0,(anonymous_11)
FNDA:0,(anonymous_12)
FNDA:0,(anonymous_13)
FNDA:0,(anonymous_14)
FNDA:0,(anonymous_15)
FNDA:0,(anonymous_16)
FNDA:0,(anonymous_17)
FNDA:0,(anonymous_18)
FNDA:0,(anonymous_19)
DA:1,0
DA:5,0
DA:9,0
DA:13,0
DA:16,0
DA:19,0
DA:21,0
DA:234,0
DA:237,0
DA:240,0
DA:242,0
DA:463,0
DA:464,0
DA:466,0
DA:479,0
DA:480,0
DA:482,0
DA:494,0
DA:495,0
DA:497,0
DA:513,0
DA:514,0
DA:516,0
LF:23
LH:0
BRDA:463,0,0,0
BRDA:471,1,0,0
BRDA:471,1,1,0
BRDA:479,2,0,0
BRDA:494,3,0,0
BRDA:504,4,0,0
BRDA:504,4,1,0
BRDA:513,5,0,0
BRDA:521,6,0,0
BRDA:521,6,1,0
BRF:10
BRH:0
end_of_record
TN:
SF:src/types/ui.ts
FN:15,createPickItem
FN:31,getPickValue
FN:186,toAgentDTO
FN:199,toTaskDTO
FN:252,normalizeTaskStatus
FN:283,normalizeAgentStatus
FN:310,computeDependencyStatus
FN:320,(anonymous_7)
FN:334,formatBlockingReason
FN:363,formatPriority
FN:372,getPriorityColor
FN:384,getStatusIcon
FN:401,computeSoftDependencyStatus
FN:406,(anonymous_13)
FN:429,formatSoftDependencyHint
FN:440,(anonymous_15)
FN:441,(anonymous_16)
FNF:17
FNH:0
FNDA:0,createPickItem
FNDA:0,getPickValue
FNDA:0,toAgentDTO
FNDA:0,toTaskDTO
FNDA:0,normalizeTaskStatus
FNDA:0,normalizeAgentStatus
FNDA:0,computeDependencyStatus
FNDA:0,(anonymous_7)
FNDA:0,formatBlockingReason
FNDA:0,formatPriority
FNDA:0,getPriorityColor
FNDA:0,getStatusIcon
FNDA:0,computeSoftDependencyStatus
FNDA:0,(anonymous_13)
FNDA:0,formatSoftDependencyHint
FNDA:0,(anonymous_15)
FNDA:0,(anonymous_16)
DA:3,0
DA:15,0
DA:21,0
DA:31,0
DA:32,0
DA:186,0
DA:187,0
DA:199,0
DA:202,0
DA:203,0
DA:206,0
DA:207,0
DA:208,0
DA:209,0
DA:211,0
DA:216,0
DA:219,0
DA:220,0
DA:222,0
DA:252,0
DA:253,0
DA:256,0
DA:259,0
DA:264,0
DA:268,0
DA:273,0
DA:275,0
DA:283,0
DA:284,0
DA:288,0
DA:293,0
DA:297,0
DA:301,0
DA:303,0
DA:310,0
DA:311,0
DA:312,0
DA:315,0
DA:316,0
DA:317,0
DA:320,0
DA:321,0
DA:322,0
DA:323,0
DA:324,0
DA:328,0
DA:334,0
DA:335,0
DA:336,0
DA:339,0
DA:341,0
DA:342,0
DA:345,0
DA:346,0
DA:349,0
DA:350,0
DA:353,0
DA:354,0
DA:357,0
DA:363,0
DA:364,0
DA:365,0
DA:366,0
DA:372,0
DA:373,0
DA:374,0
DA:375,0
DA:376,0
DA:377,0
DA:384,0
DA:385,0
DA:386,0
DA:387,0
DA:388,0
DA:389,0
DA:390,0
DA:391,0
DA:392,0
DA:393,0
DA:394,0
DA:401,0
DA:402,0
DA:403,0
DA:406,0
DA:407,0
DA:408,0
DA:410,0
DA:411,0
DA:412,0
DA:413,0
DA:417,0
DA:418,0
DA:419,0
DA:420,0
DA:423,0
DA:429,0
DA:430,0
DA:431,0
DA:434,0
DA:436,0
DA:438,0
DA:440,0
DA:441,0
DA:442,0
DA:443,0
DA:445,0
DA:448,0
LF:107
LH:0
BRDA:192,0,0,0
BRDA:192,0,1,0
BRDA:202,1,0,0
BRDA:202,1,1,0
BRDA:206,2,0,0
BRDA:206,2,1,0
BRDA:208,3,0,0
BRDA:208,3,1,0
BRDA:208,4,0,0
BRDA:208,4,1,0
BRDA:216,5,0,0
BRDA:216,5,1,0
BRDA:219,6,0,0
BRDA:219,6,1,0
BRDA:220,7,0,0
BRDA:220,7,1,0
BRDA:227,8,0,0
BRDA:227,8,1,0
BRDA:233,9,0,0
BRDA:233,9,1,0
BRDA:234,10,0,0
BRDA:234,10,1,0
BRDA:235,11,0,0
BRDA:235,11,1,0
BRDA:236,12,0,0
BRDA:236,12,1,0
BRDA:237,13,0,0
BRDA:237,13,1,0
BRDA:238,14,0,0
BRDA:238,14,1,0
BRDA:253,15,0,0
BRDA:253,15,1,0
BRDA:253,15,2,0
BRDA:253,15,3,0
BRDA:253,15,4,0
BRDA:253,15,5,0
BRDA:253,15,6,0
BRDA:253,15,7,0
BRDA:253,15,8,0
BRDA:253,15,9,0
BRDA:253,15,10,0
BRDA:253,15,11,0
BRDA:253,15,12,0
BRDA:253,15,13,0
BRDA:253,15,14,0
BRDA:253,15,15,0
BRDA:284,16,0,0
BRDA:284,16,1,0
BRDA:284,16,2,0
BRDA:284,16,3,0
BRDA:284,16,4,0
BRDA:284,16,5,0
BRDA:284,16,6,0
BRDA:284,16,7,0
BRDA:284,16,8,0
BRDA:284,16,9,0
BRDA:284,16,10,0
BRDA:284,16,11,0
BRDA:284,16,12,0
BRDA:284,16,13,0
BRDA:311,17,0,0
BRDA:315,18,0,0
BRDA:315,18,1,0
BRDA:316,19,0,0
BRDA:323,20,0,0
BRDA:323,21,0,0
BRDA:323,21,1,0
BRDA:335,22,0,0
BRDA:341,23,0,0
BRDA:341,24,0,0
BRDA:341,24,1,0
BRDA:345,25,0,0
BRDA:345,26,0,0
BRDA:345,26,1,0
BRDA:349,27,0,0
BRDA:349,28,0,0
BRDA:349,28,1,0
BRDA:353,29,0,0
BRDA:353,30,0,0
BRDA:353,30,1,0
BRDA:357,31,0,0
BRDA:357,31,1,0
BRDA:364,32,0,0
BRDA:365,33,0,0
BRDA:373,34,0,0
BRDA:373,34,1,0
BRDA:373,34,2,0
BRDA:373,34,3,0
BRDA:385,35,0,0
BRDA:385,35,1,0
BRDA:385,35,2,0
BRDA:385,35,3,0
BRDA:385,35,4,0
BRDA:385,35,5,0
BRDA:385,35,6,0
BRDA:385,35,7,0
BRDA:385,35,8,0
BRDA:402,36,0,0
BRDA:402,37,0,0
BRDA:402,37,1,0
BRDA:412,38,0,0
BRDA:412,39,0,0
BRDA:412,39,1,0
BRDA:417,40,0,0
BRDA:417,40,1,0
BRDA:419,41,0,0
BRDA:430,42,0,0
BRDA:430,43,0,0
BRDA:430,43,1,0
BRDA:436,44,0,0
BRDA:436,44,1,0
BRDA:436,44,2,0
BRDA:436,44,3,0
BRDA:443,45,0,0
BRDA:443,45,1,0
BRF:115
BRH:0
end_of_record
TN:
SF:src/ui/WebviewHost.ts
FN:11,(anonymous_0)
FN:22,(anonymous_1)
FN:26,(anonymous_2)
FN:40,(anonymous_3)
FN:52,(anonymous_4)
FN:54,(anonymous_5)
FN:71,(anonymous_6)
FN:76,(anonymous_7)
FN:80,(anonymous_8)
FN:84,(anonymous_9)
FN:88,(anonymous_10)
FN:93,(anonymous_11)
FN:97,(anonymous_12)
FN:101,(anonymous_13)
FN:107,(anonymous_14)
FN:113,(anonymous_15)
FN:117,(anonymous_16)
FN:121,(anonymous_17)
FN:125,(anonymous_18)
FN:129,(anonymous_19)
FN:138,(anonymous_20)
FNF:21
FNH:0
FNDA:0,(anonymous_0)
FNDA:0,(anonymous_1)
FNDA:0,(anonymous_2)
FNDA:0,(anonymous_3)
FNDA:0,(anonymous_4)
FNDA:0,(anonymous_5)
FNDA:0,(anonymous_6)
FNDA:0,(anonymous_7)
FNDA:0,(anonymous_8)
FNDA:0,(anonymous_9)
FNDA:0,(anonymous_10)
FNDA:0,(anonymous_11)
FNDA:0,(anonymous_12)
FNDA:0,(anonymous_13)
FNDA:0,(anonymous_14)
FNDA:0,(anonymous_15)
FNDA:0,(anonymous_16)
FNDA:0,(anonymous_17)
FNDA:0,(anonymous_18)
FNDA:0,(anonymous_19)
FNDA:0,(anonymous_20)
DA:2,0
DA:5,0
DA:8,0
DA:12,0
DA:13,0
DA:14,0
DA:16,0
DA:23,0
DA:27,0
DA:28,0
DA:29,0
DA:33,0
DA:35,0
DA:36,0
DA:41,0
DA:42,0
DA:43,0
DA:47,0
DA:48,0
DA:53,0
DA:55,0
DA:56,0
DA:59,0
DA:61,0
DA:66,0
DA:67,0
DA:72,0
DA:73,0
DA:77,0
DA:81,0
DA:85,0
DA:89,0
DA:90,0
DA:94,0
DA:98,0
DA:102,0
DA:103,0
DA:104,0
DA:108,0
DA:109,0
DA:110,0
DA:114,0
DA:118,0
DA:122,0
DA:126,0
DA:129,0
DA:130,0
DA:133,0
DA:138,0
DA:139,0
LF:50
LH:0
BRF:0
BRH:0
end_of_record
TN:
SF:src/viewModels/ConductorViewModel.ts
FN:20,(anonymous_0)
FN:36,(anonymous_1)
FN:41,(anonymous_2)
FN:47,(anonymous_3)
FN:51,(anonymous_4)
FN:83,(anonymous_5)
FN:95,(anonymous_6)
FN:107,(anonymous_7)
FN:118,(anonymous_8)
FN:135,(anonymous_9)
FN:146,(anonymous_10)
FN:157,(anonymous_11)
FN:164,(anonymous_12)
FN:173,(anonymous_13)
FN:177,(anonymous_14)
FN:186,(anonymous_15)
FN:190,(anonymous_16)
FNF:17
FNH:0
FNDA:0,(anonymous_0)
FNDA:0,(anonymous_1)
FNDA:0,(anonymous_2)
FNDA:0,(anonymous_3)
FNDA:0,(anonymous_4)
FNDA:0,(anonymous_5)
FNDA:0,(anonymous_6)
FNDA:0,(anonymous_7)
FNDA:0,(anonymous_8)
FNDA:0,(anonymous_9)
FNDA:0,(anonymous_10)
FNDA:0,(anonymous_11)
FNDA:0,(anonymous_12)
FNDA:0,(anonymous_13)
FNDA:0,(anonymous_14)
FNDA:0,(anonymous_15)
FNDA:0,(anonymous_16)
DA:4,0
DA:6,0
DA:14,0
DA:17,0
DA:18,0
DA:27,0
DA:28,0
DA:29,0
DA:30,0
DA:31,0
DA:33,0
DA:37,0
DA:40,0
DA:42,0
DA:48,0
DA:52,0
DA:53,0
DA:55,0
DA:57,0
DA:58,0
DA:60,0
DA:61,0
DA:63,0
DA:64,0
DA:66,0
DA:67,0
DA:69,0
DA:70,0
DA:72,0
DA:73,0
DA:75,0
DA:78,0
DA:79,0
DA:84,0
DA:85,0
DA:87,0
DA:88,0
DA:90,0
DA:91,0
DA:96,0
DA:97,0
DA:99,0
DA:100,0
DA:102,0
DA:103,0
DA:108,0
DA:109,0
DA:110,0
DA:111,0
DA:113,0
DA:114,0
DA:119,0
DA:120,0
DA:121,0
DA:124,0
DA:125,0
DA:127,0
DA:128,0
DA:130,0
DA:131,0
DA:136,0
DA:137,0
DA:138,0
DA:139,0
DA:141,0
DA:142,0
DA:147,0
DA:148,0
DA:150,0
DA:152,0
DA:153,0
DA:158,0
DA:161,0
DA:163,0
DA:165,0
DA:166,0
DA:167,0
DA:174,0
DA:177,0
DA:178,0
DA:179,0
DA:181,0
DA:187,0
DA:190,0
DA:191,0
DA:194,0
LF:86
LH:0
BRDA:55,0,0,0
BRDA:55,0,1,0
BRDA:55,0,2,0
BRDA:55,0,3,0
BRDA:55,0,4,0
BRDA:55,0,5,0
BRDA:55,0,6,0
BRDA:57,1,0,0
BRDA:57,1,1,0
BRDA:60,2,0,0
BRDA:60,2,1,0
BRDA:69,3,0,0
BRDA:69,3,1,0
BRDA:119,4,0,0
BRDA:166,5,0,0
BRF:15
BRH:0
end_of_record
TN:
SF:src/views/AgentTemplateBrowser.ts
FN:5,(anonymous_9)
FN:10,(anonymous_10)
FN:13,(anonymous_11)
FN:62,(anonymous_12)
FN:117,(anonymous_13)
FN:135,(anonymous_14)
FN:142,(anonymous_15)
FN:156,(anonymous_16)
FN:165,(anonymous_17)
FN:172,(anonymous_18)
FN:177,(anonymous_19)
FN:180,(anonymous_20)
FN:183,(anonymous_21)
FN:186,(anonymous_22)
FN:189,(anonymous_23)
FNF:15
FNH:0
FNDA:0,(anonymous_9)
FNDA:0,(anonymous_10)
FNDA:0,(anonymous_11)
FNDA:0,(anonymous_12)
FNDA:0,(anonymous_13)
FNDA:0,(anonymous_14)
FNDA:0,(anonymous_15)
FNDA:0,(anonymous_16)
FNDA:0,(anonymous_17)
FNDA:0,(anonymous_18)
FNDA:0,(anonymous_19)
FNDA:0,(anonymous_20)
FNDA:0,(anonymous_21)
FNDA:0,(anonymous_22)
FNDA:0,(anonymous_23)
DA:1,0
DA:4,0
DA:6,0
DA:7,0
DA:11,0
DA:13,0
DA:21,0
DA:42,0
DA:49,0
DA:51,0
DA:52,0
DA:53,0
DA:54,0
DA:55,0
DA:56,0
DA:57,0
DA:58,0
DA:63,0
DA:91,0
DA:96,0
DA:98,0
DA:100,0
DA:101,0
DA:103,0
DA:104,0
DA:106,0
DA:107,0
DA:109,0
DA:110,0
DA:112,0
DA:113,0
DA:118,0
DA:124,0
DA:126,0
DA:132,0
DA:136,0
DA:137,0
DA:143,0
DA:149,0
DA:151,0
DA:152,0
DA:153,0
DA:157,0
DA:158,0
DA:159,0
DA:166,0
DA:172,0
DA:177,0
DA:180,0
DA:183,0
DA:186,0
DA:189,0
DA:216,0
DA:221,0
LF:54
LH:0
BRDA:49,0,0,0
BRDA:51,1,0,0
BRDA:51,1,1,0
BRDA:53,2,0,0
BRDA:53,2,1,0
BRDA:55,3,0,0
BRDA:55,3,1,0
BRDA:57,4,0,0
BRDA:96,5,0,0
BRDA:98,6,0,0
BRDA:98,6,1,0
BRDA:98,6,2,0
BRDA:98,6,3,0
BRDA:98,6,4,0
BRDA:124,7,0,0
BRDA:136,8,0,0
BRDA:149,9,0,0
BRDA:152,10,0,0
BRDA:157,11,0,0
BRDA:202,12,0,0
BRDA:202,12,1,0
BRDA:206,13,0,0
BRDA:206,13,1,0
BRDA:213,14,0,0
BRDA:213,14,1,0
BRDA:214,15,0,0
BRDA:214,15,1,0
BRF:27
BRH:0
end_of_record
TN:
SF:src/views/AgentTreeProvider.ts
FN:10,(anonymous_9)
FN:16,(anonymous_10)
FN:23,(anonymous_11)
FN:29,(anonymous_12)
FN:33,(anonymous_13)
FN:42,(anonymous_14)
FN:48,(anonymous_15)
FN:62,(anonymous_16)
FN:63,(anonymous_17)
FN:66,(anonymous_18)
FN:70,(anonymous_19)
FN:82,(anonymous_20)
FN:101,(anonymous_21)
FN:105,(anonymous_22)
FN:109,(anonymous_23)
FN:128,(anonymous_24)
FN:137,(anonymous_25)
FN:154,(anonymous_26)
FN:163,(anonymous_27)
FN:195,(anonymous_28)
FNF:20
FNH:0
FNDA:0,(anonymous_9)
FNDA:0,(anonymous_10)
FNDA:0,(anonymous_11)
FNDA:0,(anonymous_12)
FNDA:0,(anonymous_13)
FNDA:0,(anonymous_14)
FNDA:0,(anonymous_15)
FNDA:0,(anonymous_16)
FNDA:0,(anonymous_17)
FNDA:0,(anonymous_18)
FNDA:0,(anonymous_19)
FNDA:0,(anonymous_20)
FNDA:0,(anonymous_21)
FNDA:0,(anonymous_22)
FNDA:0,(anonymous_23)
FNDA:0,(anonymous_24)
FNDA:0,(anonymous_25)
FNDA:0,(anonymous_26)
FNDA:0,(anonymous_27)
FNDA:0,(anonymous_28)
DA:1,0
DA:3,0
DA:5,0
DA:6,0
DA:7,0
DA:8,0
DA:11,0
DA:12,0
DA:15,0
DA:17,0
DA:22,0
DA:24,0
DA:30,0
DA:34,0
DA:36,0
DA:37,0
DA:41,0
DA:42,0
DA:45,0
DA:49,0
DA:52,0
DA:53,0
DA:54,0
DA:58,0
DA:59,0
DA:62,0
DA:63,0
DA:65,0
DA:66,0
DA:69,0
DA:70,0
DA:75,0
DA:76,0
DA:79,0
DA:84,0
DA:85,0
DA:86,0
DA:87,0
DA:88,0
DA:89,0
DA:90,0
DA:91,0
DA:92,0
DA:93,0
DA:94,0
DA:98,0
DA:102,0
DA:106,0
DA:111,0
DA:112,0
DA:113,0
DA:114,0
DA:119,0
DA:129,0
DA:130,0
DA:131,0
DA:137,0
DA:138,0
DA:139,0
DA:140,0
DA:141,0
DA:144,0
DA:155,0
DA:156,0
DA:157,0
DA:163,0
DA:164,0
DA:166,0
DA:169,0
DA:170,0
DA:175,0
DA:182,0
DA:185,0
DA:195,0
DA:196,0
DA:198,0
DA:199,0
DA:202,0
DA:208,0
LF:79
LH:0
BRDA:34,0,0,0
BRDA:41,1,0,0
BRDA:52,2,0,0
BRDA:52,3,0,0
BRDA:52,3,1,0
BRDA:58,4,0,0
BRDA:58,5,0,0
BRDA:58,5,1,0
BRDA:62,6,0,0
BRDA:62,6,1,0
BRDA:65,7,0,0
BRDA:69,8,0,0
BRDA:75,9,0,0
BRDA:84,10,0,0
BRDA:84,10,1,0
BRDA:87,11,0,0
BRDA:87,11,1,0
BRDA:89,12,0,0
BRDA:89,12,1,0
BRDA:91,13,0,0
BRDA:91,13,1,0
BRDA:93,14,0,0
BRDA:98,15,0,0
BRDA:98,15,1,0
BRDA:113,16,0,0
BRDA:137,17,0,0
BRDA:138,18,0,0
BRDA:138,18,1,0
BRDA:170,19,0,0
BRDA:170,19,1,0
BRDA:176,20,0,0
BRDA:176,20,1,0
BRDA:177,21,0,0
BRDA:177,21,1,0
BRDA:178,22,0,0
BRDA:178,22,1,0
BRDA:198,23,0,0
BRDA:198,23,1,0
BRDA:199,24,0,0
BRDA:199,24,1,0
BRDA:203,25,0,0
BRDA:203,25,1,0
BRDA:204,26,0,0
BRDA:204,26,1,0
BRDA:205,27,0,0
BRDA:205,27,1,0
BRF:46
BRH:0
end_of_record
TN:
SF:src/views/NofxDevTreeProvider.ts
FN:6,(anonymous_9)
FN:10,(anonymous_10)
FN:14,(anonymous_11)
FN:19,(anonymous_12)
FNF:4
FNH:0
FNDA:0,(anonymous_9)
FNDA:0,(anonymous_10)
FNDA:0,(anonymous_11)
FNDA:0,(anonymous_12)
DA:1,0
DA:6,0
DA:7,0
DA:8,0
DA:11,0
DA:16,0
DA:20,0
LF:7
LH:0
BRF:0
BRH:0
end_of_record
TN:
SF:src/views/NofxTerminalProvider.ts
FN:8,(anonymous_9)
FN:13,(anonymous_10)
FN:20,(anonymous_11)
FN:34,(anonymous_12)
FN:54,(anonymous_13)
FN:61,(anonymous_14)
FN:70,(anonymous_15)
FN:71,(anonymous_16)
FN:82,(anonymous_17)
FNF:9
FNH:0
FNDA:0,(anonymous_9)
FNDA:0,(anonymous_10)
FNDA:0,(anonymous_11)
FNDA:0,(anonymous_12)
FNDA:0,(anonymous_13)
FNDA:0,(anonymous_14)
FNDA:0,(anonymous_15)
FNDA:0,(anonymous_16)
FNDA:0,(anonymous_17)
DA:1,0
DA:4,0
DA:5,0
DA:9,0
DA:10,0
DA:13,0
DA:14,0
DA:15,0
DA:25,0
DA:27,0
DA:32,0
DA:34,0
DA:35,0
DA:37,0
DA:38,0
DA:40,0
DA:41,0
DA:43,0
DA:44,0
DA:46,0
DA:47,0
DA:51,0
DA:55,0
DA:56,0
DA:57,0
DA:62,0
DA:63,0
DA:71,0
DA:83,0
LF:29
LH:0
BRDA:14,0,0,0
BRDA:35,1,0,0
BRDA:35,1,1,0
BRDA:35,1,2,0
BRDA:35,1,3,0
BRDA:56,2,0,0
BRDA:62,3,0,0
BRDA:76,4,0,0
BRDA:76,4,1,0
BRDA:77,5,0,0
BRDA:77,5,1,0
BRDA:78,6,0,0
BRDA:78,6,1,0
BRF:13
BRH:0
end_of_record
TN:
SF:src/views/TaskTreeProvider.ts
FN:11,(anonymous_9)
FN:17,(anonymous_10)
FN:23,(anonymous_11)
FN:27,(anonymous_12)
FN:41,(anonymous_13)
FN:128,(anonymous_14)
FN:130,(anonymous_15)
FN:140,(anonymous_16)
FN:200,(anonymous_17)
FN:209,(anonymous_18)
FN:214,(anonymous_19)
FN:221,(anonymous_20)
FN:224,(anonymous_21)
FN:225,(anonymous_22)
FN:231,(anonymous_23)
FN:251,(anonymous_24)
FN:270,(anonymous_25)
FN:294,(anonymous_26)
FN:323,(anonymous_27)
FN:365,(anonymous_28)
FNF:20
FNH:0
FNDA:0,(anonymous_9)
FNDA:0,(anonymous_10)
FNDA:0,(anonymous_11)
FNDA:0,(anonymous_12)
FNDA:0,(anonymous_13)
FNDA:0,(anonymous_14)
FNDA:0,(anonymous_15)
FNDA:0,(anonymous_16)
FNDA:0,(anonymous_17)
FNDA:0,(anonymous_18)
FNDA:0,(anonymous_19)
FNDA:0,(anonymous_20)
FNDA:0,(anonymous_21)
FNDA:0,(anonymous_22)
FNDA:0,(anonymous_23)
FNDA:0,(anonymous_24)
FNDA:0,(anonymous_25)
FNDA:0,(anonymous_26)
FNDA:0,(anonymous_27)
FNDA:0,(anonymous_28)
DA:1,0
DA:2,0
DA:3,0
DA:5,0
DA:6,0
DA:7,0
DA:8,0
DA:11,0
DA:12,0
DA:13,0
DA:16,0
DA:18,0
DA:24,0
DA:28,0
DA:30,0
DA:31,0
DA:33,0
DA:34,0
DA:36,0
DA:38,0
DA:42,0
DA:43,0
DA:46,0
DA:47,0
DA:56,0
DA:57,0
DA:66,0
DA:67,0
DA:76,0
DA:77,0
DA:86,0
DA:87,0
DA:96,0
DA:97,0
DA:106,0
DA:107,0
DA:116,0
DA:117,0
DA:125,0
DA:129,0
DA:130,0
DA:141,0
DA:144,0
DA:145,0
DA:153,0
DA:154,0
DA:162,0
DA:163,0
DA:171,0
DA:172,0
DA:180,0
DA:181,0
DA:189,0
DA:190,0
DA:197,0
DA:201,0
DA:210,0
DA:216,0
DA:218,0
DA:223,0
DA:224,0
DA:225,0
DA:227,0
DA:228,0
DA:232,0
DA:233,0
DA:236,0
DA:237,0
DA:238,0
DA:242,0
DA:243,0
DA:244,0
DA:253,0
DA:254,0
DA:255,0
DA:256,0
DA:261,0
DA:277,0
DA:279,0
DA:280,0
DA:281,0
DA:283,0
DA:284,0
DA:285,0
DA:286,0
DA:287,0
DA:288,0
DA:289,0
DA:290,0
DA:295,0
DA:296,0
DA:299,0
DA:311,0
DA:314,0
DA:315,0
DA:316,0
DA:317,0
DA:319,0
DA:324,0
DA:325,0
DA:326,0
DA:328,0
DA:329,0
DA:332,0
DA:333,0
DA:336,0
DA:337,0
DA:340,0
DA:341,0
DA:344,0
DA:345,0
DA:348,0
DA:349,0
DA:352,0
DA:353,0
DA:356,0
DA:358,0
DA:359,0
DA:362,0
DA:366,0
DA:369,0
DA:372,0
DA:375,0
DA:376,0
DA:380,0
DA:381,0
DA:385,0
DA:386,0
DA:389,0
LF:129
LH:0
BRDA:12,0,0,0
BRDA:28,1,0,0
BRDA:28,1,1,0
BRDA:31,2,0,0
BRDA:31,2,1,0
BRDA:34,3,0,0
BRDA:46,4,0,0
BRDA:56,5,0,0
BRDA:66,6,0,0
BRDA:76,7,0,0
BRDA:86,8,0,0
BRDA:96,9,0,0
BRDA:106,10,0,0
BRDA:116,11,0,0
BRDA:134,12,0,0
BRDA:134,12,1,0
BRDA:144,13,0,0
BRDA:144,14,0,0
BRDA:144,14,1,0
BRDA:153,15,0,0
BRDA:153,16,0,0
BRDA:153,16,1,0
BRDA:162,17,0,0
BRDA:162,18,0,0
BRDA:162,18,1,0
BRDA:171,19,0,0
BRDA:180,20,0,0
BRDA:189,21,0,0
BRDA:201,22,0,0
BRDA:201,22,1,0
BRDA:201,22,2,0
BRDA:201,22,3,0
BRDA:201,22,4,0
BRDA:201,22,5,0
BRDA:224,23,0,0
BRDA:224,23,1,0
BRDA:227,24,0,0
BRDA:232,25,0,0
BRDA:232,26,0,0
BRDA:232,26,1,0
BRDA:232,26,2,0
BRDA:232,26,3,0
BRDA:237,27,0,0
BRDA:237,28,0,0
BRDA:237,28,1,0
BRDA:243,29,0,0
BRDA:255,30,0,0
BRDA:283,31,0,0
BRDA:283,31,1,0
BRDA:286,32,0,0
BRDA:286,32,1,0
BRDA:286,33,0,0
BRDA:286,33,1,0
BRDA:288,34,0,0
BRDA:300,35,0,0
BRDA:300,35,1,0
BRDA:301,36,0,0
BRDA:301,36,1,0
BRDA:302,37,0,0
BRDA:302,37,1,0
BRDA:303,38,0,0
BRDA:303,38,1,0
BRDA:304,39,0,0
BRDA:304,39,1,0
BRDA:305,40,0,0
BRDA:305,40,1,0
BRDA:306,41,0,0
BRDA:306,41,1,0
BRDA:314,42,0,0
BRDA:314,42,1,0
BRDA:316,43,0,0
BRDA:316,43,1,0
BRDA:328,44,0,0
BRDA:332,45,0,0
BRDA:332,46,0,0
BRDA:332,46,1,0
BRDA:336,47,0,0
BRDA:336,48,0,0
BRDA:336,48,1,0
BRDA:340,49,0,0
BRDA:340,50,0,0
BRDA:340,50,1,0
BRDA:344,51,0,0
BRDA:348,52,0,0
BRDA:352,53,0,0
BRDA:358,54,0,0
BRDA:375,55,0,0
BRDA:380,56,0,0
BRDA:380,57,0,0
BRDA:380,57,1,0
BRDA:385,58,0,0
BRDA:385,59,0,0
BRDA:385,59,1,0
BRF:93
BRH:0
end_of_record
TN:
SF:src/worktrees/WorktreeManager.ts
FN:15,(anonymous_9)
FN:31,(anonymous_10)
FN:94,(anonymous_11)
FN:134,(anonymous_12)
FN:161,(anonymous_13)
FN:201,(anonymous_14)
FN:208,(anonymous_15)
FN:231,(anonymous_16)
FN:273,(anonymous_17)
FN:279,(anonymous_18)
FNF:10
FNH:0
FNDA:0,(anonymous_9)
FNDA:0,(anonymous_10)
FNDA:0,(anonymous_11)
FNDA:0,(anonymous_12)
FNDA:0,(anonymous_13)
FNDA:0,(anonymous_14)
FNDA:0,(anonymous_15)
FNDA:0,(anonymous_16)
FNDA:0,(anonymous_17)
FNDA:0,(anonymous_18)
DA:2,0
DA:3,0
DA:4,0
DA:8,0
DA:9,0
DA:16,0
DA:17,0
DA:18,0
DA:20,0
DA:23,0
DA:24,0
DA:32,0
DA:34,0
DA:35,0
DA:39,0
DA:40,0
DA:43,0
DA:49,0
DA:51,0
DA:53,0
DA:59,0
DA:62,0
DA:63,0
DA:72,0
DA:73,0
DA:74,0
DA:75,0
DA:76,0
DA:79,0
DA:82,0
DA:84,0
DA:86,0
DA:87,0
DA:95,0
DA:96,0
DA:97,0
DA:98,0
DA:99,0
DA:103,0
DA:105,0
DA:107,0
DA:113,0
DA:115,0
DA:117,0
DA:119,0
DA:120,0
DA:121,0
DA:122,0
DA:123,0
DA:125,0
DA:135,0
DA:136,0
DA:141,0
DA:142,0
DA:144,0
DA:145,0
DA:146,0
DA:147,0
DA:151,0
DA:153,0
DA:154,0
DA:162,0
DA:164,0
DA:170,0
DA:172,0
DA:174,0
DA:175,0
DA:176,0
DA:179,0
DA:180,0
DA:182,0
DA:183,0
DA:188,0
DA:194,0
DA:202,0
DA:209,0
DA:211,0
DA:217,0
DA:222,0
DA:224,0
DA:232,0
DA:234,0
DA:236,0
DA:241,0
DA:242,0
DA:244,0
DA:245,0
DA:246,0
DA:247,0
DA:248,0
DA:250,0
DA:251,0
DA:252,0
DA:254,0
DA:255,0
DA:256,0
DA:257,0
DA:258,0
DA:266,0
DA:267,0
DA:270,0
DA:273,0
DA:280,0
DA:281,0
DA:282,0
DA:283,0
DA:287,0
DA:288,0
DA:291,0
DA:292,0
DA:293,0
DA:298,0
DA:302,0
DA:308,0
DA:313,0
DA:315,0
DA:319,0
DA:320,0
LF:118
LH:0
BRDA:23,0,0,0
BRDA:34,1,0,0
BRDA:49,2,0,0
BRDA:49,2,1,0
BRDA:73,3,0,0
BRDA:73,3,1,0
BRDA:75,4,0,0
BRDA:97,5,0,0
BRDA:120,6,0,0
BRDA:120,7,0,0
BRDA:120,7,1,0
BRDA:145,8,0,0
BRDA:175,9,0,0
BRDA:179,10,0,0
BRDA:245,11,0,0
BRDA:245,11,1,0
BRDA:247,12,0,0
BRDA:251,13,0,0
BRDA:251,14,0,0
BRDA:251,14,1,0
BRDA:256,15,0,0
BRDA:266,16,0,0
BRDA:266,17,0,0
BRDA:266,17,1,0
BRDA:282,18,0,0
BRF:25
BRH:0
end_of_record
