TN:
SF:src/services/InactivityMonitor.ts
FN:30,(anonymous_0)
FN:40,(anonymous_1)
FN:60,(anonymous_2)
FN:83,(anonymous_3)
FN:84,(anonymous_4)
FN:102,(anonymous_5)
FN:103,(anonymous_6)
FN:121,(anonymous_7)
FN:122,(anonymous_8)
FN:142,(anonymous_9)
FN:158,(anonymous_10)
FN:179,(anonymous_11)
FN:193,(anonymous_12)
FN:212,(anonymous_13)
FN:233,(anonymous_14)
FN:238,(anonymous_15)
FN:247,(anonymous_16)
FN:249,(anonymous_17)
FN:250,(anonymous_18)
FN:251,(anonymous_19)
FNF:20
FNH:20
FNDA:96,(anonymous_0)
FNDA:102,(anonymous_1)
FNDA:42,(anonymous_2)
FNDA:144,(anonymous_3)
FNDA:14,(anonymous_4)
FNDA:144,(anonymous_5)
FNDA:4,(anonymous_6)
FNDA:102,(anonymous_7)
FNDA:68,(anonymous_8)
FNDA:50,(anonymous_9)
FNDA:128,(anonymous_10)
FNDA:14,(anonymous_11)
FNDA:62,(anonymous_12)
FNDA:20,(anonymous_13)
FNDA:6,(anonymous_14)
FNDA:10,(anonymous_15)
FNDA:98,(anonymous_16)
FNDA:82,(anonymous_17)
FNDA:82,(anonymous_18)
FNDA:82,(anonymous_19)
DA:2,2
DA:17,2
DA:18,96
DA:19,96
DA:20,96
DA:21,96
DA:22,96
DA:24,96
DA:31,96
DA:32,96
DA:33,4
DA:42,102
DA:43,102
DA:46,102
DA:49,102
DA:52,102
DA:54,102
DA:61,42
DA:62,42
DA:65,42
DA:68,42
DA:69,42
DA:70,4
DA:74,42
DA:75,42
DA:77,42
DA:84,144
DA:85,14
DA:86,14
DA:87,14
DA:88,14
DA:96,144
DA:103,144
DA:104,4
DA:105,4
DA:106,4
DA:107,4
DA:115,144
DA:122,102
DA:123,68
DA:124,68
DA:125,68
DA:128,68
DA:129,0
DA:130,68
DA:131,28
DA:136,102
DA:143,50
DA:144,50
DA:145,48
DA:146,48
DA:159,128
DA:160,128
DA:161,4
DA:164,124
DA:165,124
DA:166,124
DA:168,124
DA:180,14
DA:181,14
DA:182,16
DA:183,16
DA:184,16
DA:187,14
DA:195,62
DA:196,62
DA:197,60
DA:198,60
DA:202,62
DA:203,62
DA:204,60
DA:205,60
DA:214,20
DA:217,20
DA:218,20
DA:219,18
DA:220,18
DA:224,20
DA:225,20
DA:227,20
DA:234,6
DA:237,6
DA:238,6
DA:239,10
DA:240,10
DA:249,98
DA:250,98
DA:251,98
DA:254,98
DA:255,98
DA:256,98
DA:257,98
DA:258,98
DA:261,98
LF:94
LH:93
BRDA:32,0,0,4
BRDA:69,1,0,4
BRDA:69,2,0,42
BRDA:69,2,1,38
BRDA:77,3,0,42
BRDA:77,3,1,40
BRDA:86,4,0,14
BRDA:86,5,0,14
BRDA:86,5,1,14
BRDA:105,6,0,4
BRDA:105,7,0,4
BRDA:105,7,1,4
BRDA:124,8,0,68
BRDA:128,9,0,0
BRDA:128,9,1,68
BRDA:130,10,0,28
BRDA:144,11,0,48
BRDA:160,12,0,4
BRDA:166,13,0,124
BRDA:166,13,1,0
BRDA:183,14,0,16
BRDA:196,15,0,60
BRDA:203,16,0,60
BRDA:218,17,0,18
BRF:24
BRH:22
end_of_record
TN:
SF:src/services/TerminalOutputMonitor.ts
FN:32,(anonymous_9)
FN:39,(anonymous_10)
FN:50,(anonymous_11)
FN:60,(anonymous_12)
FN:67,(anonymous_13)
FN:70,(anonymous_14)
FN:74,(anonymous_15)
FN:86,(anonymous_16)
FN:117,(anonymous_17)
FN:128,(anonymous_18)
FN:135,(anonymous_19)
FN:142,(anonymous_20)
FN:143,(anonymous_21)
FN:144,(anonymous_22)
FNF:14
FNH:11
FNDA:138,(anonymous_9)
FNDA:126,(anonymous_10)
FNDA:306,(anonymous_11)
FNDA:126,(anonymous_12)
FNDA:0,(anonymous_13)
FNDA:0,(anonymous_14)
FNDA:0,(anonymous_15)
FNDA:306,(anonymous_16)
FNDA:10,(anonymous_17)
FNDA:6,(anonymous_18)
FNDA:16,(anonymous_19)
FNDA:146,(anonymous_20)
FNDA:134,(anonymous_21)
FNDA:120,(anonymous_22)
DA:1,2
DA:2,2
DA:20,2
DA:21,138
DA:29,138
DA:30,138
DA:33,138
DA:43,126
DA:44,126
DA:47,126
DA:50,126
DA:51,306
DA:54,126
DA:65,126
DA:72,0
DA:76,0
DA:80,126
DA:87,306
DA:89,306
DA:90,322
DA:93,312
DA:94,1562
DA:95,316
DA:104,316
DA:105,316
DA:108,316
DA:118,10
DA:119,10
DA:120,6
DA:121,6
DA:129,6
DA:136,16
DA:143,146
DA:144,146
DA:145,146
DA:146,146
LF:36
LH:34
BRDA:90,0,0,10
BRDA:94,1,0,316
BRDA:119,2,0,6
BRF:3
BRH:3
end_of_record
